[0.043s] Invoking command in '/home/eeiww/ud90uhak/teleop_ws/src/build/teleop_description': CMAKE_PREFIX_PATH=${CMAKE_PREFIX_PATH}:/opt/ros/jazzy DEBUGINFOD_URLS=https://debuginfod.ubuntu.com /usr/bin/cmake --build /home/eeiww/ud90uhak/teleop_ws/src/build/teleop_description -- -j8 -l8
[0.310s] Invoked command in '/home/eeiww/ud90uhak/teleop_ws/src/build/teleop_description' returned '0': CMAKE_PREFIX_PATH=${CMAKE_PREFIX_PATH}:/opt/ros/jazzy DEBUGINFOD_URLS=https://debuginfod.ubuntu.com /usr/bin/cmake --build /home/eeiww/ud90uhak/teleop_ws/src/build/teleop_description -- -j8 -l8
[0.322s] Invoking command in '/home/eeiww/ud90uhak/teleop_ws/src/build/teleop_description': CMAKE_PREFIX_PATH=${CMAKE_PREFIX_PATH}:/opt/ros/jazzy DEBUGINFOD_URLS=https://debuginfod.ubuntu.com /usr/bin/cmake --install /home/eeiww/ud90uhak/teleop_ws/src/build/teleop_description
[0.331s] -- Install configuration: ""
[0.333s] -- Up-to-date: /home/eeiww/ud90uhak/teleop_ws/src/install/teleop_description/share/teleop_description/meshes
[0.335s] -- Up-to-date: /home/eeiww/ud90uhak/teleop_ws/src/install/teleop_description/share/teleop_description/meshes/link6.STL
[0.337s] -- Up-to-date: /home/eeiww/ud90uhak/teleop_ws/src/install/teleop_description/share/teleop_description/meshes/base_link.STL
[0.337s] -- Up-to-date: /home/eeiww/ud90uhak/teleop_ws/src/install/teleop_description/share/teleop_description/meshes/base.STL
[0.339s] -- Up-to-date: /home/eeiww/ud90uhak/teleop_ws/src/install/teleop_description/share/teleop_description/meshes/link5.STL
[0.340s] -- Up-to-date: /home/eeiww/ud90uhak/teleop_ws/src/install/teleop_description/share/teleop_description/meshes/link4.STL
[0.341s] -- Up-to-date: /home/eeiww/ud90uhak/teleop_ws/src/install/teleop_description/share/teleop_description/meshes/link3.STL
[0.342s] -- Up-to-date: /home/eeiww/ud90uhak/teleop_ws/src/install/teleop_description/share/teleop_description/meshes/gripper_base.STL
[0.344s] -- Up-to-date: /home/eeiww/ud90uhak/teleop_ws/src/install/teleop_description/share/teleop_description/meshes/link7.STL
[0.345s] -- Up-to-date: /home/eeiww/ud90uhak/teleop_ws/src/install/teleop_description/share/teleop_description/meshes/link8.STL
[0.346s] -- Up-to-date: /home/eeiww/ud90uhak/teleop_ws/src/install/teleop_description/share/teleop_description/meshes/link2.STL
[0.347s] -- Up-to-date: /home/eeiww/ud90uhak/teleop_ws/src/install/teleop_description/share/teleop_description/meshes/link1.STL
[0.348s] -- Up-to-date: /home/eeiww/ud90uhak/teleop_ws/src/install/teleop_description/share/teleop_description/urdf
[0.350s] -- Up-to-date: /home/eeiww/ud90uhak/teleop_ws/src/install/teleop_description/share/teleop_description/urdf/dual_robot.urdf.xacro
[0.351s] -- Up-to-date: /home/eeiww/ud90uhak/teleop_ws/src/install/teleop_description/share/teleop_description/urdf/teleop_description.xacro
[0.352s] -- Up-to-date: /home/eeiww/ud90uhak/teleop_ws/src/install/teleop_description/share/teleop_description/launch
[0.353s] -- Installing: /home/eeiww/ud90uhak/teleop_ws/src/install/teleop_description/share/teleop_description/launch/visualize.launch.py
[0.359s] -- Up-to-date: /home/eeiww/ud90uhak/teleop_ws/src/install/teleop_description/share/teleop_description/rviz
[0.361s] -- Up-to-date: /home/eeiww/ud90uhak/teleop_ws/src/install/teleop_description/share/teleop_description/rviz/teleop.rviz
[0.363s] -- Up-to-date: /home/eeiww/ud90uhak/teleop_ws/src/install/teleop_description/share/ament_index/resource_index/package_run_dependencies/teleop_description
[0.364s] -- Up-to-date: /home/eeiww/ud90uhak/teleop_ws/src/install/teleop_description/share/ament_index/resource_index/parent_prefix_path/teleop_description
[0.365s] -- Up-to-date: /home/eeiww/ud90uhak/teleop_ws/src/install/teleop_description/share/teleop_description/environment/ament_prefix_path.sh
[0.366s] -- Up-to-date: /home/eeiww/ud90uhak/teleop_ws/src/install/teleop_description/share/teleop_description/environment/ament_prefix_path.dsv
[0.367s] -- Up-to-date: /home/eeiww/ud90uhak/teleop_ws/src/install/teleop_description/share/teleop_description/environment/path.sh
[0.367s] -- Up-to-date: /home/eeiww/ud90uhak/teleop_ws/src/install/teleop_description/share/teleop_description/environment/path.dsv
[0.368s] -- Up-to-date: /home/eeiww/ud90uhak/teleop_ws/src/install/teleop_description/share/teleop_description/local_setup.bash
[0.369s] -- Up-to-date: /home/eeiww/ud90uhak/teleop_ws/src/install/teleop_description/share/teleop_description/local_setup.sh
[0.369s] -- Up-to-date: /home/eeiww/ud90uhak/teleop_ws/src/install/teleop_description/share/teleop_description/local_setup.zsh
[0.370s] -- Up-to-date: /home/eeiww/ud90uhak/teleop_ws/src/install/teleop_description/share/teleop_description/local_setup.dsv
[0.371s] -- Installing: /home/eeiww/ud90uhak/teleop_ws/src/install/teleop_description/share/teleop_description/package.dsv
[0.377s] -- Up-to-date: /home/eeiww/ud90uhak/teleop_ws/src/install/teleop_description/share/ament_index/resource_index/packages/teleop_description
[0.378s] -- Up-to-date: /home/eeiww/ud90uhak/teleop_ws/src/install/teleop_description/share/teleop_description/cmake/teleop_descriptionConfig.cmake
[0.379s] -- Up-to-date: /home/eeiww/ud90uhak/teleop_ws/src/install/teleop_description/share/teleop_description/cmake/teleop_descriptionConfig-version.cmake
[0.381s] -- Up-to-date: /home/eeiww/ud90uhak/teleop_ws/src/install/teleop_description/share/teleop_description/package.xml
[0.384s] Invoked command in '/home/eeiww/ud90uhak/teleop_ws/src/build/teleop_description' returned '0': CMAKE_PREFIX_PATH=${CMAKE_PREFIX_PATH}:/opt/ros/jazzy DEBUGINFOD_URLS=https://debuginfod.ubuntu.com /usr/bin/cmake --install /home/eeiww/ud90uhak/teleop_ws/src/build/teleop_description
