[0.074s] Invoking command in '/home/eeiww/ud90uhak/teleop_ws/src/build/teleop_description': CMAKE_PREFIX_PATH=${CMAKE_PREFIX_PATH}:/opt/ros/jazzy DEBUGINFOD_URLS=https://debuginfod.ubuntu.com /usr/bin/cmake /home/eeiww/ud90uhak/teleop_ws/src/teleop_description -DCMAKE_INSTALL_PREFIX=/home/eeiww/ud90uhak/teleop_ws/src/install/teleop_description
[0.171s] -- The C compiler identification is GNU 13.3.0
[0.254s] -- The CXX compiler identification is GNU 13.3.0
[0.276s] -- Detecting C compiler ABI info
[0.490s] -- Detecting C compiler ABI info - done
[0.502s] -- Check for working C compiler: /usr/bin/cc - skipped
[0.502s] -- Detecting C compile features
[0.503s] -- Detecting C compile features - done
[0.520s] -- Detecting CXX compiler ABI info
[0.738s] -- Detecting CXX compiler ABI info - done
[0.750s] -- Check for working CXX compiler: /usr/bin/c++ - skipped
[0.750s] -- Detecting CXX compile features
[0.750s] -- Detecting CXX compile features - done
[0.771s] -- Found ament_cmake: 2.5.5 (/opt/ros/jazzy/share/ament_cmake/cmake)
[0.910s] -- Found Python3: /usr/bin/python3 (found version "3.12.3") found components: Interpreter 
[1.108s] -- Found ament_lint_auto: 0.17.4 (/opt/ros/jazzy/share/ament_lint_auto/cmake)
[1.333s] -- Added test 'flake8' to check Python code syntax and style conventions
[1.333s] -- Configured 'flake8' exclude dirs and/or files: 
[1.343s] -- Added test 'lint_cmake' to check CMake code style
[1.350s] -- Added test 'pep257' to check Python code against some of the docstring style conventions in PEP 257
[1.386s] -- Added test 'xmllint' to check XML markup files
[1.416s] -- Configuring done (1.3s)
[1.524s] -- Generating done (0.1s)
[1.572s] -- Build files have been written to: /home/eeiww/ud90uhak/teleop_ws/src/build/teleop_description
[1.576s] Invoked command in '/home/eeiww/ud90uhak/teleop_ws/src/build/teleop_description' returned '0': CMAKE_PREFIX_PATH=${CMAKE_PREFIX_PATH}:/opt/ros/jazzy DEBUGINFOD_URLS=https://debuginfod.ubuntu.com /usr/bin/cmake /home/eeiww/ud90uhak/teleop_ws/src/teleop_description -DCMAKE_INSTALL_PREFIX=/home/eeiww/ud90uhak/teleop_ws/src/install/teleop_description
[1.578s] Invoking command in '/home/eeiww/ud90uhak/teleop_ws/src/build/teleop_description': CMAKE_PREFIX_PATH=${CMAKE_PREFIX_PATH}:/opt/ros/jazzy DEBUGINFOD_URLS=https://debuginfod.ubuntu.com /usr/bin/cmake --build /home/eeiww/ud90uhak/teleop_ws/src/build/teleop_description -- -j8 -l8
[1.625s] Invoked command in '/home/eeiww/ud90uhak/teleop_ws/src/build/teleop_description' returned '0': CMAKE_PREFIX_PATH=${CMAKE_PREFIX_PATH}:/opt/ros/jazzy DEBUGINFOD_URLS=https://debuginfod.ubuntu.com /usr/bin/cmake --build /home/eeiww/ud90uhak/teleop_ws/src/build/teleop_description -- -j8 -l8
[1.638s] Invoking command in '/home/eeiww/ud90uhak/teleop_ws/src/build/teleop_description': CMAKE_PREFIX_PATH=${CMAKE_PREFIX_PATH}:/opt/ros/jazzy DEBUGINFOD_URLS=https://debuginfod.ubuntu.com /usr/bin/cmake --install /home/eeiww/ud90uhak/teleop_ws/src/build/teleop_description
[1.648s] -- Install configuration: ""
[1.649s] -- Installing: /home/eeiww/ud90uhak/teleop_ws/src/install/teleop_description/share/teleop_description/meshes
[1.655s] -- Installing: /home/eeiww/ud90uhak/teleop_ws/src/install/teleop_description/share/teleop_description/meshes/link6.STL
[1.663s] -- Installing: /home/eeiww/ud90uhak/teleop_ws/src/install/teleop_description/share/teleop_description/meshes/base_link.STL
[1.687s] -- Installing: /home/eeiww/ud90uhak/teleop_ws/src/install/teleop_description/share/teleop_description/meshes/base.STL
[1.774s] -- Installing: /home/eeiww/ud90uhak/teleop_ws/src/install/teleop_description/share/teleop_description/meshes/link5.STL
[1.805s] -- Installing: /home/eeiww/ud90uhak/teleop_ws/src/install/teleop_description/share/teleop_description/meshes/link4.STL
[1.832s] -- Installing: /home/eeiww/ud90uhak/teleop_ws/src/install/teleop_description/share/teleop_description/meshes/link3.STL
[1.879s] -- Installing: /home/eeiww/ud90uhak/teleop_ws/src/install/teleop_description/share/teleop_description/meshes/gripper_base.STL
[1.907s] -- Installing: /home/eeiww/ud90uhak/teleop_ws/src/install/teleop_description/share/teleop_description/meshes/link7.STL
[1.916s] -- Installing: /home/eeiww/ud90uhak/teleop_ws/src/install/teleop_description/share/teleop_description/meshes/link8.STL
[1.927s] -- Installing: /home/eeiww/ud90uhak/teleop_ws/src/install/teleop_description/share/teleop_description/meshes/link2.STL
[1.991s] -- Installing: /home/eeiww/ud90uhak/teleop_ws/src/install/teleop_description/share/teleop_description/meshes/link1.STL
[2.013s] -- Installing: /home/eeiww/ud90uhak/teleop_ws/src/install/teleop_description/share/teleop_description/urdf
[2.018s] -- Installing: /home/eeiww/ud90uhak/teleop_ws/src/install/teleop_description/share/teleop_description/urdf/dual_robot.urdf.xacro
[2.023s] -- Installing: /home/eeiww/ud90uhak/teleop_ws/src/install/teleop_description/share/teleop_description/urdf/teleop_description.xacro
[2.030s] -- Installing: /home/eeiww/ud90uhak/teleop_ws/src/install/teleop_description/share/teleop_description/launch
[2.040s] -- Installing: /home/eeiww/ud90uhak/teleop_ws/src/install/teleop_description/share/teleop_description/launch/visualize.launch.py
[2.045s] -- Installing: /home/eeiww/ud90uhak/teleop_ws/src/install/teleop_description/share/teleop_description/rviz
[2.050s] -- Installing: /home/eeiww/ud90uhak/teleop_ws/src/install/teleop_description/share/teleop_description/rviz/teleop.rviz
[2.060s] -- Installing: /home/eeiww/ud90uhak/teleop_ws/src/install/teleop_description/share/ament_index/resource_index/package_run_dependencies/teleop_description
[2.070s] -- Installing: /home/eeiww/ud90uhak/teleop_ws/src/install/teleop_description/share/ament_index/resource_index/parent_prefix_path/teleop_description
[2.079s] -- Installing: /home/eeiww/ud90uhak/teleop_ws/src/install/teleop_description/share/teleop_description/environment/ament_prefix_path.sh
[2.084s] -- Installing: /home/eeiww/ud90uhak/teleop_ws/src/install/teleop_description/share/teleop_description/environment/ament_prefix_path.dsv
[2.091s] -- Installing: /home/eeiww/ud90uhak/teleop_ws/src/install/teleop_description/share/teleop_description/environment/path.sh
[2.095s] -- Installing: /home/eeiww/ud90uhak/teleop_ws/src/install/teleop_description/share/teleop_description/environment/path.dsv
[2.101s] -- Installing: /home/eeiww/ud90uhak/teleop_ws/src/install/teleop_description/share/teleop_description/local_setup.bash
[2.108s] -- Installing: /home/eeiww/ud90uhak/teleop_ws/src/install/teleop_description/share/teleop_description/local_setup.sh
[2.115s] -- Installing: /home/eeiww/ud90uhak/teleop_ws/src/install/teleop_description/share/teleop_description/local_setup.zsh
[2.122s] -- Installing: /home/eeiww/ud90uhak/teleop_ws/src/install/teleop_description/share/teleop_description/local_setup.dsv
[2.129s] -- Installing: /home/eeiww/ud90uhak/teleop_ws/src/install/teleop_description/share/teleop_description/package.dsv
[2.140s] -- Installing: /home/eeiww/ud90uhak/teleop_ws/src/install/teleop_description/share/ament_index/resource_index/packages/teleop_description
[2.149s] -- Installing: /home/eeiww/ud90uhak/teleop_ws/src/install/teleop_description/share/teleop_description/cmake/teleop_descriptionConfig.cmake
[2.155s] -- Installing: /home/eeiww/ud90uhak/teleop_ws/src/install/teleop_description/share/teleop_description/cmake/teleop_descriptionConfig-version.cmake
[2.162s] -- Installing: /home/eeiww/ud90uhak/teleop_ws/src/install/teleop_description/share/teleop_description/package.xml
[2.170s] Invoked command in '/home/eeiww/ud90uhak/teleop_ws/src/build/teleop_description' returned '0': CMAKE_PREFIX_PATH=${CMAKE_PREFIX_PATH}:/opt/ros/jazzy DEBUGINFOD_URLS=https://debuginfod.ubuntu.com /usr/bin/cmake --install /home/eeiww/ud90uhak/teleop_ws/src/build/teleop_description
