running egg_info
creating ../build/teleop_controller/teleop_controller.egg-info
writing ../build/teleop_controller/teleop_controller.egg-info/PKG-INFO
writing dependency_links to ../build/teleop_controller/teleop_controller.egg-info/dependency_links.txt
writing requirements to ../build/teleop_controller/teleop_controller.egg-info/requires.txt
writing top-level names to ../build/teleop_controller/teleop_controller.egg-info/top_level.txt
writing manifest file '../build/teleop_controller/teleop_controller.egg-info/SOURCES.txt'
reading manifest file '../build/teleop_controller/teleop_controller.egg-info/SOURCES.txt'
writing manifest file '../build/teleop_controller/teleop_controller.egg-info/SOURCES.txt'
running build
running build_py
creating /home/eeiww/ud90uhak/teleop_ws/src/build/teleop_controller/build
creating /home/eeiww/ud90uhak/teleop_ws/src/build/teleop_controller/build/lib
creating /home/eeiww/ud90uhak/teleop_ws/src/build/teleop_controller/build/lib/teleop_controller
copying teleop_controller/hand_tracking_node.py -> /home/eeiww/ud90uhak/teleop_ws/src/build/teleop_controller/build/lib/teleop_controller
copying teleop_controller/__init__.py -> /home/eeiww/ud90uhak/teleop_ws/src/build/teleop_controller/build/lib/teleop_controller
copying teleop_controller/kinematics_utils.py -> /home/eeiww/ud90uhak/teleop_ws/src/build/teleop_controller/build/lib/teleop_controller
running install
running install_lib
creating /home/eeiww/ud90uhak/teleop_ws/src/install/teleop_controller/lib/python3.12/site-packages/teleop_controller
copying /home/eeiww/ud90uhak/teleop_ws/src/build/teleop_controller/build/lib/teleop_controller/hand_tracking_node.py -> /home/eeiww/ud90uhak/teleop_ws/src/install/teleop_controller/lib/python3.12/site-packages/teleop_controller
copying /home/eeiww/ud90uhak/teleop_ws/src/build/teleop_controller/build/lib/teleop_controller/__init__.py -> /home/eeiww/ud90uhak/teleop_ws/src/install/teleop_controller/lib/python3.12/site-packages/teleop_controller
copying /home/eeiww/ud90uhak/teleop_ws/src/build/teleop_controller/build/lib/teleop_controller/kinematics_utils.py -> /home/eeiww/ud90uhak/teleop_ws/src/install/teleop_controller/lib/python3.12/site-packages/teleop_controller
byte-compiling /home/eeiww/ud90uhak/teleop_ws/src/install/teleop_controller/lib/python3.12/site-packages/teleop_controller/hand_tracking_node.py to hand_tracking_node.cpython-312.pyc
byte-compiling /home/eeiww/ud90uhak/teleop_ws/src/install/teleop_controller/lib/python3.12/site-packages/teleop_controller/__init__.py to __init__.cpython-312.pyc
byte-compiling /home/eeiww/ud90uhak/teleop_ws/src/install/teleop_controller/lib/python3.12/site-packages/teleop_controller/kinematics_utils.py to kinematics_utils.cpython-312.pyc
running install_data
creating /home/eeiww/ud90uhak/teleop_ws/src/install/teleop_controller/share/ament_index
creating /home/eeiww/ud90uhak/teleop_ws/src/install/teleop_controller/share/ament_index/resource_index
creating /home/eeiww/ud90uhak/teleop_ws/src/install/teleop_controller/share/ament_index/resource_index/packages
copying resource/teleop_controller -> /home/eeiww/ud90uhak/teleop_ws/src/install/teleop_controller/share/ament_index/resource_index/packages
copying package.xml -> /home/eeiww/ud90uhak/teleop_ws/src/install/teleop_controller/share/teleop_controller
running install_egg_info
Copying ../build/teleop_controller/teleop_controller.egg-info to /home/eeiww/ud90uhak/teleop_ws/src/install/teleop_controller/lib/python3.12/site-packages/teleop_controller-0.0.0-py3.12.egg-info
running install_scripts
writing list of installed files to '/home/eeiww/ud90uhak/teleop_ws/src/build/teleop_controller/install.log'
