[0.106s] DEBUG:colcon:Command line arguments: ['/usr/bin/colcon', 'build']
[0.107s] DEBUG:colcon:Parsed command line arguments: Namespace(log_base=None, log_level=None, verb_name='build', build_base='build', install_base='install', merge_install=False, symlink_install=False, test_result_base=None, continue_on_error=False, executor='parallel', parallel_workers=8, event_handlers=None, ignore_user_meta=False, metas=['./colcon.meta'], base_paths=['.'], packages_ignore=None, packages_ignore_regex=None, paths=None, packages_up_to=None, packages_up_to_regex=None, packages_above=None, packages_above_and_dependencies=None, packages_above_depth=None, packages_select_by_dep=None, packages_skip_by_dep=None, packages_skip_up_to=None, packages_select_build_failed=False, packages_skip_build_finished=False, packages_select_test_failures=False, packages_skip_test_passed=False, packages_select=None, packages_skip=None, packages_select_regex=None, packages_skip_regex=None, packages_start=None, packages_end=None, allow_overriding=[], cmake_args=None, cmake_target=None, cmake_target_skip_unavailable=False, cmake_clean_cache=False, cmake_clean_first=False, cmake_force_configure=False, ament_cmake_args=None, catkin_cmake_args=None, catkin_skip_building_tests=False, verb_parser=<colcon_defaults.argument_parser.defaults.DefaultArgumentsDecorator object at 0x78ea5eaf32c0>, verb_extension=<colcon_core.verb.build.BuildVerb object at 0x78ea5ea13ef0>, main=<bound method BuildVerb.main of <colcon_core.verb.build.BuildVerb object at 0x78ea5ea13ef0>>)
[0.138s] Level 1:colcon.colcon_core.package_discovery:discover_packages(colcon_meta) check parameters
[0.139s] Level 1:colcon.colcon_core.package_discovery:discover_packages(recursive) check parameters
[0.139s] Level 1:colcon.colcon_core.package_discovery:discover_packages(ignore) check parameters
[0.140s] Level 1:colcon.colcon_core.package_discovery:discover_packages(path) check parameters
[0.140s] Level 1:colcon.colcon_core.package_discovery:discover_packages(colcon_meta) discover
[0.141s] Level 1:colcon.colcon_core.package_discovery:discover_packages(recursive) discover
[0.141s] INFO:colcon.colcon_core.package_discovery:Crawling recursively for packages in '/home/eeiww/ud90uhak/teleop_ws/src'
[0.142s] Level 1:colcon.colcon_core.package_identification:_identify(.) by extensions ['ignore', 'ignore_ament_install']
[0.143s] Level 1:colcon.colcon_core.package_identification:_identify(.) by extension 'ignore'
[0.143s] Level 1:colcon.colcon_core.package_identification:_identify(.) by extension 'ignore_ament_install'
[0.144s] Level 1:colcon.colcon_core.package_identification:_identify(.) by extensions ['colcon_pkg']
[0.144s] Level 1:colcon.colcon_core.package_identification:_identify(.) by extension 'colcon_pkg'
[0.145s] Level 1:colcon.colcon_core.package_identification:_identify(.) by extensions ['colcon_meta']
[0.145s] Level 1:colcon.colcon_core.package_identification:_identify(.) by extension 'colcon_meta'
[0.146s] Level 1:colcon.colcon_core.package_identification:_identify(.) by extensions ['ros']
[0.147s] Level 1:colcon.colcon_core.package_identification:_identify(.) by extension 'ros'
[0.167s] Level 1:colcon.colcon_core.package_identification:_identify(.) by extensions ['cmake', 'python']
[0.167s] Level 1:colcon.colcon_core.package_identification:_identify(.) by extension 'cmake'
[0.167s] Level 1:colcon.colcon_core.package_identification:_identify(.) by extension 'python'
[0.168s] Level 1:colcon.colcon_core.package_identification:_identify(.) by extensions ['python_setup_py']
[0.169s] Level 1:colcon.colcon_core.package_identification:_identify(.) by extension 'python_setup_py'
[0.169s] Level 1:colcon.colcon_core.package_identification:_identify(build) by extensions ['ignore', 'ignore_ament_install']
[0.170s] Level 1:colcon.colcon_core.package_identification:_identify(build) by extension 'ignore'
[0.170s] Level 1:colcon.colcon_core.package_identification:_identify(build) ignored
[0.172s] Level 1:colcon.colcon_core.package_identification:_identify(install) by extensions ['ignore', 'ignore_ament_install']
[0.172s] Level 1:colcon.colcon_core.package_identification:_identify(install) by extension 'ignore'
[0.173s] Level 1:colcon.colcon_core.package_identification:_identify(install) ignored
[0.175s] Level 1:colcon.colcon_core.package_identification:_identify(log) by extensions ['ignore', 'ignore_ament_install']
[0.175s] Level 1:colcon.colcon_core.package_identification:_identify(log) by extension 'ignore'
[0.175s] Level 1:colcon.colcon_core.package_identification:_identify(log) ignored
[0.176s] Level 1:colcon.colcon_core.package_identification:_identify(teleop_controller) by extensions ['ignore', 'ignore_ament_install']
[0.176s] Level 1:colcon.colcon_core.package_identification:_identify(teleop_controller) by extension 'ignore'
[0.177s] Level 1:colcon.colcon_core.package_identification:_identify(teleop_controller) by extension 'ignore_ament_install'
[0.177s] Level 1:colcon.colcon_core.package_identification:_identify(teleop_controller) by extensions ['colcon_pkg']
[0.178s] Level 1:colcon.colcon_core.package_identification:_identify(teleop_controller) by extension 'colcon_pkg'
[0.178s] Level 1:colcon.colcon_core.package_identification:_identify(teleop_controller) by extensions ['colcon_meta']
[0.178s] Level 1:colcon.colcon_core.package_identification:_identify(teleop_controller) by extension 'colcon_meta'
[0.178s] Level 1:colcon.colcon_core.package_identification:_identify(teleop_controller) by extensions ['ros']
[0.179s] Level 1:colcon.colcon_core.package_identification:_identify(teleop_controller) by extension 'ros'
[0.181s] DEBUG:colcon.colcon_core.package_identification:Package 'teleop_controller' with type 'ros.ament_python' and name 'teleop_controller'
[0.181s] Level 1:colcon.colcon_core.package_identification:_identify(teleop_description) by extensions ['ignore', 'ignore_ament_install']
[0.182s] Level 1:colcon.colcon_core.package_identification:_identify(teleop_description) by extension 'ignore'
[0.182s] Level 1:colcon.colcon_core.package_identification:_identify(teleop_description) by extension 'ignore_ament_install'
[0.183s] Level 1:colcon.colcon_core.package_identification:_identify(teleop_description) by extensions ['colcon_pkg']
[0.183s] Level 1:colcon.colcon_core.package_identification:_identify(teleop_description) by extension 'colcon_pkg'
[0.184s] Level 1:colcon.colcon_core.package_identification:_identify(teleop_description) by extensions ['colcon_meta']
[0.184s] Level 1:colcon.colcon_core.package_identification:_identify(teleop_description) by extension 'colcon_meta'
[0.184s] Level 1:colcon.colcon_core.package_identification:_identify(teleop_description) by extensions ['ros']
[0.185s] Level 1:colcon.colcon_core.package_identification:_identify(teleop_description) by extension 'ros'
[0.185s] DEBUG:colcon.colcon_core.package_identification:Package 'teleop_description' with type 'ros.ament_cmake' and name 'teleop_description'
[0.186s] Level 1:colcon.colcon_core.package_identification:_identify(teleop_moveit_config) by extensions ['ignore', 'ignore_ament_install']
[0.186s] Level 1:colcon.colcon_core.package_identification:_identify(teleop_moveit_config) by extension 'ignore'
[0.187s] Level 1:colcon.colcon_core.package_identification:_identify(teleop_moveit_config) by extension 'ignore_ament_install'
[0.188s] Level 1:colcon.colcon_core.package_identification:_identify(teleop_moveit_config) by extensions ['colcon_pkg']
[0.188s] Level 1:colcon.colcon_core.package_identification:_identify(teleop_moveit_config) by extension 'colcon_pkg'
[0.188s] Level 1:colcon.colcon_core.package_identification:_identify(teleop_moveit_config) by extensions ['colcon_meta']
[0.189s] Level 1:colcon.colcon_core.package_identification:_identify(teleop_moveit_config) by extension 'colcon_meta'
[0.190s] Level 1:colcon.colcon_core.package_identification:_identify(teleop_moveit_config) by extensions ['ros']
[0.190s] Level 1:colcon.colcon_core.package_identification:_identify(teleop_moveit_config) by extension 'ros'
[0.191s] DEBUG:colcon.colcon_core.package_identification:Package 'teleop_moveit_config' with type 'ros.ament_cmake' and name 'teleop_moveit_config'
[0.192s] Level 1:colcon.colcon_core.package_identification:_identify(teleop_vision) by extensions ['ignore', 'ignore_ament_install']
[0.193s] Level 1:colcon.colcon_core.package_identification:_identify(teleop_vision) by extension 'ignore'
[0.193s] Level 1:colcon.colcon_core.package_identification:_identify(teleop_vision) by extension 'ignore_ament_install'
[0.194s] Level 1:colcon.colcon_core.package_identification:_identify(teleop_vision) by extensions ['colcon_pkg']
[0.194s] Level 1:colcon.colcon_core.package_identification:_identify(teleop_vision) by extension 'colcon_pkg'
[0.194s] Level 1:colcon.colcon_core.package_identification:_identify(teleop_vision) by extensions ['colcon_meta']
[0.194s] Level 1:colcon.colcon_core.package_identification:_identify(teleop_vision) by extension 'colcon_meta'
[0.194s] Level 1:colcon.colcon_core.package_identification:_identify(teleop_vision) by extensions ['ros']
[0.195s] Level 1:colcon.colcon_core.package_identification:_identify(teleop_vision) by extension 'ros'
[0.197s] DEBUG:colcon.colcon_core.package_identification:Package 'teleop_vision' with type 'ros.ament_python' and name 'teleop_vision'
[0.197s] Level 1:colcon.colcon_core.package_discovery:discover_packages(recursive) using defaults
[0.197s] Level 1:colcon.colcon_core.package_discovery:discover_packages(ignore) discover
[0.197s] Level 1:colcon.colcon_core.package_discovery:discover_packages(ignore) using defaults
[0.198s] Level 1:colcon.colcon_core.package_discovery:discover_packages(path) discover
[0.198s] Level 1:colcon.colcon_core.package_discovery:discover_packages(path) using defaults
[0.214s] Level 1:colcon.colcon_core.package_discovery:discover_packages(prefix_path) check parameters
[0.214s] Level 1:colcon.colcon_core.package_discovery:discover_packages(prefix_path) discover
[0.219s] DEBUG:colcon.colcon_installed_package_information.package_discovery:Found 3 installed packages in /home/eeiww/ud90uhak/teleop_ws/src/install
[0.221s] DEBUG:colcon.colcon_installed_package_information.package_discovery:Found 473 installed packages in /opt/ros/jazzy
[0.222s] Level 1:colcon.colcon_core.package_discovery:discover_packages(prefix_path) using defaults
[0.279s] Level 5:colcon.colcon_core.verb:set package 'teleop_controller' build argument 'cmake_args' from command line to 'None'
[0.279s] Level 5:colcon.colcon_core.verb:set package 'teleop_controller' build argument 'cmake_target' from command line to 'None'
[0.279s] Level 5:colcon.colcon_core.verb:set package 'teleop_controller' build argument 'cmake_target_skip_unavailable' from command line to 'False'
[0.279s] Level 5:colcon.colcon_core.verb:set package 'teleop_controller' build argument 'cmake_clean_cache' from command line to 'False'
[0.279s] Level 5:colcon.colcon_core.verb:set package 'teleop_controller' build argument 'cmake_clean_first' from command line to 'False'
[0.280s] Level 5:colcon.colcon_core.verb:set package 'teleop_controller' build argument 'cmake_force_configure' from command line to 'False'
[0.280s] Level 5:colcon.colcon_core.verb:set package 'teleop_controller' build argument 'ament_cmake_args' from command line to 'None'
[0.281s] Level 5:colcon.colcon_core.verb:set package 'teleop_controller' build argument 'catkin_cmake_args' from command line to 'None'
[0.281s] Level 5:colcon.colcon_core.verb:set package 'teleop_controller' build argument 'catkin_skip_building_tests' from command line to 'False'
[0.282s] DEBUG:colcon.colcon_core.verb:Building package 'teleop_controller' with the following arguments: {'ament_cmake_args': None, 'build_base': '/home/eeiww/ud90uhak/teleop_ws/src/build/teleop_controller', 'catkin_cmake_args': None, 'catkin_skip_building_tests': False, 'cmake_args': None, 'cmake_clean_cache': False, 'cmake_clean_first': False, 'cmake_force_configure': False, 'cmake_target': None, 'cmake_target_skip_unavailable': False, 'install_base': '/home/eeiww/ud90uhak/teleop_ws/src/install/teleop_controller', 'merge_install': False, 'path': '/home/eeiww/ud90uhak/teleop_ws/src/teleop_controller', 'symlink_install': False, 'test_result_base': None}
[0.283s] Level 5:colcon.colcon_core.verb:set package 'teleop_description' build argument 'cmake_args' from command line to 'None'
[0.283s] Level 5:colcon.colcon_core.verb:set package 'teleop_description' build argument 'cmake_target' from command line to 'None'
[0.283s] Level 5:colcon.colcon_core.verb:set package 'teleop_description' build argument 'cmake_target_skip_unavailable' from command line to 'False'
[0.283s] Level 5:colcon.colcon_core.verb:set package 'teleop_description' build argument 'cmake_clean_cache' from command line to 'False'
[0.283s] Level 5:colcon.colcon_core.verb:set package 'teleop_description' build argument 'cmake_clean_first' from command line to 'False'
[0.283s] Level 5:colcon.colcon_core.verb:set package 'teleop_description' build argument 'cmake_force_configure' from command line to 'False'
[0.283s] Level 5:colcon.colcon_core.verb:set package 'teleop_description' build argument 'ament_cmake_args' from command line to 'None'
[0.283s] Level 5:colcon.colcon_core.verb:set package 'teleop_description' build argument 'catkin_cmake_args' from command line to 'None'
[0.283s] Level 5:colcon.colcon_core.verb:set package 'teleop_description' build argument 'catkin_skip_building_tests' from command line to 'False'
[0.283s] DEBUG:colcon.colcon_core.verb:Building package 'teleop_description' with the following arguments: {'ament_cmake_args': None, 'build_base': '/home/eeiww/ud90uhak/teleop_ws/src/build/teleop_description', 'catkin_cmake_args': None, 'catkin_skip_building_tests': False, 'cmake_args': None, 'cmake_clean_cache': False, 'cmake_clean_first': False, 'cmake_force_configure': False, 'cmake_target': None, 'cmake_target_skip_unavailable': False, 'install_base': '/home/eeiww/ud90uhak/teleop_ws/src/install/teleop_description', 'merge_install': False, 'path': '/home/eeiww/ud90uhak/teleop_ws/src/teleop_description', 'symlink_install': False, 'test_result_base': None}
[0.284s] Level 5:colcon.colcon_core.verb:set package 'teleop_vision' build argument 'cmake_args' from command line to 'None'
[0.284s] Level 5:colcon.colcon_core.verb:set package 'teleop_vision' build argument 'cmake_target' from command line to 'None'
[0.284s] Level 5:colcon.colcon_core.verb:set package 'teleop_vision' build argument 'cmake_target_skip_unavailable' from command line to 'False'
[0.284s] Level 5:colcon.colcon_core.verb:set package 'teleop_vision' build argument 'cmake_clean_cache' from command line to 'False'
[0.284s] Level 5:colcon.colcon_core.verb:set package 'teleop_vision' build argument 'cmake_clean_first' from command line to 'False'
[0.285s] Level 5:colcon.colcon_core.verb:set package 'teleop_vision' build argument 'cmake_force_configure' from command line to 'False'
[0.285s] Level 5:colcon.colcon_core.verb:set package 'teleop_vision' build argument 'ament_cmake_args' from command line to 'None'
[0.286s] Level 5:colcon.colcon_core.verb:set package 'teleop_vision' build argument 'catkin_cmake_args' from command line to 'None'
[0.286s] Level 5:colcon.colcon_core.verb:set package 'teleop_vision' build argument 'catkin_skip_building_tests' from command line to 'False'
[0.286s] DEBUG:colcon.colcon_core.verb:Building package 'teleop_vision' with the following arguments: {'ament_cmake_args': None, 'build_base': '/home/eeiww/ud90uhak/teleop_ws/src/build/teleop_vision', 'catkin_cmake_args': None, 'catkin_skip_building_tests': False, 'cmake_args': None, 'cmake_clean_cache': False, 'cmake_clean_first': False, 'cmake_force_configure': False, 'cmake_target': None, 'cmake_target_skip_unavailable': False, 'install_base': '/home/eeiww/ud90uhak/teleop_ws/src/install/teleop_vision', 'merge_install': False, 'path': '/home/eeiww/ud90uhak/teleop_ws/src/teleop_vision', 'symlink_install': False, 'test_result_base': None}
[0.287s] Level 5:colcon.colcon_core.verb:set package 'teleop_moveit_config' build argument 'cmake_args' from command line to 'None'
[0.287s] Level 5:colcon.colcon_core.verb:set package 'teleop_moveit_config' build argument 'cmake_target' from command line to 'None'
[0.287s] Level 5:colcon.colcon_core.verb:set package 'teleop_moveit_config' build argument 'cmake_target_skip_unavailable' from command line to 'False'
[0.288s] Level 5:colcon.colcon_core.verb:set package 'teleop_moveit_config' build argument 'cmake_clean_cache' from command line to 'False'
[0.288s] Level 5:colcon.colcon_core.verb:set package 'teleop_moveit_config' build argument 'cmake_clean_first' from command line to 'False'
[0.288s] Level 5:colcon.colcon_core.verb:set package 'teleop_moveit_config' build argument 'cmake_force_configure' from command line to 'False'
[0.288s] Level 5:colcon.colcon_core.verb:set package 'teleop_moveit_config' build argument 'ament_cmake_args' from command line to 'None'
[0.288s] Level 5:colcon.colcon_core.verb:set package 'teleop_moveit_config' build argument 'catkin_cmake_args' from command line to 'None'
[0.288s] Level 5:colcon.colcon_core.verb:set package 'teleop_moveit_config' build argument 'catkin_skip_building_tests' from command line to 'False'
[0.288s] DEBUG:colcon.colcon_core.verb:Building package 'teleop_moveit_config' with the following arguments: {'ament_cmake_args': None, 'build_base': '/home/eeiww/ud90uhak/teleop_ws/src/build/teleop_moveit_config', 'catkin_cmake_args': None, 'catkin_skip_building_tests': False, 'cmake_args': None, 'cmake_clean_cache': False, 'cmake_clean_first': False, 'cmake_force_configure': False, 'cmake_target': None, 'cmake_target_skip_unavailable': False, 'install_base': '/home/eeiww/ud90uhak/teleop_ws/src/install/teleop_moveit_config', 'merge_install': False, 'path': '/home/eeiww/ud90uhak/teleop_ws/src/teleop_moveit_config', 'symlink_install': False, 'test_result_base': None}
[0.288s] INFO:colcon.colcon_core.executor:Executing jobs using 'parallel' executor
[0.289s] DEBUG:colcon.colcon_parallel_executor.executor.parallel:run_until_complete
[0.289s] INFO:colcon.colcon_ros.task.ament_cmake.build:Building ROS package in '/home/eeiww/ud90uhak/teleop_ws/src/teleop_description' with build type 'ament_cmake'
[0.290s] INFO:colcon.colcon_cmake.task.cmake.build:Building CMake package in '/home/eeiww/ud90uhak/teleop_ws/src/teleop_description'
[0.291s] INFO:colcon.colcon_core.plugin_system:Skipping extension 'colcon_core.shell.bat': Not used on non-Windows systems
[0.291s] INFO:colcon.colcon_core.shell:Skip shell extension 'powershell' for command environment: Not usable outside of PowerShell
[0.292s] DEBUG:colcon.colcon_core.shell:Skip shell extension 'dsv' for command environment
[0.300s] INFO:colcon.colcon_ros.task.ament_python.build:Building ROS package in '/home/eeiww/ud90uhak/teleop_ws/src/teleop_controller' with build type 'ament_python'
[0.300s] Level 1:colcon.colcon_core.shell:create_environment_hook('teleop_controller', 'ament_prefix_path')
[0.301s] INFO:colcon.colcon_core.shell:Creating environment hook '/home/eeiww/ud90uhak/teleop_ws/src/install/teleop_controller/share/teleop_controller/hook/ament_prefix_path.ps1'
[0.304s] INFO:colcon.colcon_core.shell:Creating environment descriptor '/home/eeiww/ud90uhak/teleop_ws/src/install/teleop_controller/share/teleop_controller/hook/ament_prefix_path.dsv'
[0.307s] INFO:colcon.colcon_core.shell:Creating environment hook '/home/eeiww/ud90uhak/teleop_ws/src/install/teleop_controller/share/teleop_controller/hook/ament_prefix_path.sh'
[0.310s] INFO:colcon.colcon_core.shell:Skip shell extension 'powershell' for command environment: Not usable outside of PowerShell
[0.310s] DEBUG:colcon.colcon_core.shell:Skip shell extension 'dsv' for command environment
[0.318s] INFO:colcon.colcon_ros.task.ament_python.build:Building ROS package in '/home/eeiww/ud90uhak/teleop_ws/src/teleop_vision' with build type 'ament_python'
[0.318s] Level 1:colcon.colcon_core.shell:create_environment_hook('teleop_vision', 'ament_prefix_path')
[0.319s] INFO:colcon.colcon_core.shell:Creating environment hook '/home/eeiww/ud90uhak/teleop_ws/src/install/teleop_vision/share/teleop_vision/hook/ament_prefix_path.ps1'
[0.325s] INFO:colcon.colcon_core.shell:Creating environment descriptor '/home/eeiww/ud90uhak/teleop_ws/src/install/teleop_vision/share/teleop_vision/hook/ament_prefix_path.dsv'
[0.328s] INFO:colcon.colcon_core.shell:Creating environment hook '/home/eeiww/ud90uhak/teleop_ws/src/install/teleop_vision/share/teleop_vision/hook/ament_prefix_path.sh'
[0.331s] INFO:colcon.colcon_core.shell:Skip shell extension 'powershell' for command environment: Not usable outside of PowerShell
[0.331s] DEBUG:colcon.colcon_core.shell:Skip shell extension 'dsv' for command environment
[0.354s] DEBUG:colcon.colcon_core.event_handler.log_command:Invoking command in '/home/eeiww/ud90uhak/teleop_ws/src/build/teleop_description': CMAKE_PREFIX_PATH=${CMAKE_PREFIX_PATH}:/home/eeiww/ud90uhak/teleop_ws/src/install/teleop_controller:/opt/ros/jazzy DEBUGINFOD_URLS=https://debuginfod.ubuntu.com /usr/bin/cmake --build /home/eeiww/ud90uhak/teleop_ws/src/build/teleop_description -- -j8 -l8
[0.614s] INFO:colcon.colcon_core.task.python.build:Building Python package in '/home/eeiww/ud90uhak/teleop_ws/src/teleop_controller'
[0.614s] INFO:colcon.colcon_core.shell:Skip shell extension 'powershell' for command environment: Not usable outside of PowerShell
[0.615s] DEBUG:colcon.colcon_core.shell:Skip shell extension 'dsv' for command environment
[0.895s] INFO:colcon.colcon_core.task.python.build:Building Python package in '/home/eeiww/ud90uhak/teleop_ws/src/teleop_vision'
[0.896s] INFO:colcon.colcon_core.shell:Skip shell extension 'powershell' for command environment: Not usable outside of PowerShell
[0.896s] DEBUG:colcon.colcon_core.shell:Skip shell extension 'dsv' for command environment
[0.905s] DEBUG:colcon.colcon_core.event_handler.log_command:Invoked command in '/home/eeiww/ud90uhak/teleop_ws/src/build/teleop_description' returned '0': CMAKE_PREFIX_PATH=${CMAKE_PREFIX_PATH}:/home/eeiww/ud90uhak/teleop_ws/src/install/teleop_controller:/opt/ros/jazzy DEBUGINFOD_URLS=https://debuginfod.ubuntu.com /usr/bin/cmake --build /home/eeiww/ud90uhak/teleop_ws/src/build/teleop_description -- -j8 -l8
[0.915s] DEBUG:colcon.colcon_core.event_handler.log_command:Invoking command in '/home/eeiww/ud90uhak/teleop_ws/src/build/teleop_description': CMAKE_PREFIX_PATH=${CMAKE_PREFIX_PATH}:/home/eeiww/ud90uhak/teleop_ws/src/install/teleop_controller:/opt/ros/jazzy DEBUGINFOD_URLS=https://debuginfod.ubuntu.com /usr/bin/cmake --install /home/eeiww/ud90uhak/teleop_ws/src/build/teleop_description
[0.963s] Level 1:colcon.colcon_core.environment:create_environment_scripts_only(teleop_description)
[0.964s] DEBUG:colcon.colcon_core.event_handler.log_command:Invoked command in '/home/eeiww/ud90uhak/teleop_ws/src/build/teleop_description' returned '0': CMAKE_PREFIX_PATH=${CMAKE_PREFIX_PATH}:/home/eeiww/ud90uhak/teleop_ws/src/install/teleop_controller:/opt/ros/jazzy DEBUGINFOD_URLS=https://debuginfod.ubuntu.com /usr/bin/cmake --install /home/eeiww/ud90uhak/teleop_ws/src/build/teleop_description
[0.966s] Level 1:colcon.colcon_core.environment:checking '/home/eeiww/ud90uhak/teleop_ws/src/install/teleop_description' for CMake module files
[0.969s] Level 1:colcon.colcon_core.environment:checking '/home/eeiww/ud90uhak/teleop_ws/src/install/teleop_description' for CMake config files
[0.972s] Level 1:colcon.colcon_core.shell:create_environment_hook('teleop_description', 'cmake_prefix_path')
[0.973s] INFO:colcon.colcon_core.shell:Creating environment hook '/home/eeiww/ud90uhak/teleop_ws/src/install/teleop_description/share/teleop_description/hook/cmake_prefix_path.ps1'
[0.976s] INFO:colcon.colcon_core.shell:Creating environment descriptor '/home/eeiww/ud90uhak/teleop_ws/src/install/teleop_description/share/teleop_description/hook/cmake_prefix_path.dsv'
[0.979s] INFO:colcon.colcon_core.shell:Creating environment hook '/home/eeiww/ud90uhak/teleop_ws/src/install/teleop_description/share/teleop_description/hook/cmake_prefix_path.sh'
[0.982s] Level 1:colcon.colcon_core.environment:checking '/home/eeiww/ud90uhak/teleop_ws/src/install/teleop_description/bin'
[0.982s] Level 1:colcon.colcon_core.environment:checking '/home/eeiww/ud90uhak/teleop_ws/src/install/teleop_description/lib/pkgconfig/teleop_description.pc'
[0.982s] Level 1:colcon.colcon_core.environment:checking '/home/eeiww/ud90uhak/teleop_ws/src/install/teleop_description/lib/python3.12/site-packages'
[0.983s] Level 1:colcon.colcon_core.environment:checking '/home/eeiww/ud90uhak/teleop_ws/src/install/teleop_description/bin'
[0.983s] INFO:colcon.colcon_core.shell:Creating package script '/home/eeiww/ud90uhak/teleop_ws/src/install/teleop_description/share/teleop_description/package.ps1'
[0.986s] INFO:colcon.colcon_core.shell:Creating package descriptor '/home/eeiww/ud90uhak/teleop_ws/src/install/teleop_description/share/teleop_description/package.dsv'
[0.989s] INFO:colcon.colcon_core.shell:Creating package script '/home/eeiww/ud90uhak/teleop_ws/src/install/teleop_description/share/teleop_description/package.sh'
[0.992s] INFO:colcon.colcon_core.shell:Creating package script '/home/eeiww/ud90uhak/teleop_ws/src/install/teleop_description/share/teleop_description/package.bash'
[0.994s] INFO:colcon.colcon_core.shell:Creating package script '/home/eeiww/ud90uhak/teleop_ws/src/install/teleop_description/share/teleop_description/package.zsh'
[0.997s] Level 1:colcon.colcon_core.environment:create_file_with_runtime_dependencies(/home/eeiww/ud90uhak/teleop_ws/src/install/teleop_description/share/colcon-core/packages/teleop_description)
[1.000s] Level 1:colcon.colcon_core.environment:create_environment_scripts_only(teleop_description)
[1.000s] Level 1:colcon.colcon_core.environment:checking '/home/eeiww/ud90uhak/teleop_ws/src/install/teleop_description' for CMake module files
[1.003s] Level 1:colcon.colcon_core.environment:checking '/home/eeiww/ud90uhak/teleop_ws/src/install/teleop_description' for CMake config files
[1.005s] Level 1:colcon.colcon_core.shell:create_environment_hook('teleop_description', 'cmake_prefix_path')
[1.005s] INFO:colcon.colcon_core.shell:Creating environment hook '/home/eeiww/ud90uhak/teleop_ws/src/install/teleop_description/share/teleop_description/hook/cmake_prefix_path.ps1'
[1.008s] INFO:colcon.colcon_core.shell:Creating environment descriptor '/home/eeiww/ud90uhak/teleop_ws/src/install/teleop_description/share/teleop_description/hook/cmake_prefix_path.dsv'
[1.011s] INFO:colcon.colcon_core.shell:Creating environment hook '/home/eeiww/ud90uhak/teleop_ws/src/install/teleop_description/share/teleop_description/hook/cmake_prefix_path.sh'
[1.014s] Level 1:colcon.colcon_core.environment:checking '/home/eeiww/ud90uhak/teleop_ws/src/install/teleop_description/bin'
[1.014s] Level 1:colcon.colcon_core.environment:checking '/home/eeiww/ud90uhak/teleop_ws/src/install/teleop_description/lib/pkgconfig/teleop_description.pc'
[1.014s] Level 1:colcon.colcon_core.environment:checking '/home/eeiww/ud90uhak/teleop_ws/src/install/teleop_description/lib/python3.12/site-packages'
[1.015s] Level 1:colcon.colcon_core.environment:checking '/home/eeiww/ud90uhak/teleop_ws/src/install/teleop_description/bin'
[1.015s] INFO:colcon.colcon_core.shell:Creating package script '/home/eeiww/ud90uhak/teleop_ws/src/install/teleop_description/share/teleop_description/package.ps1'
[1.018s] INFO:colcon.colcon_core.shell:Creating package descriptor '/home/eeiww/ud90uhak/teleop_ws/src/install/teleop_description/share/teleop_description/package.dsv'
[1.021s] INFO:colcon.colcon_core.shell:Creating package script '/home/eeiww/ud90uhak/teleop_ws/src/install/teleop_description/share/teleop_description/package.sh'
[1.023s] INFO:colcon.colcon_core.shell:Creating package script '/home/eeiww/ud90uhak/teleop_ws/src/install/teleop_description/share/teleop_description/package.bash'
[1.026s] INFO:colcon.colcon_core.shell:Creating package script '/home/eeiww/ud90uhak/teleop_ws/src/install/teleop_description/share/teleop_description/package.zsh'
[1.029s] Level 1:colcon.colcon_core.environment:create_file_with_runtime_dependencies(/home/eeiww/ud90uhak/teleop_ws/src/install/teleop_description/share/colcon-core/packages/teleop_description)
[1.031s] INFO:colcon.colcon_ros.task.ament_cmake.build:Building ROS package in '/home/eeiww/ud90uhak/teleop_ws/src/teleop_moveit_config' with build type 'ament_cmake'
[1.031s] INFO:colcon.colcon_cmake.task.cmake.build:Building CMake package in '/home/eeiww/ud90uhak/teleop_ws/src/teleop_moveit_config'
[1.032s] INFO:colcon.colcon_core.shell:Skip shell extension 'powershell' for command environment: Not usable outside of PowerShell
[1.032s] DEBUG:colcon.colcon_core.shell:Skip shell extension 'dsv' for command environment
[1.061s] DEBUG:colcon.colcon_core.event_handler.log_command:Invoking command in '/home/eeiww/ud90uhak/teleop_ws/src/build/teleop_moveit_config': CMAKE_PREFIX_PATH=/home/eeiww/ud90uhak/teleop_ws/src/install/teleop_description:/home/eeiww/ud90uhak/teleop_ws/src/install/teleop_moveit_config:/opt/ros/jazzy/opt/gz_sim_vendor:/opt/ros/jazzy/opt/gz_sensors_vendor:/opt/ros/jazzy/opt/gz_physics_vendor:/opt/ros/jazzy/opt/sdformat_vendor:/opt/ros/jazzy/opt/gz_gui_vendor:/opt/ros/jazzy/opt/gz_transport_vendor:/opt/ros/jazzy/opt/gz_rendering_vendor:/opt/ros/jazzy/opt/gz_plugin_vendor:/opt/ros/jazzy/opt/gz_fuel_tools_vendor:/opt/ros/jazzy/opt/gz_msgs_vendor:/opt/ros/jazzy/opt/gz_common_vendor:/opt/ros/jazzy/opt/gz_math_vendor:/opt/ros/jazzy/opt/gz_utils_vendor:/opt/ros/jazzy/opt/gz_tools_vendor:/opt/ros/jazzy/opt/gz_ogre_next_vendor:/opt/ros/jazzy/opt/gz_dartsim_vendor:/opt/ros/jazzy/opt/gz_cmake_vendor:/home/eeiww/ud90uhak/teleop_ws/src/install/teleop_controller:/opt/ros/jazzy DEBUGINFOD_URLS=https://debuginfod.ubuntu.com /usr/bin/cmake --build /home/eeiww/ud90uhak/teleop_ws/src/build/teleop_moveit_config -- -j8 -l8
[1.092s] DEBUG:colcon.colcon_core.event_handler.log_command:Invoked command in '/home/eeiww/ud90uhak/teleop_ws/src/build/teleop_moveit_config' returned '0': CMAKE_PREFIX_PATH=/home/eeiww/ud90uhak/teleop_ws/src/install/teleop_description:/home/eeiww/ud90uhak/teleop_ws/src/install/teleop_moveit_config:/opt/ros/jazzy/opt/gz_sim_vendor:/opt/ros/jazzy/opt/gz_sensors_vendor:/opt/ros/jazzy/opt/gz_physics_vendor:/opt/ros/jazzy/opt/sdformat_vendor:/opt/ros/jazzy/opt/gz_gui_vendor:/opt/ros/jazzy/opt/gz_transport_vendor:/opt/ros/jazzy/opt/gz_rendering_vendor:/opt/ros/jazzy/opt/gz_plugin_vendor:/opt/ros/jazzy/opt/gz_fuel_tools_vendor:/opt/ros/jazzy/opt/gz_msgs_vendor:/opt/ros/jazzy/opt/gz_common_vendor:/opt/ros/jazzy/opt/gz_math_vendor:/opt/ros/jazzy/opt/gz_utils_vendor:/opt/ros/jazzy/opt/gz_tools_vendor:/opt/ros/jazzy/opt/gz_ogre_next_vendor:/opt/ros/jazzy/opt/gz_dartsim_vendor:/opt/ros/jazzy/opt/gz_cmake_vendor:/home/eeiww/ud90uhak/teleop_ws/src/install/teleop_controller:/opt/ros/jazzy DEBUGINFOD_URLS=https://debuginfod.ubuntu.com /usr/bin/cmake --build /home/eeiww/ud90uhak/teleop_ws/src/build/teleop_moveit_config -- -j8 -l8
[1.095s] DEBUG:colcon.colcon_core.event_handler.log_command:Invoking command in '/home/eeiww/ud90uhak/teleop_ws/src/build/teleop_moveit_config': CMAKE_PREFIX_PATH=/home/eeiww/ud90uhak/teleop_ws/src/install/teleop_description:/home/eeiww/ud90uhak/teleop_ws/src/install/teleop_moveit_config:/opt/ros/jazzy/opt/gz_sim_vendor:/opt/ros/jazzy/opt/gz_sensors_vendor:/opt/ros/jazzy/opt/gz_physics_vendor:/opt/ros/jazzy/opt/sdformat_vendor:/opt/ros/jazzy/opt/gz_gui_vendor:/opt/ros/jazzy/opt/gz_transport_vendor:/opt/ros/jazzy/opt/gz_rendering_vendor:/opt/ros/jazzy/opt/gz_plugin_vendor:/opt/ros/jazzy/opt/gz_fuel_tools_vendor:/opt/ros/jazzy/opt/gz_msgs_vendor:/opt/ros/jazzy/opt/gz_common_vendor:/opt/ros/jazzy/opt/gz_math_vendor:/opt/ros/jazzy/opt/gz_utils_vendor:/opt/ros/jazzy/opt/gz_tools_vendor:/opt/ros/jazzy/opt/gz_ogre_next_vendor:/opt/ros/jazzy/opt/gz_dartsim_vendor:/opt/ros/jazzy/opt/gz_cmake_vendor:/home/eeiww/ud90uhak/teleop_ws/src/install/teleop_controller:/opt/ros/jazzy DEBUGINFOD_URLS=https://debuginfod.ubuntu.com /usr/bin/cmake --install /home/eeiww/ud90uhak/teleop_ws/src/build/teleop_moveit_config
[1.135s] Level 1:colcon.colcon_core.environment:create_environment_scripts_only(teleop_moveit_config)
[1.135s] Level 1:colcon.colcon_core.environment:checking '/home/eeiww/ud90uhak/teleop_ws/src/install/teleop_moveit_config' for CMake module files
[1.136s] DEBUG:colcon.colcon_core.event_handler.log_command:Invoked command in '/home/eeiww/ud90uhak/teleop_ws/src/build/teleop_moveit_config' returned '0': CMAKE_PREFIX_PATH=/home/eeiww/ud90uhak/teleop_ws/src/install/teleop_description:/home/eeiww/ud90uhak/teleop_ws/src/install/teleop_moveit_config:/opt/ros/jazzy/opt/gz_sim_vendor:/opt/ros/jazzy/opt/gz_sensors_vendor:/opt/ros/jazzy/opt/gz_physics_vendor:/opt/ros/jazzy/opt/sdformat_vendor:/opt/ros/jazzy/opt/gz_gui_vendor:/opt/ros/jazzy/opt/gz_transport_vendor:/opt/ros/jazzy/opt/gz_rendering_vendor:/opt/ros/jazzy/opt/gz_plugin_vendor:/opt/ros/jazzy/opt/gz_fuel_tools_vendor:/opt/ros/jazzy/opt/gz_msgs_vendor:/opt/ros/jazzy/opt/gz_common_vendor:/opt/ros/jazzy/opt/gz_math_vendor:/opt/ros/jazzy/opt/gz_utils_vendor:/opt/ros/jazzy/opt/gz_tools_vendor:/opt/ros/jazzy/opt/gz_ogre_next_vendor:/opt/ros/jazzy/opt/gz_dartsim_vendor:/opt/ros/jazzy/opt/gz_cmake_vendor:/home/eeiww/ud90uhak/teleop_ws/src/install/teleop_controller:/opt/ros/jazzy DEBUGINFOD_URLS=https://debuginfod.ubuntu.com /usr/bin/cmake --install /home/eeiww/ud90uhak/teleop_ws/src/build/teleop_moveit_config
[1.138s] Level 1:colcon.colcon_core.environment:checking '/home/eeiww/ud90uhak/teleop_ws/src/install/teleop_moveit_config' for CMake config files
[1.143s] Level 1:colcon.colcon_core.shell:create_environment_hook('teleop_moveit_config', 'cmake_prefix_path')
[1.144s] INFO:colcon.colcon_core.shell:Creating environment hook '/home/eeiww/ud90uhak/teleop_ws/src/install/teleop_moveit_config/share/teleop_moveit_config/hook/cmake_prefix_path.ps1'
[1.147s] INFO:colcon.colcon_core.shell:Creating environment descriptor '/home/eeiww/ud90uhak/teleop_ws/src/install/teleop_moveit_config/share/teleop_moveit_config/hook/cmake_prefix_path.dsv'
[1.149s] INFO:colcon.colcon_core.shell:Creating environment hook '/home/eeiww/ud90uhak/teleop_ws/src/install/teleop_moveit_config/share/teleop_moveit_config/hook/cmake_prefix_path.sh'
[1.153s] Level 1:colcon.colcon_core.environment:checking '/home/eeiww/ud90uhak/teleop_ws/src/install/teleop_moveit_config/bin'
[1.153s] Level 1:colcon.colcon_core.environment:checking '/home/eeiww/ud90uhak/teleop_ws/src/install/teleop_moveit_config/lib/pkgconfig/teleop_moveit_config.pc'
[1.153s] Level 1:colcon.colcon_core.environment:checking '/home/eeiww/ud90uhak/teleop_ws/src/install/teleop_moveit_config/lib/python3.12/site-packages'
[1.154s] Level 1:colcon.colcon_core.environment:checking '/home/eeiww/ud90uhak/teleop_ws/src/install/teleop_moveit_config/bin'
[1.154s] INFO:colcon.colcon_core.shell:Creating package script '/home/eeiww/ud90uhak/teleop_ws/src/install/teleop_moveit_config/share/teleop_moveit_config/package.ps1'
[1.157s] INFO:colcon.colcon_core.shell:Creating package descriptor '/home/eeiww/ud90uhak/teleop_ws/src/install/teleop_moveit_config/share/teleop_moveit_config/package.dsv'
[1.159s] INFO:colcon.colcon_core.shell:Creating package script '/home/eeiww/ud90uhak/teleop_ws/src/install/teleop_moveit_config/share/teleop_moveit_config/package.sh'
[1.162s] INFO:colcon.colcon_core.shell:Creating package script '/home/eeiww/ud90uhak/teleop_ws/src/install/teleop_moveit_config/share/teleop_moveit_config/package.bash'
[1.165s] INFO:colcon.colcon_core.shell:Creating package script '/home/eeiww/ud90uhak/teleop_ws/src/install/teleop_moveit_config/share/teleop_moveit_config/package.zsh'
[1.167s] Level 1:colcon.colcon_core.environment:create_file_with_runtime_dependencies(/home/eeiww/ud90uhak/teleop_ws/src/install/teleop_moveit_config/share/colcon-core/packages/teleop_moveit_config)
[1.171s] Level 1:colcon.colcon_core.environment:create_environment_scripts_only(teleop_moveit_config)
[1.171s] Level 1:colcon.colcon_core.environment:checking '/home/eeiww/ud90uhak/teleop_ws/src/install/teleop_moveit_config' for CMake module files
[1.173s] Level 1:colcon.colcon_core.environment:checking '/home/eeiww/ud90uhak/teleop_ws/src/install/teleop_moveit_config' for CMake config files
[1.177s] Level 1:colcon.colcon_core.shell:create_environment_hook('teleop_moveit_config', 'cmake_prefix_path')
[1.177s] INFO:colcon.colcon_core.shell:Creating environment hook '/home/eeiww/ud90uhak/teleop_ws/src/install/teleop_moveit_config/share/teleop_moveit_config/hook/cmake_prefix_path.ps1'
[1.181s] INFO:colcon.colcon_core.shell:Creating environment descriptor '/home/eeiww/ud90uhak/teleop_ws/src/install/teleop_moveit_config/share/teleop_moveit_config/hook/cmake_prefix_path.dsv'
[1.183s] INFO:colcon.colcon_core.shell:Creating environment hook '/home/eeiww/ud90uhak/teleop_ws/src/install/teleop_moveit_config/share/teleop_moveit_config/hook/cmake_prefix_path.sh'
[1.187s] Level 1:colcon.colcon_core.environment:checking '/home/eeiww/ud90uhak/teleop_ws/src/install/teleop_moveit_config/bin'
[1.187s] Level 1:colcon.colcon_core.environment:checking '/home/eeiww/ud90uhak/teleop_ws/src/install/teleop_moveit_config/lib/pkgconfig/teleop_moveit_config.pc'
[1.187s] Level 1:colcon.colcon_core.environment:checking '/home/eeiww/ud90uhak/teleop_ws/src/install/teleop_moveit_config/lib/python3.12/site-packages'
[1.188s] Level 1:colcon.colcon_core.environment:checking '/home/eeiww/ud90uhak/teleop_ws/src/install/teleop_moveit_config/bin'
[1.188s] INFO:colcon.colcon_core.shell:Creating package script '/home/eeiww/ud90uhak/teleop_ws/src/install/teleop_moveit_config/share/teleop_moveit_config/package.ps1'
[1.191s] INFO:colcon.colcon_core.shell:Creating package descriptor '/home/eeiww/ud90uhak/teleop_ws/src/install/teleop_moveit_config/share/teleop_moveit_config/package.dsv'
[1.194s] INFO:colcon.colcon_core.shell:Creating package script '/home/eeiww/ud90uhak/teleop_ws/src/install/teleop_moveit_config/share/teleop_moveit_config/package.sh'
[1.197s] INFO:colcon.colcon_core.shell:Creating package script '/home/eeiww/ud90uhak/teleop_ws/src/install/teleop_moveit_config/share/teleop_moveit_config/package.bash'
[1.200s] INFO:colcon.colcon_core.shell:Creating package script '/home/eeiww/ud90uhak/teleop_ws/src/install/teleop_moveit_config/share/teleop_moveit_config/package.zsh'
[1.203s] Level 1:colcon.colcon_core.environment:create_file_with_runtime_dependencies(/home/eeiww/ud90uhak/teleop_ws/src/install/teleop_moveit_config/share/colcon-core/packages/teleop_moveit_config)
[1.787s] DEBUG:colcon.colcon_core.event_handler.log_command:Invoking command in '/home/eeiww/ud90uhak/teleop_ws/src/teleop_vision': DEBUGINFOD_URLS=https://debuginfod.ubuntu.com PYTHONPATH=/home/eeiww/ud90uhak/teleop_ws/src/build/teleop_vision/prefix_override:/usr/lib/python3/dist-packages/colcon_core/task/python/colcon_distutils_commands:/home/eeiww/ud90uhak/teleop_ws/src/install/teleop_vision/lib/python3.12/site-packages:${PYTHONPATH} /usr/bin/python3 -W ignore:setup.py install is deprecated -W ignore:easy_install command is deprecated setup.py egg_info --egg-base ../build/teleop_vision build --build-base /home/eeiww/ud90uhak/teleop_ws/src/build/teleop_vision/build install --record /home/eeiww/ud90uhak/teleop_ws/src/build/teleop_vision/install.log --single-version-externally-managed install_data
[1.791s] DEBUG:colcon.colcon_core.event_handler.log_command:Invoking command in '/home/eeiww/ud90uhak/teleop_ws/src/teleop_controller': DEBUGINFOD_URLS=https://debuginfod.ubuntu.com PYTHONPATH=/home/eeiww/ud90uhak/teleop_ws/src/build/teleop_controller/prefix_override:/usr/lib/python3/dist-packages/colcon_core/task/python/colcon_distutils_commands:/home/eeiww/ud90uhak/teleop_ws/src/install/teleop_controller/lib/python3.12/site-packages:${PYTHONPATH} /usr/bin/python3 -W ignore:setup.py install is deprecated -W ignore:easy_install command is deprecated setup.py egg_info --egg-base ../build/teleop_controller build --build-base /home/eeiww/ud90uhak/teleop_ws/src/build/teleop_controller/build install --record /home/eeiww/ud90uhak/teleop_ws/src/build/teleop_controller/install.log --single-version-externally-managed install_data
[2.604s] Level 1:colcon.colcon_core.environment:checking '/home/eeiww/ud90uhak/teleop_ws/src/install/teleop_controller' for CMake module files
[2.604s] DEBUG:colcon.colcon_core.event_handler.log_command:Invoked command in '/home/eeiww/ud90uhak/teleop_ws/src/teleop_controller' returned '0': DEBUGINFOD_URLS=https://debuginfod.ubuntu.com PYTHONPATH=/home/eeiww/ud90uhak/teleop_ws/src/build/teleop_controller/prefix_override:/usr/lib/python3/dist-packages/colcon_core/task/python/colcon_distutils_commands:/home/eeiww/ud90uhak/teleop_ws/src/install/teleop_controller/lib/python3.12/site-packages:${PYTHONPATH} /usr/bin/python3 -W ignore:setup.py install is deprecated -W ignore:easy_install command is deprecated setup.py egg_info --egg-base ../build/teleop_controller build --build-base /home/eeiww/ud90uhak/teleop_ws/src/build/teleop_controller/build install --record /home/eeiww/ud90uhak/teleop_ws/src/build/teleop_controller/install.log --single-version-externally-managed install_data
[2.605s] Level 1:colcon.colcon_core.environment:checking '/home/eeiww/ud90uhak/teleop_ws/src/install/teleop_controller' for CMake config files
[2.612s] Level 1:colcon.colcon_core.environment:checking '/home/eeiww/ud90uhak/teleop_ws/src/install/teleop_controller/lib'
[2.613s] Level 1:colcon.colcon_core.environment:checking '/home/eeiww/ud90uhak/teleop_ws/src/install/teleop_controller/bin'
[2.613s] Level 1:colcon.colcon_core.environment:checking '/home/eeiww/ud90uhak/teleop_ws/src/install/teleop_controller/lib/pkgconfig/teleop_controller.pc'
[2.614s] Level 1:colcon.colcon_core.environment:checking '/home/eeiww/ud90uhak/teleop_ws/src/install/teleop_controller/lib/python3.12/site-packages'
[2.614s] Level 1:colcon.colcon_core.shell:create_environment_hook('teleop_controller', 'pythonpath')
[2.615s] INFO:colcon.colcon_core.shell:Creating environment hook '/home/eeiww/ud90uhak/teleop_ws/src/install/teleop_controller/share/teleop_controller/hook/pythonpath.ps1'
[2.618s] INFO:colcon.colcon_core.shell:Creating environment descriptor '/home/eeiww/ud90uhak/teleop_ws/src/install/teleop_controller/share/teleop_controller/hook/pythonpath.dsv'
[2.621s] INFO:colcon.colcon_core.shell:Creating environment hook '/home/eeiww/ud90uhak/teleop_ws/src/install/teleop_controller/share/teleop_controller/hook/pythonpath.sh'
[2.624s] Level 1:colcon.colcon_core.environment:checking '/home/eeiww/ud90uhak/teleop_ws/src/install/teleop_controller/bin'
[2.624s] Level 1:colcon.colcon_core.environment:create_environment_scripts_only(teleop_controller)
[2.624s] INFO:colcon.colcon_core.shell:Creating package script '/home/eeiww/ud90uhak/teleop_ws/src/install/teleop_controller/share/teleop_controller/package.ps1'
[2.627s] INFO:colcon.colcon_core.shell:Creating package descriptor '/home/eeiww/ud90uhak/teleop_ws/src/install/teleop_controller/share/teleop_controller/package.dsv'
[2.630s] INFO:colcon.colcon_core.shell:Creating package script '/home/eeiww/ud90uhak/teleop_ws/src/install/teleop_controller/share/teleop_controller/package.sh'
[2.633s] INFO:colcon.colcon_core.shell:Creating package script '/home/eeiww/ud90uhak/teleop_ws/src/install/teleop_controller/share/teleop_controller/package.bash'
[2.636s] INFO:colcon.colcon_core.shell:Creating package script '/home/eeiww/ud90uhak/teleop_ws/src/install/teleop_controller/share/teleop_controller/package.zsh'
[2.638s] Level 1:colcon.colcon_core.environment:create_file_with_runtime_dependencies(/home/eeiww/ud90uhak/teleop_ws/src/install/teleop_controller/share/colcon-core/packages/teleop_controller)
[2.655s] Level 1:colcon.colcon_core.environment:checking '/home/eeiww/ud90uhak/teleop_ws/src/install/teleop_vision' for CMake module files
[2.656s] DEBUG:colcon.colcon_core.event_handler.log_command:Invoked command in '/home/eeiww/ud90uhak/teleop_ws/src/teleop_vision' returned '0': DEBUGINFOD_URLS=https://debuginfod.ubuntu.com PYTHONPATH=/home/eeiww/ud90uhak/teleop_ws/src/build/teleop_vision/prefix_override:/usr/lib/python3/dist-packages/colcon_core/task/python/colcon_distutils_commands:/home/eeiww/ud90uhak/teleop_ws/src/install/teleop_vision/lib/python3.12/site-packages:${PYTHONPATH} /usr/bin/python3 -W ignore:setup.py install is deprecated -W ignore:easy_install command is deprecated setup.py egg_info --egg-base ../build/teleop_vision build --build-base /home/eeiww/ud90uhak/teleop_ws/src/build/teleop_vision/build install --record /home/eeiww/ud90uhak/teleop_ws/src/build/teleop_vision/install.log --single-version-externally-managed install_data
[2.661s] Level 1:colcon.colcon_core.environment:checking '/home/eeiww/ud90uhak/teleop_ws/src/install/teleop_vision' for CMake config files
[2.672s] Level 1:colcon.colcon_core.environment:checking '/home/eeiww/ud90uhak/teleop_ws/src/install/teleop_vision/lib'
[2.672s] Level 1:colcon.colcon_core.environment:checking '/home/eeiww/ud90uhak/teleop_ws/src/install/teleop_vision/bin'
[2.673s] Level 1:colcon.colcon_core.environment:checking '/home/eeiww/ud90uhak/teleop_ws/src/install/teleop_vision/lib/pkgconfig/teleop_vision.pc'
[2.674s] Level 1:colcon.colcon_core.environment:checking '/home/eeiww/ud90uhak/teleop_ws/src/install/teleop_vision/lib/python3.12/site-packages'
[2.674s] Level 1:colcon.colcon_core.shell:create_environment_hook('teleop_vision', 'pythonpath')
[2.675s] INFO:colcon.colcon_core.shell:Creating environment hook '/home/eeiww/ud90uhak/teleop_ws/src/install/teleop_vision/share/teleop_vision/hook/pythonpath.ps1'
[2.678s] INFO:colcon.colcon_core.shell:Creating environment descriptor '/home/eeiww/ud90uhak/teleop_ws/src/install/teleop_vision/share/teleop_vision/hook/pythonpath.dsv'
[2.680s] INFO:colcon.colcon_core.shell:Creating environment hook '/home/eeiww/ud90uhak/teleop_ws/src/install/teleop_vision/share/teleop_vision/hook/pythonpath.sh'
[2.683s] Level 1:colcon.colcon_core.environment:checking '/home/eeiww/ud90uhak/teleop_ws/src/install/teleop_vision/bin'
[2.683s] Level 1:colcon.colcon_core.environment:create_environment_scripts_only(teleop_vision)
[2.683s] INFO:colcon.colcon_core.shell:Creating package script '/home/eeiww/ud90uhak/teleop_ws/src/install/teleop_vision/share/teleop_vision/package.ps1'
[2.687s] INFO:colcon.colcon_core.shell:Creating package descriptor '/home/eeiww/ud90uhak/teleop_ws/src/install/teleop_vision/share/teleop_vision/package.dsv'
[2.689s] INFO:colcon.colcon_core.shell:Creating package script '/home/eeiww/ud90uhak/teleop_ws/src/install/teleop_vision/share/teleop_vision/package.sh'
[2.692s] INFO:colcon.colcon_core.shell:Creating package script '/home/eeiww/ud90uhak/teleop_ws/src/install/teleop_vision/share/teleop_vision/package.bash'
[2.695s] INFO:colcon.colcon_core.shell:Creating package script '/home/eeiww/ud90uhak/teleop_ws/src/install/teleop_vision/share/teleop_vision/package.zsh'
[2.697s] Level 1:colcon.colcon_core.environment:create_file_with_runtime_dependencies(/home/eeiww/ud90uhak/teleop_ws/src/install/teleop_vision/share/colcon-core/packages/teleop_vision)
[2.700s] DEBUG:colcon.colcon_parallel_executor.executor.parallel:closing loop
[2.701s] DEBUG:colcon.colcon_parallel_executor.executor.parallel:loop closed
[2.701s] DEBUG:colcon.colcon_parallel_executor.executor.parallel:run_until_complete finished with '0'
[2.701s] DEBUG:colcon.colcon_core.event_reactor:joining thread
[2.710s] INFO:colcon.colcon_core.plugin_system:Skipping extension 'colcon_notification.desktop_notification.terminal_notifier': Not used on non-Darwin systems
[2.710s] INFO:colcon.colcon_core.plugin_system:Skipping extension 'colcon_notification.desktop_notification.win32': Not used on non-Windows systems
[2.710s] INFO:colcon.colcon_notification.desktop_notification:Sending desktop notification using 'notify2'
[2.723s] DEBUG:colcon.colcon_core.event_reactor:joined thread
[2.723s] INFO:colcon.colcon_core.shell:Creating prefix script '/home/eeiww/ud90uhak/teleop_ws/src/install/local_setup.ps1'
[2.727s] INFO:colcon.colcon_core.shell:Creating prefix util module '/home/eeiww/ud90uhak/teleop_ws/src/install/_local_setup_util_ps1.py'
[2.732s] INFO:colcon.colcon_core.shell:Creating prefix chain script '/home/eeiww/ud90uhak/teleop_ws/src/install/setup.ps1'
[2.737s] INFO:colcon.colcon_core.shell:Creating prefix script '/home/eeiww/ud90uhak/teleop_ws/src/install/local_setup.sh'
[2.740s] INFO:colcon.colcon_core.shell:Creating prefix util module '/home/eeiww/ud90uhak/teleop_ws/src/install/_local_setup_util_sh.py'
[2.745s] INFO:colcon.colcon_core.shell:Creating prefix chain script '/home/eeiww/ud90uhak/teleop_ws/src/install/setup.sh'
[2.750s] INFO:colcon.colcon_core.shell:Creating prefix script '/home/eeiww/ud90uhak/teleop_ws/src/install/local_setup.bash'
[2.753s] INFO:colcon.colcon_core.shell:Creating prefix chain script '/home/eeiww/ud90uhak/teleop_ws/src/install/setup.bash'
[2.759s] INFO:colcon.colcon_core.shell:Creating prefix script '/home/eeiww/ud90uhak/teleop_ws/src/install/local_setup.zsh'
[2.762s] INFO:colcon.colcon_core.shell:Creating prefix chain script '/home/eeiww/ud90uhak/teleop_ws/src/install/setup.zsh'
