[0.026s] Invoking command in '/home/eeiww/ud90uhak/teleop_ws/src/build/teleop_moveit_config': AMENT_PREFIX_PATH=/home/eeiww/ud90uhak/teleop_ws/src/install/teleop_description:${AMENT_PREFIX_PATH} CMAKE_PREFIX_PATH=/home/eeiww/ud90uhak/teleop_ws/src/install/teleop_description:/opt/ros/jazzy/opt/gz_sim_vendor:/opt/ros/jazzy/opt/gz_sensors_vendor:/opt/ros/jazzy/opt/gz_physics_vendor:/opt/ros/jazzy/opt/sdformat_vendor:/opt/ros/jazzy/opt/gz_gui_vendor:/opt/ros/jazzy/opt/gz_transport_vendor:/opt/ros/jazzy/opt/gz_rendering_vendor:/opt/ros/jazzy/opt/gz_plugin_vendor:/opt/ros/jazzy/opt/gz_fuel_tools_vendor:/opt/ros/jazzy/opt/gz_msgs_vendor:/opt/ros/jazzy/opt/gz_common_vendor:/opt/ros/jazzy/opt/gz_math_vendor:/opt/ros/jazzy/opt/gz_utils_vendor:/opt/ros/jazzy/opt/gz_tools_vendor:/opt/ros/jazzy/opt/gz_ogre_next_vendor:/opt/ros/jazzy/opt/gz_dartsim_vendor:/opt/ros/jazzy/opt/gz_cmake_vendor:/opt/ros/jazzy DEBUGINFOD_URLS=https://debuginfod.ubuntu.com /usr/bin/cmake /home/eeiww/ud90uhak/teleop_ws/src/teleop_moveit_config -DCMAKE_INSTALL_PREFIX=/home/eeiww/ud90uhak/teleop_ws/src/install/teleop_moveit_config
[0.148s] -- The C compiler identification is GNU 13.3.0
[0.291s] -- The CXX compiler identification is GNU 13.3.0
[0.315s] -- Detecting C compiler ABI info
[0.726s] -- Detecting C compiler ABI info - done
[0.742s] -- Check for working C compiler: /usr/bin/cc - skipped
[0.742s] -- Detecting C compile features
[0.743s] -- Detecting C compile features - done
[0.764s] -- Detecting CXX compiler ABI info
[1.196s] -- Detecting CXX compiler ABI info - done
[1.208s] -- Check for working CXX compiler: /usr/bin/c++ - skipped
[1.208s] -- Detecting CXX compile features
[1.209s] -- Detecting CXX compile features - done
[1.243s] -- Found ament_cmake: 2.5.5 (/opt/ros/jazzy/share/ament_cmake/cmake)
[1.447s] -- Found Python3: /usr/bin/python3 (found version "3.12.3") found components: Interpreter 
[1.824s] -- Found ament_lint_auto: 0.17.4 (/opt/ros/jazzy/share/ament_lint_auto/cmake)
[2.196s] -- Added test 'flake8' to check Python code syntax and style conventions
[2.197s] -- Configured 'flake8' exclude dirs and/or files: 
[2.214s] -- Added test 'lint_cmake' to check CMake code style
[2.228s] -- Added test 'pep257' to check Python code against some of the docstring style conventions in PEP 257
[2.284s] -- Added test 'xmllint' to check XML markup files
[2.345s] -- Configuring done (2.3s)
[2.537s] -- Generating done (0.2s)
[2.626s] -- Build files have been written to: /home/eeiww/ud90uhak/teleop_ws/src/build/teleop_moveit_config
[2.640s] Invoked command in '/home/eeiww/ud90uhak/teleop_ws/src/build/teleop_moveit_config' returned '0': AMENT_PREFIX_PATH=/home/eeiww/ud90uhak/teleop_ws/src/install/teleop_description:${AMENT_PREFIX_PATH} CMAKE_PREFIX_PATH=/home/eeiww/ud90uhak/teleop_ws/src/install/teleop_description:/opt/ros/jazzy/opt/gz_sim_vendor:/opt/ros/jazzy/opt/gz_sensors_vendor:/opt/ros/jazzy/opt/gz_physics_vendor:/opt/ros/jazzy/opt/sdformat_vendor:/opt/ros/jazzy/opt/gz_gui_vendor:/opt/ros/jazzy/opt/gz_transport_vendor:/opt/ros/jazzy/opt/gz_rendering_vendor:/opt/ros/jazzy/opt/gz_plugin_vendor:/opt/ros/jazzy/opt/gz_fuel_tools_vendor:/opt/ros/jazzy/opt/gz_msgs_vendor:/opt/ros/jazzy/opt/gz_common_vendor:/opt/ros/jazzy/opt/gz_math_vendor:/opt/ros/jazzy/opt/gz_utils_vendor:/opt/ros/jazzy/opt/gz_tools_vendor:/opt/ros/jazzy/opt/gz_ogre_next_vendor:/opt/ros/jazzy/opt/gz_dartsim_vendor:/opt/ros/jazzy/opt/gz_cmake_vendor:/opt/ros/jazzy DEBUGINFOD_URLS=https://debuginfod.ubuntu.com /usr/bin/cmake /home/eeiww/ud90uhak/teleop_ws/src/teleop_moveit_config -DCMAKE_INSTALL_PREFIX=/home/eeiww/ud90uhak/teleop_ws/src/install/teleop_moveit_config
[2.644s] Invoking command in '/home/eeiww/ud90uhak/teleop_ws/src/build/teleop_moveit_config': AMENT_PREFIX_PATH=/home/eeiww/ud90uhak/teleop_ws/src/install/teleop_description:${AMENT_PREFIX_PATH} CMAKE_PREFIX_PATH=/home/eeiww/ud90uhak/teleop_ws/src/install/teleop_description:/opt/ros/jazzy/opt/gz_sim_vendor:/opt/ros/jazzy/opt/gz_sensors_vendor:/opt/ros/jazzy/opt/gz_physics_vendor:/opt/ros/jazzy/opt/sdformat_vendor:/opt/ros/jazzy/opt/gz_gui_vendor:/opt/ros/jazzy/opt/gz_transport_vendor:/opt/ros/jazzy/opt/gz_rendering_vendor:/opt/ros/jazzy/opt/gz_plugin_vendor:/opt/ros/jazzy/opt/gz_fuel_tools_vendor:/opt/ros/jazzy/opt/gz_msgs_vendor:/opt/ros/jazzy/opt/gz_common_vendor:/opt/ros/jazzy/opt/gz_math_vendor:/opt/ros/jazzy/opt/gz_utils_vendor:/opt/ros/jazzy/opt/gz_tools_vendor:/opt/ros/jazzy/opt/gz_ogre_next_vendor:/opt/ros/jazzy/opt/gz_dartsim_vendor:/opt/ros/jazzy/opt/gz_cmake_vendor:/opt/ros/jazzy DEBUGINFOD_URLS=https://debuginfod.ubuntu.com /usr/bin/cmake --build /home/eeiww/ud90uhak/teleop_ws/src/build/teleop_moveit_config -- -j8 -l8
[2.701s] Invoked command in '/home/eeiww/ud90uhak/teleop_ws/src/build/teleop_moveit_config' returned '0': AMENT_PREFIX_PATH=/home/eeiww/ud90uhak/teleop_ws/src/install/teleop_description:${AMENT_PREFIX_PATH} CMAKE_PREFIX_PATH=/home/eeiww/ud90uhak/teleop_ws/src/install/teleop_description:/opt/ros/jazzy/opt/gz_sim_vendor:/opt/ros/jazzy/opt/gz_sensors_vendor:/opt/ros/jazzy/opt/gz_physics_vendor:/opt/ros/jazzy/opt/sdformat_vendor:/opt/ros/jazzy/opt/gz_gui_vendor:/opt/ros/jazzy/opt/gz_transport_vendor:/opt/ros/jazzy/opt/gz_rendering_vendor:/opt/ros/jazzy/opt/gz_plugin_vendor:/opt/ros/jazzy/opt/gz_fuel_tools_vendor:/opt/ros/jazzy/opt/gz_msgs_vendor:/opt/ros/jazzy/opt/gz_common_vendor:/opt/ros/jazzy/opt/gz_math_vendor:/opt/ros/jazzy/opt/gz_utils_vendor:/opt/ros/jazzy/opt/gz_tools_vendor:/opt/ros/jazzy/opt/gz_ogre_next_vendor:/opt/ros/jazzy/opt/gz_dartsim_vendor:/opt/ros/jazzy/opt/gz_cmake_vendor:/opt/ros/jazzy DEBUGINFOD_URLS=https://debuginfod.ubuntu.com /usr/bin/cmake --build /home/eeiww/ud90uhak/teleop_ws/src/build/teleop_moveit_config -- -j8 -l8
[2.706s] Invoking command in '/home/eeiww/ud90uhak/teleop_ws/src/build/teleop_moveit_config': AMENT_PREFIX_PATH=/home/eeiww/ud90uhak/teleop_ws/src/install/teleop_description:${AMENT_PREFIX_PATH} CMAKE_PREFIX_PATH=/home/eeiww/ud90uhak/teleop_ws/src/install/teleop_description:/opt/ros/jazzy/opt/gz_sim_vendor:/opt/ros/jazzy/opt/gz_sensors_vendor:/opt/ros/jazzy/opt/gz_physics_vendor:/opt/ros/jazzy/opt/sdformat_vendor:/opt/ros/jazzy/opt/gz_gui_vendor:/opt/ros/jazzy/opt/gz_transport_vendor:/opt/ros/jazzy/opt/gz_rendering_vendor:/opt/ros/jazzy/opt/gz_plugin_vendor:/opt/ros/jazzy/opt/gz_fuel_tools_vendor:/opt/ros/jazzy/opt/gz_msgs_vendor:/opt/ros/jazzy/opt/gz_common_vendor:/opt/ros/jazzy/opt/gz_math_vendor:/opt/ros/jazzy/opt/gz_utils_vendor:/opt/ros/jazzy/opt/gz_tools_vendor:/opt/ros/jazzy/opt/gz_ogre_next_vendor:/opt/ros/jazzy/opt/gz_dartsim_vendor:/opt/ros/jazzy/opt/gz_cmake_vendor:/opt/ros/jazzy DEBUGINFOD_URLS=https://debuginfod.ubuntu.com /usr/bin/cmake --install /home/eeiww/ud90uhak/teleop_ws/src/build/teleop_moveit_config
[2.718s] -- Install configuration: ""
[2.719s] -- Installing: /home/eeiww/ud90uhak/teleop_ws/src/install/teleop_moveit_config/share/teleop_moveit_config/config
[2.727s] -- Installing: /home/eeiww/ud90uhak/teleop_ws/src/install/teleop_moveit_config/share/teleop_moveit_config/config/moveit_controllers.yaml
[2.733s] -- Installing: /home/eeiww/ud90uhak/teleop_ws/src/install/teleop_moveit_config/share/teleop_moveit_config/config/joint_limits.yaml
[2.741s] -- Installing: /home/eeiww/ud90uhak/teleop_ws/src/install/teleop_moveit_config/share/teleop_moveit_config/config/teleop.srdf
[2.749s] -- Installing: /home/eeiww/ud90uhak/teleop_ws/src/install/teleop_moveit_config/share/teleop_moveit_config/config/kinematics.yaml
[2.758s] -- Installing: /home/eeiww/ud90uhak/teleop_ws/src/install/teleop_moveit_config/share/teleop_moveit_config/launch
[2.765s] -- Installing: /home/eeiww/ud90uhak/teleop_ws/src/install/teleop_moveit_config/share/teleop_moveit_config/launch/teleop_demo.launch.py
[2.781s] -- Installing: /home/eeiww/ud90uhak/teleop_ws/src/install/teleop_moveit_config/share/ament_index/resource_index/package_run_dependencies/teleop_moveit_config
[2.801s] -- Installing: /home/eeiww/ud90uhak/teleop_ws/src/install/teleop_moveit_config/share/ament_index/resource_index/parent_prefix_path/teleop_moveit_config
[2.821s] -- Installing: /home/eeiww/ud90uhak/teleop_ws/src/install/teleop_moveit_config/share/teleop_moveit_config/environment/ament_prefix_path.sh
[2.831s] -- Installing: /home/eeiww/ud90uhak/teleop_ws/src/install/teleop_moveit_config/share/teleop_moveit_config/environment/ament_prefix_path.dsv
[2.843s] -- Installing: /home/eeiww/ud90uhak/teleop_ws/src/install/teleop_moveit_config/share/teleop_moveit_config/environment/path.sh
[2.853s] -- Installing: /home/eeiww/ud90uhak/teleop_ws/src/install/teleop_moveit_config/share/teleop_moveit_config/environment/path.dsv
[2.866s] -- Installing: /home/eeiww/ud90uhak/teleop_ws/src/install/teleop_moveit_config/share/teleop_moveit_config/local_setup.bash
[2.878s] -- Installing: /home/eeiww/ud90uhak/teleop_ws/src/install/teleop_moveit_config/share/teleop_moveit_config/local_setup.sh
[2.892s] -- Installing: /home/eeiww/ud90uhak/teleop_ws/src/install/teleop_moveit_config/share/teleop_moveit_config/local_setup.zsh
[2.904s] -- Installing: /home/eeiww/ud90uhak/teleop_ws/src/install/teleop_moveit_config/share/teleop_moveit_config/local_setup.dsv
[2.916s] -- Installing: /home/eeiww/ud90uhak/teleop_ws/src/install/teleop_moveit_config/share/teleop_moveit_config/package.dsv
[2.935s] -- Installing: /home/eeiww/ud90uhak/teleop_ws/src/install/teleop_moveit_config/share/ament_index/resource_index/packages/teleop_moveit_config
[2.951s] -- Installing: /home/eeiww/ud90uhak/teleop_ws/src/install/teleop_moveit_config/share/teleop_moveit_config/cmake/teleop_moveit_configConfig.cmake
[2.962s] -- Installing: /home/eeiww/ud90uhak/teleop_ws/src/install/teleop_moveit_config/share/teleop_moveit_config/cmake/teleop_moveit_configConfig-version.cmake
[2.972s] -- Installing: /home/eeiww/ud90uhak/teleop_ws/src/install/teleop_moveit_config/share/teleop_moveit_config/package.xml
[2.980s] Invoked command in '/home/eeiww/ud90uhak/teleop_ws/src/build/teleop_moveit_config' returned '0': AMENT_PREFIX_PATH=/home/eeiww/ud90uhak/teleop_ws/src/install/teleop_description:${AMENT_PREFIX_PATH} CMAKE_PREFIX_PATH=/home/eeiww/ud90uhak/teleop_ws/src/install/teleop_description:/opt/ros/jazzy/opt/gz_sim_vendor:/opt/ros/jazzy/opt/gz_sensors_vendor:/opt/ros/jazzy/opt/gz_physics_vendor:/opt/ros/jazzy/opt/sdformat_vendor:/opt/ros/jazzy/opt/gz_gui_vendor:/opt/ros/jazzy/opt/gz_transport_vendor:/opt/ros/jazzy/opt/gz_rendering_vendor:/opt/ros/jazzy/opt/gz_plugin_vendor:/opt/ros/jazzy/opt/gz_fuel_tools_vendor:/opt/ros/jazzy/opt/gz_msgs_vendor:/opt/ros/jazzy/opt/gz_common_vendor:/opt/ros/jazzy/opt/gz_math_vendor:/opt/ros/jazzy/opt/gz_utils_vendor:/opt/ros/jazzy/opt/gz_tools_vendor:/opt/ros/jazzy/opt/gz_ogre_next_vendor:/opt/ros/jazzy/opt/gz_dartsim_vendor:/opt/ros/jazzy/opt/gz_cmake_vendor:/opt/ros/jazzy DEBUGINFOD_URLS=https://debuginfod.ubuntu.com /usr/bin/cmake --install /home/eeiww/ud90uhak/teleop_ws/src/build/teleop_moveit_config
