/home/eeiww/ud90uhak/teleop_ws/src/install/teleop_vision/lib/python3.12/site-packages/teleop_vision/__init__.py
/home/eeiww/ud90uhak/teleop_ws/src/install/teleop_vision/lib/python3.12/site-packages/teleop_vision/vision_node.py
/home/eeiww/ud90uhak/teleop_ws/src/install/teleop_vision/lib/python3.12/site-packages/Detector_Modules/__init__.py
/home/eeiww/ud90uhak/teleop_ws/src/install/teleop_vision/lib/python3.12/site-packages/Detector_Modules/PoseDetectorModule.py
/home/eeiww/ud90uhak/teleop_ws/src/install/teleop_vision/lib/python3.12/site-packages/Detector_Modules/HandDetectorModule.py
/home/eeiww/ud90uhak/teleop_ws/src/install/teleop_vision/lib/python3.12/site-packages/robo_pub/__init__.py
/home/eeiww/ud90uhak/teleop_ws/src/install/teleop_vision/lib/python3.12/site-packages/robo_pub/ros_publisher.py
/home/eeiww/ud90uhak/teleop_ws/src/install/teleop_vision/lib/python3.12/site-packages/teleop_vision/__pycache__/__init__.cpython-312.pyc
/home/eeiww/ud90uhak/teleop_ws/src/install/teleop_vision/lib/python3.12/site-packages/teleop_vision/__pycache__/vision_node.cpython-312.pyc
/home/eeiww/ud90uhak/teleop_ws/src/install/teleop_vision/lib/python3.12/site-packages/Detector_Modules/__pycache__/__init__.cpython-312.pyc
/home/eeiww/ud90uhak/teleop_ws/src/install/teleop_vision/lib/python3.12/site-packages/Detector_Modules/__pycache__/PoseDetectorModule.cpython-312.pyc
/home/eeiww/ud90uhak/teleop_ws/src/install/teleop_vision/lib/python3.12/site-packages/Detector_Modules/__pycache__/HandDetectorModule.cpython-312.pyc
/home/eeiww/ud90uhak/teleop_ws/src/install/teleop_vision/lib/python3.12/site-packages/robo_pub/__pycache__/__init__.cpython-312.pyc
/home/eeiww/ud90uhak/teleop_ws/src/install/teleop_vision/lib/python3.12/site-packages/robo_pub/__pycache__/ros_publisher.cpython-312.pyc
/home/eeiww/ud90uhak/teleop_ws/src/install/teleop_vision/share/ament_index/resource_index/packages/teleop_vision
/home/eeiww/ud90uhak/teleop_ws/src/install/teleop_vision/share/teleop_vision/package.xml
/home/eeiww/ud90uhak/teleop_ws/src/install/teleop_vision/lib/python3.12/site-packages/teleop_vision-0.0.0-py3.12.egg-info/top_level.txt
/home/eeiww/ud90uhak/teleop_ws/src/install/teleop_vision/lib/python3.12/site-packages/teleop_vision-0.0.0-py3.12.egg-info/PKG-INFO
/home/eeiww/ud90uhak/teleop_ws/src/install/teleop_vision/lib/python3.12/site-packages/teleop_vision-0.0.0-py3.12.egg-info/SOURCES.txt
/home/eeiww/ud90uhak/teleop_ws/src/install/teleop_vision/lib/python3.12/site-packages/teleop_vision-0.0.0-py3.12.egg-info/dependency_links.txt
/home/eeiww/ud90uhak/teleop_ws/src/install/teleop_vision/lib/python3.12/site-packages/teleop_vision-0.0.0-py3.12.egg-info/zip-safe
/home/eeiww/ud90uhak/teleop_ws/src/install/teleop_vision/lib/python3.12/site-packages/teleop_vision-0.0.0-py3.12.egg-info/requires.txt
