running egg_info
creating ../build/teleop_vision/teleop_vision.egg-info
writing ../build/teleop_vision/teleop_vision.egg-info/PKG-INFO
writing dependency_links to ../build/teleop_vision/teleop_vision.egg-info/dependency_links.txt
writing requirements to ../build/teleop_vision/teleop_vision.egg-info/requires.txt
writing top-level names to ../build/teleop_vision/teleop_vision.egg-info/top_level.txt
writing manifest file '../build/teleop_vision/teleop_vision.egg-info/SOURCES.txt'
reading manifest file '../build/teleop_vision/teleop_vision.egg-info/SOURCES.txt'
writing manifest file '../build/teleop_vision/teleop_vision.egg-info/SOURCES.txt'
running build
running build_py
creating /home/eeiww/ud90uhak/teleop_ws/src/build/teleop_vision/build
creating /home/eeiww/ud90uhak/teleop_ws/src/build/teleop_vision/build/lib
creating /home/eeiww/ud90uhak/teleop_ws/src/build/teleop_vision/build/lib/teleop_vision
copying teleop_vision/__init__.py -> /home/eeiww/ud90uhak/teleop_ws/src/build/teleop_vision/build/lib/teleop_vision
running install
running install_lib
creating /home/eeiww/ud90uhak/teleop_ws/src/install/teleop_vision/lib/python3.12/site-packages/teleop_vision
copying /home/eeiww/ud90uhak/teleop_ws/src/build/teleop_vision/build/lib/teleop_vision/__init__.py -> /home/eeiww/ud90uhak/teleop_ws/src/install/teleop_vision/lib/python3.12/site-packages/teleop_vision
byte-compiling /home/eeiww/ud90uhak/teleop_ws/src/install/teleop_vision/lib/python3.12/site-packages/teleop_vision/__init__.py to __init__.cpython-312.pyc
running install_data
creating /home/eeiww/ud90uhak/teleop_ws/src/install/teleop_vision/share/ament_index
creating /home/eeiww/ud90uhak/teleop_ws/src/install/teleop_vision/share/ament_index/resource_index
creating /home/eeiww/ud90uhak/teleop_ws/src/install/teleop_vision/share/ament_index/resource_index/packages
copying resource/teleop_vision -> /home/eeiww/ud90uhak/teleop_ws/src/install/teleop_vision/share/ament_index/resource_index/packages
copying package.xml -> /home/eeiww/ud90uhak/teleop_ws/src/install/teleop_vision/share/teleop_vision
running install_egg_info
Copying ../build/teleop_vision/teleop_vision.egg-info to /home/eeiww/ud90uhak/teleop_ws/src/install/teleop_vision/lib/python3.12/site-packages/teleop_vision-0.0.0-py3.12.egg-info
running install_scripts
writing list of installed files to '/home/eeiww/ud90uhak/teleop_ws/src/build/teleop_vision/install.log'
