[0.000000] (-) TimerEvent: {}
[0.000083] (teleop_description) JobQueued: {'identifier': 'teleop_description', 'dependencies': OrderedDict()}
[0.000141] (teleop_description) JobStarted: {'identifier': 'teleop_description'}
[0.019906] (teleop_description) JobProgress: {'identifier': 'teleop_description', 'progress': 'cmake'}
[0.033720] (teleop_description) Command: {'cmd': ['/usr/bin/cmake', '/home/eeiww/ud90uhak/teleop_ws/teleop_description', '-DCMAKE_INSTALL_PREFIX=/home/eeiww/ud90uhak/teleop_ws/install/teleop_description'], 'cwd': '/home/eeiww/ud90uhak/teleop_ws/build/teleop_description', 'env': OrderedDict({'GZ_SIM_RESOURCE_PATH': '/opt/ros/jazzy/share', 'LANGUAGE': 'en_US:', 'USER': 'ud90uhak', 'LC_TIME': 'de_DE.UTF-8', 'GZ_CONFIG_PATH': '/opt/ros/jazzy/opt/gz_sim_vendor/share/gz:/opt/ros/jazzy/opt/sdformat_vendor/share/gz:/opt/ros/jazzy/opt/gz_gui_vendor/share/gz:/opt/ros/jazzy/opt/gz_transport_vendor/share/gz:/opt/ros/jazzy/opt/gz_rendering_vendor/share/gz:/opt/ros/jazzy/opt/gz_plugin_vendor/share/gz:/opt/ros/jazzy/opt/gz_fuel_tools_vendor/share/gz:/opt/ros/jazzy/opt/gz_msgs_vendor/share/gz:/opt/ros/jazzy/opt/gz_common_vendor/share/gz', 'XDG_SESSION_TYPE': 'x11', 'LAMMPS_POTENTIALS': 'share/lammps/potentials', 'CLUTTER_DISABLE_MIPMAPPED_TEXT': '1', 'SHLVL': '1', 'LD_LIBRARY_PATH': '/opt/ros/jazzy/opt/gz_sim_vendor/lib:/opt/ros/jazzy/opt/gz_sensors_vendor/lib:/opt/ros/jazzy/opt/gz_physics_vendor/lib:/opt/ros/jazzy/opt/sdformat_vendor/lib:/opt/ros/jazzy/opt/rviz_ogre_vendor/lib:/opt/ros/jazzy/lib/x86_64-linux-gnu:/opt/ros/jazzy/opt/gz_gui_vendor/lib:/opt/ros/jazzy/opt/gz_transport_vendor/lib:/opt/ros/jazzy/opt/gz_rendering_vendor/lib:/opt/ros/jazzy/opt/gz_plugin_vendor/lib:/opt/ros/jazzy/opt/gz_fuel_tools_vendor/lib:/opt/ros/jazzy/opt/gz_msgs_vendor/lib:/opt/ros/jazzy/opt/gz_common_vendor/lib:/opt/ros/jazzy/opt/gz_math_vendor/lib:/opt/ros/jazzy/opt/gz_utils_vendor/lib:/opt/ros/jazzy/opt/gz_tools_vendor/lib:/opt/ros/jazzy/opt/gz_ogre_next_vendor/lib:/opt/ros/jazzy/opt/gz_dartsim_vendor/lib:/opt/ros/jazzy/opt/gz_cmake_vendor/lib:/opt/ros/jazzy/lib', 'HOME': '/home/eeiww/ud90uhak', 'DESKTOP_SESSION': 'ubuntu', 'ROS_PYTHON_VERSION': '3', 'GNOME_SHELL_SESSION_MODE': 'ubuntu', 'GTK_MODULES': 'gail:atk-bridge', 'LC_MONETARY': 'de_DE.UTF-8', 'LM_PROJECT': 'iwe0', 'SYSTEMD_EXEC_PID': '18403', 'GSM_SKIP_SSH_AGENT_WORKAROUND': 'true', 'DBUS_SESSION_BUS_ADDRESS': 'unix:path=/run/user/439630/bus', 'COLORTERM': 'truecolor', 'DEBUGINFOD_URLS': 'https://debuginfod.ubuntu.com', 'COLCON_PREFIX_PATH': '/home/eeiww/ud90uhak/teleop_ws/install', 'ROS_DISTRO': 'jazzy', 'LOGNAME': 'ud90uhak', '_': '/usr/bin/colcon', 'ROS_VERSION': '2', 'MEMORY_PRESSURE_WATCH': '/sys/fs/cgroup/user.slice/user-439630.slice/user@439630.service/session.slice/org.gnome.Shell@x11.service/memory.pressure', 'XDG_SESSION_CLASS': 'user', 'USERNAME': 'ud90uhak', 'TERM': 'xterm-256color', 'GNOME_DESKTOP_SESSION_ID': 'this-is-deprecated', 'WINDOWPATH': '2', 'PATH': '/opt/ros/jazzy/opt/gz_msgs_vendor/bin:/opt/ros/jazzy/opt/gz_tools_vendor/bin:/opt/ros/jazzy/opt/gz_ogre_next_vendor/bin:/opt/ros/jazzy/bin:/usr/local/sbin:/usr/local/bin:/usr/sbin:/usr/bin:/sbin:/bin:/usr/games:/usr/local/games:/snap/bin:/snap/bin', 'SESSION_MANAGER': 'local/cip115-59:@/tmp/.ICE-unix/18387,unix/cip115-59:/tmp/.ICE-unix/18387', 'XDG_MENU_PREFIX': 'gnome-', 'LC_ADDRESS': 'de_DE.UTF-8', 'GNOME_TERMINAL_SCREEN': '/org/gnome/Terminal/screen/64611022_b789_4ce8_9881_00edcfc0892a', 'XDG_RUNTIME_DIR': '/run/user/439630', 'DISPLAY': ':1', 'LANG': 'en_US.UTF-8', 'XDG_CURRENT_DESKTOP': 'ubuntu:GNOME', 'LC_TELEPHONE': 'de_DE.UTF-8', 'XMODIFIERS': '@im=ibus', 'XDG_SESSION_DESKTOP': 'ubuntu', 'XAUTHORITY': '/run/user/439630/gdm/Xauthority', 'GNOME_TERMINAL_SERVICE': ':1.153', 'SSH_AUTH_SOCK': '/run/user/439630/gnupg/S.gpg-agent.ssh', 'AMENT_PREFIX_PATH': '/opt/ros/jazzy', 'SHELL': '/bin/bash', 'LC_NAME': 'de_DE.UTF-8', 'KRB5CCNAME': 'FILE:/tmp/krb5cc_439630', 'QT_ACCESSIBILITY': '1', 'GDMSESSION': 'ubuntu', 'LC_MEASUREMENT': 'de_DE.UTF-8', 'GPG_AGENT_INFO': '/run/user/439630/gnupg/S.gpg-agent:0:1', 'LC_IDENTIFICATION': 'de_DE.UTF-8', 'ROS_AUTOMATIC_DISCOVERY_RANGE': 'SUBNET', 'QT_IM_MODULE': 'ibus', 'PWD': '/home/eeiww/ud90uhak/teleop_ws/build/teleop_description', 'XDG_CONFIG_DIRS': '/etc/xdg/xdg-ubuntu:/etc/xdg', 'XDG_DATA_DIRS': '/usr/share/ubuntu:/usr/share/gnome:/usr/local/share/:/usr/share/:/var/lib/snapd/desktop', 'QTWEBENGINE_DICTIONARIES_PATH': '/usr/share/hunspell-bdic/', 'PYTHONPATH': '/opt/ros/jazzy/lib/python3.12/site-packages', 'LC_NUMERIC': 'de_DE.UTF-8', 'MSI2LMP_LIBRARY': 'share/lammps/frc_files', 'LC_PAPER': 'de_DE.UTF-8', 'COLCON': '1', 'MEMORY_PRESSURE_WRITE': 'c29tZSAyMDAwMDAgMjAwMDAwMAA=', 'LS_OPTIONS': '-N --color=tty -T 0', 'VTE_VERSION': '7600', 'CMAKE_PREFIX_PATH': '/opt/ros/jazzy/opt/gz_sim_vendor:/opt/ros/jazzy/opt/gz_sensors_vendor:/opt/ros/jazzy/opt/gz_physics_vendor:/opt/ros/jazzy/opt/sdformat_vendor:/opt/ros/jazzy/opt/gz_gui_vendor:/opt/ros/jazzy/opt/gz_transport_vendor:/opt/ros/jazzy/opt/gz_rendering_vendor:/opt/ros/jazzy/opt/gz_plugin_vendor:/opt/ros/jazzy/opt/gz_fuel_tools_vendor:/opt/ros/jazzy/opt/gz_msgs_vendor:/opt/ros/jazzy/opt/gz_common_vendor:/opt/ros/jazzy/opt/gz_math_vendor:/opt/ros/jazzy/opt/gz_utils_vendor:/opt/ros/jazzy/opt/gz_tools_vendor:/opt/ros/jazzy/opt/gz_ogre_next_vendor:/opt/ros/jazzy/opt/gz_dartsim_vendor:/opt/ros/jazzy/opt/gz_cmake_vendor:/opt/ros/jazzy'}), 'shell': False}
[0.098950] (-) TimerEvent: {}
[0.199312] (-) TimerEvent: {}
[0.299829] (-) TimerEvent: {}
[0.343266] (teleop_description) StdoutLine: {'line': b'-- The C compiler identification is GNU 13.3.0\n'}
[0.400040] (-) TimerEvent: {}
[0.500590] (-) TimerEvent: {}
[0.601062] (-) TimerEvent: {}
[0.608279] (teleop_description) StdoutLine: {'line': b'-- The CXX compiler identification is GNU 13.3.0\n'}
[0.641699] (teleop_description) StdoutLine: {'line': b'-- Detecting C compiler ABI info\n'}
[0.701265] (-) TimerEvent: {}
[0.801825] (-) TimerEvent: {}
[0.902361] (-) TimerEvent: {}
[1.002864] (-) TimerEvent: {}
[1.044926] (teleop_description) StdoutLine: {'line': b'-- Detecting C compiler ABI info - done\n'}
[1.083017] (teleop_description) StdoutLine: {'line': b'-- Check for working C compiler: /usr/bin/cc - skipped\n'}
[1.090988] (teleop_description) StdoutLine: {'line': b'-- Detecting C compile features\n'}
[1.091907] (teleop_description) StdoutLine: {'line': b'-- Detecting C compile features - done\n'}
[1.102981] (-) TimerEvent: {}
[1.123455] (teleop_description) StdoutLine: {'line': b'-- Detecting CXX compiler ABI info\n'}
[1.203211] (-) TimerEvent: {}
[1.303730] (-) TimerEvent: {}
[1.404234] (-) TimerEvent: {}
[1.504632] (-) TimerEvent: {}
[1.548245] (teleop_description) StdoutLine: {'line': b'-- Detecting CXX compiler ABI info - done\n'}
[1.573065] (teleop_description) StdoutLine: {'line': b'-- Check for working CXX compiler: /usr/bin/c++ - skipped\n'}
[1.573698] (teleop_description) StdoutLine: {'line': b'-- Detecting CXX compile features\n'}
[1.574809] (teleop_description) StdoutLine: {'line': b'-- Detecting CXX compile features - done\n'}
[1.604834] (-) TimerEvent: {}
[1.631418] (teleop_description) StdoutLine: {'line': b'-- Found ament_cmake: 2.5.5 (/opt/ros/jazzy/share/ament_cmake/cmake)\n'}
[1.704943] (-) TimerEvent: {}
[1.788643] (teleop_description) StdoutLine: {'line': b'-- Found Python3: /usr/bin/python3 (found version "3.12.3") found components: Interpreter \n'}
[1.805153] (-) TimerEvent: {}
[1.905342] (-) TimerEvent: {}
[2.005581] (-) TimerEvent: {}
[2.073932] (teleop_description) StdoutLine: {'line': b'-- Found ament_lint_auto: 0.17.4 (/opt/ros/jazzy/share/ament_lint_auto/cmake)\n'}
[2.105684] (-) TimerEvent: {}
[2.205892] (-) TimerEvent: {}
[2.306242] (-) TimerEvent: {}
[2.326700] (teleop_description) StdoutLine: {'line': b"-- Added test 'lint_cmake' to check CMake code style\n"}
[2.366015] (teleop_description) StdoutLine: {'line': b"-- Added test 'xmllint' to check XML markup files\n"}
[2.406447] (-) TimerEvent: {}
[2.424534] (teleop_description) StdoutLine: {'line': b'-- Configuring done (2.3s)\n'}
[2.506646] (-) TimerEvent: {}
[2.607157] (-) TimerEvent: {}
[2.616680] (teleop_description) StdoutLine: {'line': b'-- Generating done (0.2s)\n'}
[2.707308] (-) TimerEvent: {}
[2.712687] (teleop_description) StdoutLine: {'line': b'-- Build files have been written to: /home/eeiww/ud90uhak/teleop_ws/build/teleop_description\n'}
[2.726932] (teleop_description) CommandEnded: {'returncode': 0}
[2.729646] (teleop_description) JobProgress: {'identifier': 'teleop_description', 'progress': 'build'}
[2.732502] (teleop_description) Command: {'cmd': ['/usr/bin/cmake', '--build', '/home/eeiww/ud90uhak/teleop_ws/build/teleop_description', '--', '-j8', '-l8'], 'cwd': '/home/eeiww/ud90uhak/teleop_ws/build/teleop_description', 'env': OrderedDict({'GZ_SIM_RESOURCE_PATH': '/opt/ros/jazzy/share', 'LANGUAGE': 'en_US:', 'USER': 'ud90uhak', 'LC_TIME': 'de_DE.UTF-8', 'GZ_CONFIG_PATH': '/opt/ros/jazzy/opt/gz_sim_vendor/share/gz:/opt/ros/jazzy/opt/sdformat_vendor/share/gz:/opt/ros/jazzy/opt/gz_gui_vendor/share/gz:/opt/ros/jazzy/opt/gz_transport_vendor/share/gz:/opt/ros/jazzy/opt/gz_rendering_vendor/share/gz:/opt/ros/jazzy/opt/gz_plugin_vendor/share/gz:/opt/ros/jazzy/opt/gz_fuel_tools_vendor/share/gz:/opt/ros/jazzy/opt/gz_msgs_vendor/share/gz:/opt/ros/jazzy/opt/gz_common_vendor/share/gz', 'XDG_SESSION_TYPE': 'x11', 'LAMMPS_POTENTIALS': 'share/lammps/potentials', 'CLUTTER_DISABLE_MIPMAPPED_TEXT': '1', 'SHLVL': '1', 'LD_LIBRARY_PATH': '/opt/ros/jazzy/opt/gz_sim_vendor/lib:/opt/ros/jazzy/opt/gz_sensors_vendor/lib:/opt/ros/jazzy/opt/gz_physics_vendor/lib:/opt/ros/jazzy/opt/sdformat_vendor/lib:/opt/ros/jazzy/opt/rviz_ogre_vendor/lib:/opt/ros/jazzy/lib/x86_64-linux-gnu:/opt/ros/jazzy/opt/gz_gui_vendor/lib:/opt/ros/jazzy/opt/gz_transport_vendor/lib:/opt/ros/jazzy/opt/gz_rendering_vendor/lib:/opt/ros/jazzy/opt/gz_plugin_vendor/lib:/opt/ros/jazzy/opt/gz_fuel_tools_vendor/lib:/opt/ros/jazzy/opt/gz_msgs_vendor/lib:/opt/ros/jazzy/opt/gz_common_vendor/lib:/opt/ros/jazzy/opt/gz_math_vendor/lib:/opt/ros/jazzy/opt/gz_utils_vendor/lib:/opt/ros/jazzy/opt/gz_tools_vendor/lib:/opt/ros/jazzy/opt/gz_ogre_next_vendor/lib:/opt/ros/jazzy/opt/gz_dartsim_vendor/lib:/opt/ros/jazzy/opt/gz_cmake_vendor/lib:/opt/ros/jazzy/lib', 'HOME': '/home/eeiww/ud90uhak', 'DESKTOP_SESSION': 'ubuntu', 'ROS_PYTHON_VERSION': '3', 'GNOME_SHELL_SESSION_MODE': 'ubuntu', 'GTK_MODULES': 'gail:atk-bridge', 'LC_MONETARY': 'de_DE.UTF-8', 'LM_PROJECT': 'iwe0', 'SYSTEMD_EXEC_PID': '18403', 'GSM_SKIP_SSH_AGENT_WORKAROUND': 'true', 'DBUS_SESSION_BUS_ADDRESS': 'unix:path=/run/user/439630/bus', 'COLORTERM': 'truecolor', 'DEBUGINFOD_URLS': 'https://debuginfod.ubuntu.com', 'COLCON_PREFIX_PATH': '/home/eeiww/ud90uhak/teleop_ws/install', 'ROS_DISTRO': 'jazzy', 'LOGNAME': 'ud90uhak', '_': '/usr/bin/colcon', 'ROS_VERSION': '2', 'MEMORY_PRESSURE_WATCH': '/sys/fs/cgroup/user.slice/user-439630.slice/user@439630.service/session.slice/org.gnome.Shell@x11.service/memory.pressure', 'XDG_SESSION_CLASS': 'user', 'USERNAME': 'ud90uhak', 'TERM': 'xterm-256color', 'GNOME_DESKTOP_SESSION_ID': 'this-is-deprecated', 'WINDOWPATH': '2', 'PATH': '/opt/ros/jazzy/opt/gz_msgs_vendor/bin:/opt/ros/jazzy/opt/gz_tools_vendor/bin:/opt/ros/jazzy/opt/gz_ogre_next_vendor/bin:/opt/ros/jazzy/bin:/usr/local/sbin:/usr/local/bin:/usr/sbin:/usr/bin:/sbin:/bin:/usr/games:/usr/local/games:/snap/bin:/snap/bin', 'SESSION_MANAGER': 'local/cip115-59:@/tmp/.ICE-unix/18387,unix/cip115-59:/tmp/.ICE-unix/18387', 'XDG_MENU_PREFIX': 'gnome-', 'LC_ADDRESS': 'de_DE.UTF-8', 'GNOME_TERMINAL_SCREEN': '/org/gnome/Terminal/screen/64611022_b789_4ce8_9881_00edcfc0892a', 'XDG_RUNTIME_DIR': '/run/user/439630', 'DISPLAY': ':1', 'LANG': 'en_US.UTF-8', 'XDG_CURRENT_DESKTOP': 'ubuntu:GNOME', 'LC_TELEPHONE': 'de_DE.UTF-8', 'XMODIFIERS': '@im=ibus', 'XDG_SESSION_DESKTOP': 'ubuntu', 'XAUTHORITY': '/run/user/439630/gdm/Xauthority', 'GNOME_TERMINAL_SERVICE': ':1.153', 'SSH_AUTH_SOCK': '/run/user/439630/gnupg/S.gpg-agent.ssh', 'AMENT_PREFIX_PATH': '/opt/ros/jazzy', 'SHELL': '/bin/bash', 'LC_NAME': 'de_DE.UTF-8', 'KRB5CCNAME': 'FILE:/tmp/krb5cc_439630', 'QT_ACCESSIBILITY': '1', 'GDMSESSION': 'ubuntu', 'LC_MEASUREMENT': 'de_DE.UTF-8', 'GPG_AGENT_INFO': '/run/user/439630/gnupg/S.gpg-agent:0:1', 'LC_IDENTIFICATION': 'de_DE.UTF-8', 'ROS_AUTOMATIC_DISCOVERY_RANGE': 'SUBNET', 'QT_IM_MODULE': 'ibus', 'PWD': '/home/eeiww/ud90uhak/teleop_ws/build/teleop_description', 'XDG_CONFIG_DIRS': '/etc/xdg/xdg-ubuntu:/etc/xdg', 'XDG_DATA_DIRS': '/usr/share/ubuntu:/usr/share/gnome:/usr/local/share/:/usr/share/:/var/lib/snapd/desktop', 'QTWEBENGINE_DICTIONARIES_PATH': '/usr/share/hunspell-bdic/', 'PYTHONPATH': '/opt/ros/jazzy/lib/python3.12/site-packages', 'LC_NUMERIC': 'de_DE.UTF-8', 'MSI2LMP_LIBRARY': 'share/lammps/frc_files', 'LC_PAPER': 'de_DE.UTF-8', 'COLCON': '1', 'MEMORY_PRESSURE_WRITE': 'c29tZSAyMDAwMDAgMjAwMDAwMAA=', 'LS_OPTIONS': '-N --color=tty -T 0', 'VTE_VERSION': '7600', 'CMAKE_PREFIX_PATH': '/opt/ros/jazzy/opt/gz_sim_vendor:/opt/ros/jazzy/opt/gz_sensors_vendor:/opt/ros/jazzy/opt/gz_physics_vendor:/opt/ros/jazzy/opt/sdformat_vendor:/opt/ros/jazzy/opt/gz_gui_vendor:/opt/ros/jazzy/opt/gz_transport_vendor:/opt/ros/jazzy/opt/gz_rendering_vendor:/opt/ros/jazzy/opt/gz_plugin_vendor:/opt/ros/jazzy/opt/gz_fuel_tools_vendor:/opt/ros/jazzy/opt/gz_msgs_vendor:/opt/ros/jazzy/opt/gz_common_vendor:/opt/ros/jazzy/opt/gz_math_vendor:/opt/ros/jazzy/opt/gz_utils_vendor:/opt/ros/jazzy/opt/gz_tools_vendor:/opt/ros/jazzy/opt/gz_ogre_next_vendor:/opt/ros/jazzy/opt/gz_dartsim_vendor:/opt/ros/jazzy/opt/gz_cmake_vendor:/opt/ros/jazzy'}), 'shell': False}
[2.807458] (-) TimerEvent: {}
[2.842193] (teleop_description) CommandEnded: {'returncode': 0}
[2.848429] (teleop_description) JobProgress: {'identifier': 'teleop_description', 'progress': 'install'}
[2.868518] (teleop_description) Command: {'cmd': ['/usr/bin/cmake', '--install', '/home/eeiww/ud90uhak/teleop_ws/build/teleop_description'], 'cwd': '/home/eeiww/ud90uhak/teleop_ws/build/teleop_description', 'env': OrderedDict({'GZ_SIM_RESOURCE_PATH': '/opt/ros/jazzy/share', 'LANGUAGE': 'en_US:', 'USER': 'ud90uhak', 'LC_TIME': 'de_DE.UTF-8', 'GZ_CONFIG_PATH': '/opt/ros/jazzy/opt/gz_sim_vendor/share/gz:/opt/ros/jazzy/opt/sdformat_vendor/share/gz:/opt/ros/jazzy/opt/gz_gui_vendor/share/gz:/opt/ros/jazzy/opt/gz_transport_vendor/share/gz:/opt/ros/jazzy/opt/gz_rendering_vendor/share/gz:/opt/ros/jazzy/opt/gz_plugin_vendor/share/gz:/opt/ros/jazzy/opt/gz_fuel_tools_vendor/share/gz:/opt/ros/jazzy/opt/gz_msgs_vendor/share/gz:/opt/ros/jazzy/opt/gz_common_vendor/share/gz', 'XDG_SESSION_TYPE': 'x11', 'LAMMPS_POTENTIALS': 'share/lammps/potentials', 'CLUTTER_DISABLE_MIPMAPPED_TEXT': '1', 'SHLVL': '1', 'LD_LIBRARY_PATH': '/opt/ros/jazzy/opt/gz_sim_vendor/lib:/opt/ros/jazzy/opt/gz_sensors_vendor/lib:/opt/ros/jazzy/opt/gz_physics_vendor/lib:/opt/ros/jazzy/opt/sdformat_vendor/lib:/opt/ros/jazzy/opt/rviz_ogre_vendor/lib:/opt/ros/jazzy/lib/x86_64-linux-gnu:/opt/ros/jazzy/opt/gz_gui_vendor/lib:/opt/ros/jazzy/opt/gz_transport_vendor/lib:/opt/ros/jazzy/opt/gz_rendering_vendor/lib:/opt/ros/jazzy/opt/gz_plugin_vendor/lib:/opt/ros/jazzy/opt/gz_fuel_tools_vendor/lib:/opt/ros/jazzy/opt/gz_msgs_vendor/lib:/opt/ros/jazzy/opt/gz_common_vendor/lib:/opt/ros/jazzy/opt/gz_math_vendor/lib:/opt/ros/jazzy/opt/gz_utils_vendor/lib:/opt/ros/jazzy/opt/gz_tools_vendor/lib:/opt/ros/jazzy/opt/gz_ogre_next_vendor/lib:/opt/ros/jazzy/opt/gz_dartsim_vendor/lib:/opt/ros/jazzy/opt/gz_cmake_vendor/lib:/opt/ros/jazzy/lib', 'HOME': '/home/eeiww/ud90uhak', 'DESKTOP_SESSION': 'ubuntu', 'ROS_PYTHON_VERSION': '3', 'GNOME_SHELL_SESSION_MODE': 'ubuntu', 'GTK_MODULES': 'gail:atk-bridge', 'LC_MONETARY': 'de_DE.UTF-8', 'LM_PROJECT': 'iwe0', 'SYSTEMD_EXEC_PID': '18403', 'GSM_SKIP_SSH_AGENT_WORKAROUND': 'true', 'DBUS_SESSION_BUS_ADDRESS': 'unix:path=/run/user/439630/bus', 'COLORTERM': 'truecolor', 'DEBUGINFOD_URLS': 'https://debuginfod.ubuntu.com', 'COLCON_PREFIX_PATH': '/home/eeiww/ud90uhak/teleop_ws/install', 'ROS_DISTRO': 'jazzy', 'LOGNAME': 'ud90uhak', '_': '/usr/bin/colcon', 'ROS_VERSION': '2', 'MEMORY_PRESSURE_WATCH': '/sys/fs/cgroup/user.slice/user-439630.slice/user@439630.service/session.slice/org.gnome.Shell@x11.service/memory.pressure', 'XDG_SESSION_CLASS': 'user', 'USERNAME': 'ud90uhak', 'TERM': 'xterm-256color', 'GNOME_DESKTOP_SESSION_ID': 'this-is-deprecated', 'WINDOWPATH': '2', 'PATH': '/opt/ros/jazzy/opt/gz_msgs_vendor/bin:/opt/ros/jazzy/opt/gz_tools_vendor/bin:/opt/ros/jazzy/opt/gz_ogre_next_vendor/bin:/opt/ros/jazzy/bin:/usr/local/sbin:/usr/local/bin:/usr/sbin:/usr/bin:/sbin:/bin:/usr/games:/usr/local/games:/snap/bin:/snap/bin', 'SESSION_MANAGER': 'local/cip115-59:@/tmp/.ICE-unix/18387,unix/cip115-59:/tmp/.ICE-unix/18387', 'XDG_MENU_PREFIX': 'gnome-', 'LC_ADDRESS': 'de_DE.UTF-8', 'GNOME_TERMINAL_SCREEN': '/org/gnome/Terminal/screen/64611022_b789_4ce8_9881_00edcfc0892a', 'XDG_RUNTIME_DIR': '/run/user/439630', 'DISPLAY': ':1', 'LANG': 'en_US.UTF-8', 'XDG_CURRENT_DESKTOP': 'ubuntu:GNOME', 'LC_TELEPHONE': 'de_DE.UTF-8', 'XMODIFIERS': '@im=ibus', 'XDG_SESSION_DESKTOP': 'ubuntu', 'XAUTHORITY': '/run/user/439630/gdm/Xauthority', 'GNOME_TERMINAL_SERVICE': ':1.153', 'SSH_AUTH_SOCK': '/run/user/439630/gnupg/S.gpg-agent.ssh', 'AMENT_PREFIX_PATH': '/opt/ros/jazzy', 'SHELL': '/bin/bash', 'LC_NAME': 'de_DE.UTF-8', 'KRB5CCNAME': 'FILE:/tmp/krb5cc_439630', 'QT_ACCESSIBILITY': '1', 'GDMSESSION': 'ubuntu', 'LC_MEASUREMENT': 'de_DE.UTF-8', 'GPG_AGENT_INFO': '/run/user/439630/gnupg/S.gpg-agent:0:1', 'LC_IDENTIFICATION': 'de_DE.UTF-8', 'ROS_AUTOMATIC_DISCOVERY_RANGE': 'SUBNET', 'QT_IM_MODULE': 'ibus', 'PWD': '/home/eeiww/ud90uhak/teleop_ws/build/teleop_description', 'XDG_CONFIG_DIRS': '/etc/xdg/xdg-ubuntu:/etc/xdg', 'XDG_DATA_DIRS': '/usr/share/ubuntu:/usr/share/gnome:/usr/local/share/:/usr/share/:/var/lib/snapd/desktop', 'QTWEBENGINE_DICTIONARIES_PATH': '/usr/share/hunspell-bdic/', 'PYTHONPATH': '/opt/ros/jazzy/lib/python3.12/site-packages', 'LC_NUMERIC': 'de_DE.UTF-8', 'MSI2LMP_LIBRARY': 'share/lammps/frc_files', 'LC_PAPER': 'de_DE.UTF-8', 'COLCON': '1', 'MEMORY_PRESSURE_WRITE': 'c29tZSAyMDAwMDAgMjAwMDAwMAA=', 'LS_OPTIONS': '-N --color=tty -T 0', 'VTE_VERSION': '7600', 'CMAKE_PREFIX_PATH': '/opt/ros/jazzy/opt/gz_sim_vendor:/opt/ros/jazzy/opt/gz_sensors_vendor:/opt/ros/jazzy/opt/gz_physics_vendor:/opt/ros/jazzy/opt/sdformat_vendor:/opt/ros/jazzy/opt/gz_gui_vendor:/opt/ros/jazzy/opt/gz_transport_vendor:/opt/ros/jazzy/opt/gz_rendering_vendor:/opt/ros/jazzy/opt/gz_plugin_vendor:/opt/ros/jazzy/opt/gz_fuel_tools_vendor:/opt/ros/jazzy/opt/gz_msgs_vendor:/opt/ros/jazzy/opt/gz_common_vendor:/opt/ros/jazzy/opt/gz_math_vendor:/opt/ros/jazzy/opt/gz_utils_vendor:/opt/ros/jazzy/opt/gz_tools_vendor:/opt/ros/jazzy/opt/gz_ogre_next_vendor:/opt/ros/jazzy/opt/gz_dartsim_vendor:/opt/ros/jazzy/opt/gz_cmake_vendor:/opt/ros/jazzy'}), 'shell': False}
[2.887527] (teleop_description) StdoutLine: {'line': b'-- Install configuration: ""\n'}
[2.897556] (teleop_description) StdoutLine: {'line': b'-- Installing: /home/eeiww/ud90uhak/teleop_ws/install/teleop_description/share/ament_index/resource_index/package_run_dependencies/teleop_description\n'}
[2.907540] (-) TimerEvent: {}
[2.913417] (teleop_description) StdoutLine: {'line': b'-- Installing: /home/eeiww/ud90uhak/teleop_ws/install/teleop_description/share/ament_index/resource_index/parent_prefix_path/teleop_description\n'}
[2.930612] (teleop_description) StdoutLine: {'line': b'-- Installing: /home/eeiww/ud90uhak/teleop_ws/install/teleop_description/share/teleop_description/environment/ament_prefix_path.sh\n'}
[2.941191] (teleop_description) StdoutLine: {'line': b'-- Installing: /home/eeiww/ud90uhak/teleop_ws/install/teleop_description/share/teleop_description/environment/ament_prefix_path.dsv\n'}
[2.952232] (teleop_description) StdoutLine: {'line': b'-- Installing: /home/eeiww/ud90uhak/teleop_ws/install/teleop_description/share/teleop_description/environment/path.sh\n'}
[2.962016] (teleop_description) StdoutLine: {'line': b'-- Installing: /home/eeiww/ud90uhak/teleop_ws/install/teleop_description/share/teleop_description/environment/path.dsv\n'}
[2.974604] (teleop_description) StdoutLine: {'line': b'-- Installing: /home/eeiww/ud90uhak/teleop_ws/install/teleop_description/share/teleop_description/local_setup.bash\n'}
[2.986671] (teleop_description) StdoutLine: {'line': b'-- Installing: /home/eeiww/ud90uhak/teleop_ws/install/teleop_description/share/teleop_description/local_setup.sh\n'}
[3.000488] (teleop_description) StdoutLine: {'line': b'-- Installing: /home/eeiww/ud90uhak/teleop_ws/install/teleop_description/share/teleop_description/local_setup.zsh\n'}
[3.007885] (-) TimerEvent: {}
[3.014021] (teleop_description) StdoutLine: {'line': b'-- Installing: /home/eeiww/ud90uhak/teleop_ws/install/teleop_description/share/teleop_description/local_setup.dsv\n'}
[3.027086] (teleop_description) StdoutLine: {'line': b'-- Installing: /home/eeiww/ud90uhak/teleop_ws/install/teleop_description/share/teleop_description/package.dsv\n'}
[3.046734] (teleop_description) StdoutLine: {'line': b'-- Installing: /home/eeiww/ud90uhak/teleop_ws/install/teleop_description/share/ament_index/resource_index/packages/teleop_description\n'}
[3.061702] (teleop_description) StdoutLine: {'line': b'-- Installing: /home/eeiww/ud90uhak/teleop_ws/install/teleop_description/share/teleop_description/cmake/teleop_descriptionConfig.cmake\n'}
[3.072444] (teleop_description) StdoutLine: {'line': b'-- Installing: /home/eeiww/ud90uhak/teleop_ws/install/teleop_description/share/teleop_description/cmake/teleop_descriptionConfig-version.cmake\n'}
[3.084794] (teleop_description) StdoutLine: {'line': b'-- Installing: /home/eeiww/ud90uhak/teleop_ws/install/teleop_description/share/teleop_description/package.xml\n'}
[3.099754] (teleop_description) CommandEnded: {'returncode': 0}
[3.108060] (-) TimerEvent: {}
[3.208548] (-) TimerEvent: {}
[3.281246] (teleop_description) JobEnded: {'identifier': 'teleop_description', 'rc': 0}
[3.292574] (-) EventReactorShutdown: {}
