[0.041s] Invoking command in '/home/eeiww/ud90uhak/teleop_ws/build/teleop_description': CMAKE_PREFIX_PATH=${CMAKE_PREFIX_PATH}:/opt/ros/jazzy DEBUGINFOD_URLS=https://debuginfod.ubuntu.com /usr/bin/cmake /home/eeiww/ud90uhak/teleop_ws/teleop_description -DCMAKE_INSTALL_PREFIX=/home/eeiww/ud90uhak/teleop_ws/install/teleop_description
[0.343s] -- The C compiler identification is GNU 13.3.0
[0.608s] -- The CXX compiler identification is GNU 13.3.0
[0.642s] -- Detecting C compiler ABI info
[1.045s] -- Detecting C compiler ABI info - done
[1.083s] -- Check for working C compiler: /usr/bin/cc - skipped
[1.091s] -- Detecting C compile features
[1.092s] -- Detecting C compile features - done
[1.124s] -- Detecting CXX compiler ABI info
[1.548s] -- Detecting CXX compiler ABI info - done
[1.573s] -- Check for working CXX compiler: /usr/bin/c++ - skipped
[1.574s] -- Detecting CXX compile features
[1.575s] -- Detecting CXX compile features - done
[1.632s] -- Found ament_cmake: 2.5.5 (/opt/ros/jazzy/share/ament_cmake/cmake)
[1.789s] -- Found Python3: /usr/bin/python3 (found version "3.12.3") found components: Interpreter 
[2.074s] -- Found ament_lint_auto: 0.17.4 (/opt/ros/jazzy/share/ament_lint_auto/cmake)
[2.327s] -- Added test 'lint_cmake' to check CMake code style
[2.366s] -- Added test 'xmllint' to check XML markup files
[2.425s] -- Configuring done (2.3s)
[2.617s] -- Generating done (0.2s)
[2.713s] -- Build files have been written to: /home/eeiww/ud90uhak/teleop_ws/build/teleop_description
[2.727s] Invoked command in '/home/eeiww/ud90uhak/teleop_ws/build/teleop_description' returned '0': CMAKE_PREFIX_PATH=${CMAKE_PREFIX_PATH}:/opt/ros/jazzy DEBUGINFOD_URLS=https://debuginfod.ubuntu.com /usr/bin/cmake /home/eeiww/ud90uhak/teleop_ws/teleop_description -DCMAKE_INSTALL_PREFIX=/home/eeiww/ud90uhak/teleop_ws/install/teleop_description
[2.733s] Invoking command in '/home/eeiww/ud90uhak/teleop_ws/build/teleop_description': CMAKE_PREFIX_PATH=${CMAKE_PREFIX_PATH}:/opt/ros/jazzy DEBUGINFOD_URLS=https://debuginfod.ubuntu.com /usr/bin/cmake --build /home/eeiww/ud90uhak/teleop_ws/build/teleop_description -- -j8 -l8
[2.842s] Invoked command in '/home/eeiww/ud90uhak/teleop_ws/build/teleop_description' returned '0': CMAKE_PREFIX_PATH=${CMAKE_PREFIX_PATH}:/opt/ros/jazzy DEBUGINFOD_URLS=https://debuginfod.ubuntu.com /usr/bin/cmake --build /home/eeiww/ud90uhak/teleop_ws/build/teleop_description -- -j8 -l8
[2.869s] Invoking command in '/home/eeiww/ud90uhak/teleop_ws/build/teleop_description': CMAKE_PREFIX_PATH=${CMAKE_PREFIX_PATH}:/opt/ros/jazzy DEBUGINFOD_URLS=https://debuginfod.ubuntu.com /usr/bin/cmake --install /home/eeiww/ud90uhak/teleop_ws/build/teleop_description
[2.888s] -- Install configuration: ""
[2.898s] -- Installing: /home/eeiww/ud90uhak/teleop_ws/install/teleop_description/share/ament_index/resource_index/package_run_dependencies/teleop_description
[2.913s] -- Installing: /home/eeiww/ud90uhak/teleop_ws/install/teleop_description/share/ament_index/resource_index/parent_prefix_path/teleop_description
[2.931s] -- Installing: /home/eeiww/ud90uhak/teleop_ws/install/teleop_description/share/teleop_description/environment/ament_prefix_path.sh
[2.941s] -- Installing: /home/eeiww/ud90uhak/teleop_ws/install/teleop_description/share/teleop_description/environment/ament_prefix_path.dsv
[2.952s] -- Installing: /home/eeiww/ud90uhak/teleop_ws/install/teleop_description/share/teleop_description/environment/path.sh
[2.962s] -- Installing: /home/eeiww/ud90uhak/teleop_ws/install/teleop_description/share/teleop_description/environment/path.dsv
[2.975s] -- Installing: /home/eeiww/ud90uhak/teleop_ws/install/teleop_description/share/teleop_description/local_setup.bash
[2.987s] -- Installing: /home/eeiww/ud90uhak/teleop_ws/install/teleop_description/share/teleop_description/local_setup.sh
[3.001s] -- Installing: /home/eeiww/ud90uhak/teleop_ws/install/teleop_description/share/teleop_description/local_setup.zsh
[3.014s] -- Installing: /home/eeiww/ud90uhak/teleop_ws/install/teleop_description/share/teleop_description/local_setup.dsv
[3.027s] -- Installing: /home/eeiww/ud90uhak/teleop_ws/install/teleop_description/share/teleop_description/package.dsv
[3.047s] -- Installing: /home/eeiww/ud90uhak/teleop_ws/install/teleop_description/share/ament_index/resource_index/packages/teleop_description
[3.062s] -- Installing: /home/eeiww/ud90uhak/teleop_ws/install/teleop_description/share/teleop_description/cmake/teleop_descriptionConfig.cmake
[3.073s] -- Installing: /home/eeiww/ud90uhak/teleop_ws/install/teleop_description/share/teleop_description/cmake/teleop_descriptionConfig-version.cmake
[3.085s] -- Installing: /home/eeiww/ud90uhak/teleop_ws/install/teleop_description/share/teleop_description/package.xml
[3.100s] Invoked command in '/home/eeiww/ud90uhak/teleop_ws/build/teleop_description' returned '0': CMAKE_PREFIX_PATH=${CMAKE_PREFIX_PATH}:/opt/ros/jazzy DEBUGINFOD_URLS=https://debuginfod.ubuntu.com /usr/bin/cmake --install /home/eeiww/ud90uhak/teleop_ws/build/teleop_description
