[0.106s] DEBUG:colcon:Command line arguments: ['/usr/bin/colcon', 'build']
[0.106s] DEBUG:colcon:Parsed command line arguments: Namespace(log_base=None, log_level=None, verb_name='build', build_base='build', install_base='install', merge_install=False, symlink_install=False, test_result_base=None, continue_on_error=False, executor='parallel', parallel_workers=8, event_handlers=None, ignore_user_meta=False, metas=['./colcon.meta'], base_paths=['.'], packages_ignore=None, packages_ignore_regex=None, paths=None, packages_up_to=None, packages_up_to_regex=None, packages_above=None, packages_above_and_dependencies=None, packages_above_depth=None, packages_select_by_dep=None, packages_skip_by_dep=None, packages_skip_up_to=None, packages_select_build_failed=False, packages_skip_build_finished=False, packages_select_test_failures=False, packages_skip_test_passed=False, packages_select=None, packages_skip=None, packages_select_regex=None, packages_skip_regex=None, packages_start=None, packages_end=None, allow_overriding=[], cmake_args=None, cmake_target=None, cmake_target_skip_unavailable=False, cmake_clean_cache=False, cmake_clean_first=False, cmake_force_configure=False, ament_cmake_args=None, catkin_cmake_args=None, catkin_skip_building_tests=False, verb_parser=<colcon_defaults.argument_parser.defaults.DefaultArgumentsDecorator object at 0x7bfc78cad460>, verb_extension=<colcon_core.verb.build.BuildVerb object at 0x7bfc78dfbf20>, main=<bound method BuildVerb.main of <colcon_core.verb.build.BuildVerb object at 0x7bfc78dfbf20>>)
[0.144s] Level 1:colcon.colcon_core.package_discovery:discover_packages(colcon_meta) check parameters
[0.144s] Level 1:colcon.colcon_core.package_discovery:discover_packages(recursive) check parameters
[0.144s] Level 1:colcon.colcon_core.package_discovery:discover_packages(ignore) check parameters
[0.145s] Level 1:colcon.colcon_core.package_discovery:discover_packages(path) check parameters
[0.145s] Level 1:colcon.colcon_core.package_discovery:discover_packages(colcon_meta) discover
[0.146s] Level 1:colcon.colcon_core.package_discovery:discover_packages(recursive) discover
[0.146s] INFO:colcon.colcon_core.package_discovery:Crawling recursively for packages in '/home/eeiww/ud90uhak/teleop_ws/src'
[0.147s] Level 1:colcon.colcon_core.package_identification:_identify(.) by extensions ['ignore', 'ignore_ament_install']
[0.147s] Level 1:colcon.colcon_core.package_identification:_identify(.) by extension 'ignore'
[0.148s] Level 1:colcon.colcon_core.package_identification:_identify(.) by extension 'ignore_ament_install'
[0.149s] Level 1:colcon.colcon_core.package_identification:_identify(.) by extensions ['colcon_pkg']
[0.149s] Level 1:colcon.colcon_core.package_identification:_identify(.) by extension 'colcon_pkg'
[0.150s] Level 1:colcon.colcon_core.package_identification:_identify(.) by extensions ['colcon_meta']
[0.150s] Level 1:colcon.colcon_core.package_identification:_identify(.) by extension 'colcon_meta'
[0.150s] Level 1:colcon.colcon_core.package_identification:_identify(.) by extensions ['ros']
[0.151s] Level 1:colcon.colcon_core.package_identification:_identify(.) by extension 'ros'
[0.171s] Level 1:colcon.colcon_core.package_identification:_identify(.) by extensions ['cmake', 'python']
[0.171s] Level 1:colcon.colcon_core.package_identification:_identify(.) by extension 'cmake'
[0.171s] Level 1:colcon.colcon_core.package_identification:_identify(.) by extension 'python'
[0.171s] Level 1:colcon.colcon_core.package_identification:_identify(.) by extensions ['python_setup_py']
[0.172s] Level 1:colcon.colcon_core.package_identification:_identify(.) by extension 'python_setup_py'
[0.174s] Level 1:colcon.colcon_core.package_identification:_identify(build) by extensions ['ignore', 'ignore_ament_install']
[0.174s] Level 1:colcon.colcon_core.package_identification:_identify(build) by extension 'ignore'
[0.174s] Level 1:colcon.colcon_core.package_identification:_identify(build) ignored
[0.175s] Level 1:colcon.colcon_core.package_identification:_identify(install) by extensions ['ignore', 'ignore_ament_install']
[0.176s] Level 1:colcon.colcon_core.package_identification:_identify(install) by extension 'ignore'
[0.177s] Level 1:colcon.colcon_core.package_identification:_identify(install) ignored
[0.179s] Level 1:colcon.colcon_core.package_identification:_identify(log) by extensions ['ignore', 'ignore_ament_install']
[0.179s] Level 1:colcon.colcon_core.package_identification:_identify(log) by extension 'ignore'
[0.179s] Level 1:colcon.colcon_core.package_identification:_identify(log) ignored
[0.180s] Level 1:colcon.colcon_core.package_identification:_identify(teleop_controller) by extensions ['ignore', 'ignore_ament_install']
[0.181s] Level 1:colcon.colcon_core.package_identification:_identify(teleop_controller) by extension 'ignore'
[0.181s] Level 1:colcon.colcon_core.package_identification:_identify(teleop_controller) by extension 'ignore_ament_install'
[0.181s] Level 1:colcon.colcon_core.package_identification:_identify(teleop_controller) by extensions ['colcon_pkg']
[0.182s] Level 1:colcon.colcon_core.package_identification:_identify(teleop_controller) by extension 'colcon_pkg'
[0.182s] Level 1:colcon.colcon_core.package_identification:_identify(teleop_controller) by extensions ['colcon_meta']
[0.183s] Level 1:colcon.colcon_core.package_identification:_identify(teleop_controller) by extension 'colcon_meta'
[0.183s] Level 1:colcon.colcon_core.package_identification:_identify(teleop_controller) by extensions ['ros']
[0.184s] Level 1:colcon.colcon_core.package_identification:_identify(teleop_controller) by extension 'ros'
[0.188s] DEBUG:colcon.colcon_core.package_identification:Package 'teleop_controller' with type 'ros.ament_python' and name 'teleop_controller'
[0.188s] Level 1:colcon.colcon_core.package_identification:_identify(teleop_description) by extensions ['ignore', 'ignore_ament_install']
[0.188s] Level 1:colcon.colcon_core.package_identification:_identify(teleop_description) by extension 'ignore'
[0.188s] Level 1:colcon.colcon_core.package_identification:_identify(teleop_description) by extension 'ignore_ament_install'
[0.189s] Level 1:colcon.colcon_core.package_identification:_identify(teleop_description) by extensions ['colcon_pkg']
[0.190s] Level 1:colcon.colcon_core.package_identification:_identify(teleop_description) by extension 'colcon_pkg'
[0.190s] Level 1:colcon.colcon_core.package_identification:_identify(teleop_description) by extensions ['colcon_meta']
[0.191s] Level 1:colcon.colcon_core.package_identification:_identify(teleop_description) by extension 'colcon_meta'
[0.191s] Level 1:colcon.colcon_core.package_identification:_identify(teleop_description) by extensions ['ros']
[0.192s] Level 1:colcon.colcon_core.package_identification:_identify(teleop_description) by extension 'ros'
[0.194s] DEBUG:colcon.colcon_core.package_identification:Package 'teleop_description' with type 'ros.ament_cmake' and name 'teleop_description'
[0.195s] Level 1:colcon.colcon_core.package_identification:_identify(teleop_moveit_config) by extensions ['ignore', 'ignore_ament_install']
[0.195s] Level 1:colcon.colcon_core.package_identification:_identify(teleop_moveit_config) by extension 'ignore'
[0.195s] Level 1:colcon.colcon_core.package_identification:_identify(teleop_moveit_config) by extension 'ignore_ament_install'
[0.196s] Level 1:colcon.colcon_core.package_identification:_identify(teleop_moveit_config) by extensions ['colcon_pkg']
[0.197s] Level 1:colcon.colcon_core.package_identification:_identify(teleop_moveit_config) by extension 'colcon_pkg'
[0.197s] Level 1:colcon.colcon_core.package_identification:_identify(teleop_moveit_config) by extensions ['colcon_meta']
[0.197s] Level 1:colcon.colcon_core.package_identification:_identify(teleop_moveit_config) by extension 'colcon_meta'
[0.198s] Level 1:colcon.colcon_core.package_identification:_identify(teleop_moveit_config) by extensions ['ros']
[0.199s] Level 1:colcon.colcon_core.package_identification:_identify(teleop_moveit_config) by extension 'ros'
[0.201s] DEBUG:colcon.colcon_core.package_identification:Package 'teleop_moveit_config' with type 'ros.ament_cmake' and name 'teleop_moveit_config'
[0.201s] Level 1:colcon.colcon_core.package_discovery:discover_packages(recursive) using defaults
[0.201s] Level 1:colcon.colcon_core.package_discovery:discover_packages(ignore) discover
[0.201s] Level 1:colcon.colcon_core.package_discovery:discover_packages(ignore) using defaults
[0.202s] Level 1:colcon.colcon_core.package_discovery:discover_packages(path) discover
[0.202s] Level 1:colcon.colcon_core.package_discovery:discover_packages(path) using defaults
[0.219s] Level 1:colcon.colcon_core.package_discovery:discover_packages(prefix_path) check parameters
[0.219s] Level 1:colcon.colcon_core.package_discovery:discover_packages(prefix_path) discover
[0.221s] DEBUG:colcon.colcon_installed_package_information.package_discovery:Found 473 installed packages in /opt/ros/jazzy
[0.223s] Level 1:colcon.colcon_core.package_discovery:discover_packages(prefix_path) using defaults
[0.274s] Level 5:colcon.colcon_core.verb:set package 'teleop_controller' build argument 'cmake_args' from command line to 'None'
[0.274s] Level 5:colcon.colcon_core.verb:set package 'teleop_controller' build argument 'cmake_target' from command line to 'None'
[0.274s] Level 5:colcon.colcon_core.verb:set package 'teleop_controller' build argument 'cmake_target_skip_unavailable' from command line to 'False'
[0.274s] Level 5:colcon.colcon_core.verb:set package 'teleop_controller' build argument 'cmake_clean_cache' from command line to 'False'
[0.274s] Level 5:colcon.colcon_core.verb:set package 'teleop_controller' build argument 'cmake_clean_first' from command line to 'False'
[0.275s] Level 5:colcon.colcon_core.verb:set package 'teleop_controller' build argument 'cmake_force_configure' from command line to 'False'
[0.276s] Level 5:colcon.colcon_core.verb:set package 'teleop_controller' build argument 'ament_cmake_args' from command line to 'None'
[0.276s] Level 5:colcon.colcon_core.verb:set package 'teleop_controller' build argument 'catkin_cmake_args' from command line to 'None'
[0.277s] Level 5:colcon.colcon_core.verb:set package 'teleop_controller' build argument 'catkin_skip_building_tests' from command line to 'False'
[0.277s] DEBUG:colcon.colcon_core.verb:Building package 'teleop_controller' with the following arguments: {'ament_cmake_args': None, 'build_base': '/home/eeiww/ud90uhak/teleop_ws/src/build/teleop_controller', 'catkin_cmake_args': None, 'catkin_skip_building_tests': False, 'cmake_args': None, 'cmake_clean_cache': False, 'cmake_clean_first': False, 'cmake_force_configure': False, 'cmake_target': None, 'cmake_target_skip_unavailable': False, 'install_base': '/home/eeiww/ud90uhak/teleop_ws/src/install/teleop_controller', 'merge_install': False, 'path': '/home/eeiww/ud90uhak/teleop_ws/src/teleop_controller', 'symlink_install': False, 'test_result_base': None}
[0.278s] Level 5:colcon.colcon_core.verb:set package 'teleop_description' build argument 'cmake_args' from command line to 'None'
[0.278s] Level 5:colcon.colcon_core.verb:set package 'teleop_description' build argument 'cmake_target' from command line to 'None'
[0.279s] Level 5:colcon.colcon_core.verb:set package 'teleop_description' build argument 'cmake_target_skip_unavailable' from command line to 'False'
[0.279s] Level 5:colcon.colcon_core.verb:set package 'teleop_description' build argument 'cmake_clean_cache' from command line to 'False'
[0.280s] Level 5:colcon.colcon_core.verb:set package 'teleop_description' build argument 'cmake_clean_first' from command line to 'False'
[0.280s] Level 5:colcon.colcon_core.verb:set package 'teleop_description' build argument 'cmake_force_configure' from command line to 'False'
[0.281s] Level 5:colcon.colcon_core.verb:set package 'teleop_description' build argument 'ament_cmake_args' from command line to 'None'
[0.281s] Level 5:colcon.colcon_core.verb:set package 'teleop_description' build argument 'catkin_cmake_args' from command line to 'None'
[0.282s] Level 5:colcon.colcon_core.verb:set package 'teleop_description' build argument 'catkin_skip_building_tests' from command line to 'False'
[0.283s] DEBUG:colcon.colcon_core.verb:Building package 'teleop_description' with the following arguments: {'ament_cmake_args': None, 'build_base': '/home/eeiww/ud90uhak/teleop_ws/src/build/teleop_description', 'catkin_cmake_args': None, 'catkin_skip_building_tests': False, 'cmake_args': None, 'cmake_clean_cache': False, 'cmake_clean_first': False, 'cmake_force_configure': False, 'cmake_target': None, 'cmake_target_skip_unavailable': False, 'install_base': '/home/eeiww/ud90uhak/teleop_ws/src/install/teleop_description', 'merge_install': False, 'path': '/home/eeiww/ud90uhak/teleop_ws/src/teleop_description', 'symlink_install': False, 'test_result_base': None}
[0.283s] Level 5:colcon.colcon_core.verb:set package 'teleop_moveit_config' build argument 'cmake_args' from command line to 'None'
[0.283s] Level 5:colcon.colcon_core.verb:set package 'teleop_moveit_config' build argument 'cmake_target' from command line to 'None'
[0.283s] Level 5:colcon.colcon_core.verb:set package 'teleop_moveit_config' build argument 'cmake_target_skip_unavailable' from command line to 'False'
[0.283s] Level 5:colcon.colcon_core.verb:set package 'teleop_moveit_config' build argument 'cmake_clean_cache' from command line to 'False'
[0.283s] Level 5:colcon.colcon_core.verb:set package 'teleop_moveit_config' build argument 'cmake_clean_first' from command line to 'False'
[0.283s] Level 5:colcon.colcon_core.verb:set package 'teleop_moveit_config' build argument 'cmake_force_configure' from command line to 'False'
[0.283s] Level 5:colcon.colcon_core.verb:set package 'teleop_moveit_config' build argument 'ament_cmake_args' from command line to 'None'
[0.283s] Level 5:colcon.colcon_core.verb:set package 'teleop_moveit_config' build argument 'catkin_cmake_args' from command line to 'None'
[0.283s] Level 5:colcon.colcon_core.verb:set package 'teleop_moveit_config' build argument 'catkin_skip_building_tests' from command line to 'False'
[0.284s] DEBUG:colcon.colcon_core.verb:Building package 'teleop_moveit_config' with the following arguments: {'ament_cmake_args': None, 'build_base': '/home/eeiww/ud90uhak/teleop_ws/src/build/teleop_moveit_config', 'catkin_cmake_args': None, 'catkin_skip_building_tests': False, 'cmake_args': None, 'cmake_clean_cache': False, 'cmake_clean_first': False, 'cmake_force_configure': False, 'cmake_target': None, 'cmake_target_skip_unavailable': False, 'install_base': '/home/eeiww/ud90uhak/teleop_ws/src/install/teleop_moveit_config', 'merge_install': False, 'path': '/home/eeiww/ud90uhak/teleop_ws/src/teleop_moveit_config', 'symlink_install': False, 'test_result_base': None}
[0.285s] INFO:colcon.colcon_core.executor:Executing jobs using 'parallel' executor
[0.286s] DEBUG:colcon.colcon_parallel_executor.executor.parallel:run_until_complete
[0.287s] INFO:colcon.colcon_ros.task.ament_cmake.build:Building ROS package in '/home/eeiww/ud90uhak/teleop_ws/src/teleop_description' with build type 'ament_cmake'
[0.287s] INFO:colcon.colcon_cmake.task.cmake.build:Building CMake package in '/home/eeiww/ud90uhak/teleop_ws/src/teleop_description'
[0.289s] INFO:colcon.colcon_core.plugin_system:Skipping extension 'colcon_core.shell.bat': Not used on non-Windows systems
[0.289s] INFO:colcon.colcon_core.shell:Skip shell extension 'powershell' for command environment: Not usable outside of PowerShell
[0.290s] DEBUG:colcon.colcon_core.shell:Skip shell extension 'dsv' for command environment
[0.297s] INFO:colcon.colcon_ros.task.ament_python.build:Building ROS package in '/home/eeiww/ud90uhak/teleop_ws/src/teleop_controller' with build type 'ament_python'
[0.297s] Level 1:colcon.colcon_core.shell:create_environment_hook('teleop_controller', 'ament_prefix_path')
[0.298s] INFO:colcon.colcon_core.shell:Creating environment hook '/home/eeiww/ud90uhak/teleop_ws/src/install/teleop_controller/share/teleop_controller/hook/ament_prefix_path.ps1'
[0.303s] INFO:colcon.colcon_core.shell:Creating environment descriptor '/home/eeiww/ud90uhak/teleop_ws/src/install/teleop_controller/share/teleop_controller/hook/ament_prefix_path.dsv'
[0.307s] INFO:colcon.colcon_core.shell:Creating environment hook '/home/eeiww/ud90uhak/teleop_ws/src/install/teleop_controller/share/teleop_controller/hook/ament_prefix_path.sh'
[0.314s] INFO:colcon.colcon_core.shell:Skip shell extension 'powershell' for command environment: Not usable outside of PowerShell
[0.314s] DEBUG:colcon.colcon_core.shell:Skip shell extension 'dsv' for command environment
[0.338s] DEBUG:colcon.colcon_core.event_handler.log_command:Invoking command in '/home/eeiww/ud90uhak/teleop_ws/src/build/teleop_description': CMAKE_PREFIX_PATH=${CMAKE_PREFIX_PATH}:/opt/ros/jazzy DEBUGINFOD_URLS=https://debuginfod.ubuntu.com /usr/bin/cmake --build /home/eeiww/ud90uhak/teleop_ws/src/build/teleop_description -- -j8 -l8
[0.593s] INFO:colcon.colcon_core.task.python.build:Building Python package in '/home/eeiww/ud90uhak/teleop_ws/src/teleop_controller'
[0.593s] INFO:colcon.colcon_core.shell:Skip shell extension 'powershell' for command environment: Not usable outside of PowerShell
[0.594s] DEBUG:colcon.colcon_core.shell:Skip shell extension 'dsv' for command environment
[0.601s] DEBUG:colcon.colcon_core.event_handler.log_command:Invoked command in '/home/eeiww/ud90uhak/teleop_ws/src/build/teleop_description' returned '0': CMAKE_PREFIX_PATH=${CMAKE_PREFIX_PATH}:/opt/ros/jazzy DEBUGINFOD_URLS=https://debuginfod.ubuntu.com /usr/bin/cmake --build /home/eeiww/ud90uhak/teleop_ws/src/build/teleop_description -- -j8 -l8
[0.614s] DEBUG:colcon.colcon_core.event_handler.log_command:Invoking command in '/home/eeiww/ud90uhak/teleop_ws/src/build/teleop_description': CMAKE_PREFIX_PATH=${CMAKE_PREFIX_PATH}:/opt/ros/jazzy DEBUGINFOD_URLS=https://debuginfod.ubuntu.com /usr/bin/cmake --install /home/eeiww/ud90uhak/teleop_ws/src/build/teleop_description
[0.673s] Level 1:colcon.colcon_core.environment:create_environment_scripts_only(teleop_description)
[0.674s] DEBUG:colcon.colcon_core.event_handler.log_command:Invoked command in '/home/eeiww/ud90uhak/teleop_ws/src/build/teleop_description' returned '0': CMAKE_PREFIX_PATH=${CMAKE_PREFIX_PATH}:/opt/ros/jazzy DEBUGINFOD_URLS=https://debuginfod.ubuntu.com /usr/bin/cmake --install /home/eeiww/ud90uhak/teleop_ws/src/build/teleop_description
[0.675s] Level 1:colcon.colcon_core.environment:checking '/home/eeiww/ud90uhak/teleop_ws/src/install/teleop_description' for CMake module files
[0.678s] Level 1:colcon.colcon_core.environment:checking '/home/eeiww/ud90uhak/teleop_ws/src/install/teleop_description' for CMake config files
[0.682s] Level 1:colcon.colcon_core.shell:create_environment_hook('teleop_description', 'cmake_prefix_path')
[0.682s] INFO:colcon.colcon_core.shell:Creating environment hook '/home/eeiww/ud90uhak/teleop_ws/src/install/teleop_description/share/teleop_description/hook/cmake_prefix_path.ps1'
[0.686s] INFO:colcon.colcon_core.shell:Creating environment descriptor '/home/eeiww/ud90uhak/teleop_ws/src/install/teleop_description/share/teleop_description/hook/cmake_prefix_path.dsv'
[0.690s] INFO:colcon.colcon_core.shell:Creating environment hook '/home/eeiww/ud90uhak/teleop_ws/src/install/teleop_description/share/teleop_description/hook/cmake_prefix_path.sh'
[0.694s] Level 1:colcon.colcon_core.environment:checking '/home/eeiww/ud90uhak/teleop_ws/src/install/teleop_description/bin'
[0.694s] Level 1:colcon.colcon_core.environment:checking '/home/eeiww/ud90uhak/teleop_ws/src/install/teleop_description/lib/pkgconfig/teleop_description.pc'
[0.694s] Level 1:colcon.colcon_core.environment:checking '/home/eeiww/ud90uhak/teleop_ws/src/install/teleop_description/lib/python3.12/site-packages'
[0.695s] Level 1:colcon.colcon_core.environment:checking '/home/eeiww/ud90uhak/teleop_ws/src/install/teleop_description/bin'
[0.695s] INFO:colcon.colcon_core.shell:Creating package script '/home/eeiww/ud90uhak/teleop_ws/src/install/teleop_description/share/teleop_description/package.ps1'
[0.699s] INFO:colcon.colcon_core.shell:Creating package descriptor '/home/eeiww/ud90uhak/teleop_ws/src/install/teleop_description/share/teleop_description/package.dsv'
[0.701s] INFO:colcon.colcon_core.shell:Creating package script '/home/eeiww/ud90uhak/teleop_ws/src/install/teleop_description/share/teleop_description/package.sh'
[0.704s] INFO:colcon.colcon_core.shell:Creating package script '/home/eeiww/ud90uhak/teleop_ws/src/install/teleop_description/share/teleop_description/package.bash'
[0.707s] INFO:colcon.colcon_core.shell:Creating package script '/home/eeiww/ud90uhak/teleop_ws/src/install/teleop_description/share/teleop_description/package.zsh'
[0.720s] Level 1:colcon.colcon_core.environment:create_file_with_runtime_dependencies(/home/eeiww/ud90uhak/teleop_ws/src/install/teleop_description/share/colcon-core/packages/teleop_description)
[0.723s] Level 1:colcon.colcon_core.environment:create_environment_scripts_only(teleop_description)
[0.724s] Level 1:colcon.colcon_core.environment:checking '/home/eeiww/ud90uhak/teleop_ws/src/install/teleop_description' for CMake module files
[0.726s] Level 1:colcon.colcon_core.environment:checking '/home/eeiww/ud90uhak/teleop_ws/src/install/teleop_description' for CMake config files
[0.729s] Level 1:colcon.colcon_core.shell:create_environment_hook('teleop_description', 'cmake_prefix_path')
[0.729s] INFO:colcon.colcon_core.shell:Creating environment hook '/home/eeiww/ud90uhak/teleop_ws/src/install/teleop_description/share/teleop_description/hook/cmake_prefix_path.ps1'
[0.732s] INFO:colcon.colcon_core.shell:Creating environment descriptor '/home/eeiww/ud90uhak/teleop_ws/src/install/teleop_description/share/teleop_description/hook/cmake_prefix_path.dsv'
[0.735s] INFO:colcon.colcon_core.shell:Creating environment hook '/home/eeiww/ud90uhak/teleop_ws/src/install/teleop_description/share/teleop_description/hook/cmake_prefix_path.sh'
[0.738s] Level 1:colcon.colcon_core.environment:checking '/home/eeiww/ud90uhak/teleop_ws/src/install/teleop_description/bin'
[0.738s] Level 1:colcon.colcon_core.environment:checking '/home/eeiww/ud90uhak/teleop_ws/src/install/teleop_description/lib/pkgconfig/teleop_description.pc'
[0.738s] Level 1:colcon.colcon_core.environment:checking '/home/eeiww/ud90uhak/teleop_ws/src/install/teleop_description/lib/python3.12/site-packages'
[0.739s] Level 1:colcon.colcon_core.environment:checking '/home/eeiww/ud90uhak/teleop_ws/src/install/teleop_description/bin'
[0.740s] INFO:colcon.colcon_core.shell:Creating package script '/home/eeiww/ud90uhak/teleop_ws/src/install/teleop_description/share/teleop_description/package.ps1'
[0.743s] INFO:colcon.colcon_core.shell:Creating package descriptor '/home/eeiww/ud90uhak/teleop_ws/src/install/teleop_description/share/teleop_description/package.dsv'
[0.745s] INFO:colcon.colcon_core.shell:Creating package script '/home/eeiww/ud90uhak/teleop_ws/src/install/teleop_description/share/teleop_description/package.sh'
[0.748s] INFO:colcon.colcon_core.shell:Creating package script '/home/eeiww/ud90uhak/teleop_ws/src/install/teleop_description/share/teleop_description/package.bash'
[0.750s] INFO:colcon.colcon_core.shell:Creating package script '/home/eeiww/ud90uhak/teleop_ws/src/install/teleop_description/share/teleop_description/package.zsh'
[0.753s] Level 1:colcon.colcon_core.environment:create_file_with_runtime_dependencies(/home/eeiww/ud90uhak/teleop_ws/src/install/teleop_description/share/colcon-core/packages/teleop_description)
[0.755s] INFO:colcon.colcon_ros.task.ament_cmake.build:Building ROS package in '/home/eeiww/ud90uhak/teleop_ws/src/teleop_moveit_config' with build type 'ament_cmake'
[0.756s] INFO:colcon.colcon_cmake.task.cmake.build:Building CMake package in '/home/eeiww/ud90uhak/teleop_ws/src/teleop_moveit_config'
[0.756s] INFO:colcon.colcon_core.shell:Skip shell extension 'powershell' for command environment: Not usable outside of PowerShell
[0.756s] DEBUG:colcon.colcon_core.shell:Skip shell extension 'dsv' for command environment
[0.782s] DEBUG:colcon.colcon_core.event_handler.log_command:Invoking command in '/home/eeiww/ud90uhak/teleop_ws/src/build/teleop_moveit_config': AMENT_PREFIX_PATH=/home/eeiww/ud90uhak/teleop_ws/src/install/teleop_description:${AMENT_PREFIX_PATH} CMAKE_PREFIX_PATH=/home/eeiww/ud90uhak/teleop_ws/src/install/teleop_description:/opt/ros/jazzy/opt/gz_sim_vendor:/opt/ros/jazzy/opt/gz_sensors_vendor:/opt/ros/jazzy/opt/gz_physics_vendor:/opt/ros/jazzy/opt/sdformat_vendor:/opt/ros/jazzy/opt/gz_gui_vendor:/opt/ros/jazzy/opt/gz_transport_vendor:/opt/ros/jazzy/opt/gz_rendering_vendor:/opt/ros/jazzy/opt/gz_plugin_vendor:/opt/ros/jazzy/opt/gz_fuel_tools_vendor:/opt/ros/jazzy/opt/gz_msgs_vendor:/opt/ros/jazzy/opt/gz_common_vendor:/opt/ros/jazzy/opt/gz_math_vendor:/opt/ros/jazzy/opt/gz_utils_vendor:/opt/ros/jazzy/opt/gz_tools_vendor:/opt/ros/jazzy/opt/gz_ogre_next_vendor:/opt/ros/jazzy/opt/gz_dartsim_vendor:/opt/ros/jazzy/opt/gz_cmake_vendor:/opt/ros/jazzy DEBUGINFOD_URLS=https://debuginfod.ubuntu.com /usr/bin/cmake --build /home/eeiww/ud90uhak/teleop_ws/src/build/teleop_moveit_config -- -j8 -l8
[0.832s] DEBUG:colcon.colcon_core.event_handler.log_command:Invoked command in '/home/eeiww/ud90uhak/teleop_ws/src/build/teleop_moveit_config' returned '0': AMENT_PREFIX_PATH=/home/eeiww/ud90uhak/teleop_ws/src/install/teleop_description:${AMENT_PREFIX_PATH} CMAKE_PREFIX_PATH=/home/eeiww/ud90uhak/teleop_ws/src/install/teleop_description:/opt/ros/jazzy/opt/gz_sim_vendor:/opt/ros/jazzy/opt/gz_sensors_vendor:/opt/ros/jazzy/opt/gz_physics_vendor:/opt/ros/jazzy/opt/sdformat_vendor:/opt/ros/jazzy/opt/gz_gui_vendor:/opt/ros/jazzy/opt/gz_transport_vendor:/opt/ros/jazzy/opt/gz_rendering_vendor:/opt/ros/jazzy/opt/gz_plugin_vendor:/opt/ros/jazzy/opt/gz_fuel_tools_vendor:/opt/ros/jazzy/opt/gz_msgs_vendor:/opt/ros/jazzy/opt/gz_common_vendor:/opt/ros/jazzy/opt/gz_math_vendor:/opt/ros/jazzy/opt/gz_utils_vendor:/opt/ros/jazzy/opt/gz_tools_vendor:/opt/ros/jazzy/opt/gz_ogre_next_vendor:/opt/ros/jazzy/opt/gz_dartsim_vendor:/opt/ros/jazzy/opt/gz_cmake_vendor:/opt/ros/jazzy DEBUGINFOD_URLS=https://debuginfod.ubuntu.com /usr/bin/cmake --build /home/eeiww/ud90uhak/teleop_ws/src/build/teleop_moveit_config -- -j8 -l8
[0.837s] DEBUG:colcon.colcon_core.event_handler.log_command:Invoking command in '/home/eeiww/ud90uhak/teleop_ws/src/build/teleop_moveit_config': AMENT_PREFIX_PATH=/home/eeiww/ud90uhak/teleop_ws/src/install/teleop_description:${AMENT_PREFIX_PATH} CMAKE_PREFIX_PATH=/home/eeiww/ud90uhak/teleop_ws/src/install/teleop_description:/opt/ros/jazzy/opt/gz_sim_vendor:/opt/ros/jazzy/opt/gz_sensors_vendor:/opt/ros/jazzy/opt/gz_physics_vendor:/opt/ros/jazzy/opt/sdformat_vendor:/opt/ros/jazzy/opt/gz_gui_vendor:/opt/ros/jazzy/opt/gz_transport_vendor:/opt/ros/jazzy/opt/gz_rendering_vendor:/opt/ros/jazzy/opt/gz_plugin_vendor:/opt/ros/jazzy/opt/gz_fuel_tools_vendor:/opt/ros/jazzy/opt/gz_msgs_vendor:/opt/ros/jazzy/opt/gz_common_vendor:/opt/ros/jazzy/opt/gz_math_vendor:/opt/ros/jazzy/opt/gz_utils_vendor:/opt/ros/jazzy/opt/gz_tools_vendor:/opt/ros/jazzy/opt/gz_ogre_next_vendor:/opt/ros/jazzy/opt/gz_dartsim_vendor:/opt/ros/jazzy/opt/gz_cmake_vendor:/opt/ros/jazzy DEBUGINFOD_URLS=https://debuginfod.ubuntu.com /usr/bin/cmake --install /home/eeiww/ud90uhak/teleop_ws/src/build/teleop_moveit_config
[0.887s] Level 1:colcon.colcon_core.environment:create_environment_scripts_only(teleop_moveit_config)
[0.887s] Level 1:colcon.colcon_core.environment:checking '/home/eeiww/ud90uhak/teleop_ws/src/install/teleop_moveit_config' for CMake module files
[0.887s] DEBUG:colcon.colcon_core.event_handler.log_command:Invoked command in '/home/eeiww/ud90uhak/teleop_ws/src/build/teleop_moveit_config' returned '0': AMENT_PREFIX_PATH=/home/eeiww/ud90uhak/teleop_ws/src/install/teleop_description:${AMENT_PREFIX_PATH} CMAKE_PREFIX_PATH=/home/eeiww/ud90uhak/teleop_ws/src/install/teleop_description:/opt/ros/jazzy/opt/gz_sim_vendor:/opt/ros/jazzy/opt/gz_sensors_vendor:/opt/ros/jazzy/opt/gz_physics_vendor:/opt/ros/jazzy/opt/sdformat_vendor:/opt/ros/jazzy/opt/gz_gui_vendor:/opt/ros/jazzy/opt/gz_transport_vendor:/opt/ros/jazzy/opt/gz_rendering_vendor:/opt/ros/jazzy/opt/gz_plugin_vendor:/opt/ros/jazzy/opt/gz_fuel_tools_vendor:/opt/ros/jazzy/opt/gz_msgs_vendor:/opt/ros/jazzy/opt/gz_common_vendor:/opt/ros/jazzy/opt/gz_math_vendor:/opt/ros/jazzy/opt/gz_utils_vendor:/opt/ros/jazzy/opt/gz_tools_vendor:/opt/ros/jazzy/opt/gz_ogre_next_vendor:/opt/ros/jazzy/opt/gz_dartsim_vendor:/opt/ros/jazzy/opt/gz_cmake_vendor:/opt/ros/jazzy DEBUGINFOD_URLS=https://debuginfod.ubuntu.com /usr/bin/cmake --install /home/eeiww/ud90uhak/teleop_ws/src/build/teleop_moveit_config
[0.890s] Level 1:colcon.colcon_core.environment:checking '/home/eeiww/ud90uhak/teleop_ws/src/install/teleop_moveit_config' for CMake config files
[0.896s] Level 1:colcon.colcon_core.shell:create_environment_hook('teleop_moveit_config', 'cmake_prefix_path')
[0.896s] INFO:colcon.colcon_core.shell:Creating environment hook '/home/eeiww/ud90uhak/teleop_ws/src/install/teleop_moveit_config/share/teleop_moveit_config/hook/cmake_prefix_path.ps1'
[0.899s] INFO:colcon.colcon_core.shell:Creating environment descriptor '/home/eeiww/ud90uhak/teleop_ws/src/install/teleop_moveit_config/share/teleop_moveit_config/hook/cmake_prefix_path.dsv'
[0.902s] INFO:colcon.colcon_core.shell:Creating environment hook '/home/eeiww/ud90uhak/teleop_ws/src/install/teleop_moveit_config/share/teleop_moveit_config/hook/cmake_prefix_path.sh'
[0.906s] Level 1:colcon.colcon_core.environment:checking '/home/eeiww/ud90uhak/teleop_ws/src/install/teleop_moveit_config/bin'
[0.906s] Level 1:colcon.colcon_core.environment:checking '/home/eeiww/ud90uhak/teleop_ws/src/install/teleop_moveit_config/lib/pkgconfig/teleop_moveit_config.pc'
[0.906s] Level 1:colcon.colcon_core.environment:checking '/home/eeiww/ud90uhak/teleop_ws/src/install/teleop_moveit_config/lib/python3.12/site-packages'
[0.907s] Level 1:colcon.colcon_core.environment:checking '/home/eeiww/ud90uhak/teleop_ws/src/install/teleop_moveit_config/bin'
[0.907s] INFO:colcon.colcon_core.shell:Creating package script '/home/eeiww/ud90uhak/teleop_ws/src/install/teleop_moveit_config/share/teleop_moveit_config/package.ps1'
[0.910s] INFO:colcon.colcon_core.shell:Creating package descriptor '/home/eeiww/ud90uhak/teleop_ws/src/install/teleop_moveit_config/share/teleop_moveit_config/package.dsv'
[0.913s] INFO:colcon.colcon_core.shell:Creating package script '/home/eeiww/ud90uhak/teleop_ws/src/install/teleop_moveit_config/share/teleop_moveit_config/package.sh'
[0.915s] INFO:colcon.colcon_core.shell:Creating package script '/home/eeiww/ud90uhak/teleop_ws/src/install/teleop_moveit_config/share/teleop_moveit_config/package.bash'
[0.917s] INFO:colcon.colcon_core.shell:Creating package script '/home/eeiww/ud90uhak/teleop_ws/src/install/teleop_moveit_config/share/teleop_moveit_config/package.zsh'
[0.920s] Level 1:colcon.colcon_core.environment:create_file_with_runtime_dependencies(/home/eeiww/ud90uhak/teleop_ws/src/install/teleop_moveit_config/share/colcon-core/packages/teleop_moveit_config)
[0.923s] Level 1:colcon.colcon_core.environment:create_environment_scripts_only(teleop_moveit_config)
[0.923s] Level 1:colcon.colcon_core.environment:checking '/home/eeiww/ud90uhak/teleop_ws/src/install/teleop_moveit_config' for CMake module files
[0.925s] Level 1:colcon.colcon_core.environment:checking '/home/eeiww/ud90uhak/teleop_ws/src/install/teleop_moveit_config' for CMake config files
[0.929s] Level 1:colcon.colcon_core.shell:create_environment_hook('teleop_moveit_config', 'cmake_prefix_path')
[0.929s] INFO:colcon.colcon_core.shell:Creating environment hook '/home/eeiww/ud90uhak/teleop_ws/src/install/teleop_moveit_config/share/teleop_moveit_config/hook/cmake_prefix_path.ps1'
[0.932s] INFO:colcon.colcon_core.shell:Creating environment descriptor '/home/eeiww/ud90uhak/teleop_ws/src/install/teleop_moveit_config/share/teleop_moveit_config/hook/cmake_prefix_path.dsv'
[0.935s] INFO:colcon.colcon_core.shell:Creating environment hook '/home/eeiww/ud90uhak/teleop_ws/src/install/teleop_moveit_config/share/teleop_moveit_config/hook/cmake_prefix_path.sh'
[0.938s] Level 1:colcon.colcon_core.environment:checking '/home/eeiww/ud90uhak/teleop_ws/src/install/teleop_moveit_config/bin'
[0.938s] Level 1:colcon.colcon_core.environment:checking '/home/eeiww/ud90uhak/teleop_ws/src/install/teleop_moveit_config/lib/pkgconfig/teleop_moveit_config.pc'
[0.938s] Level 1:colcon.colcon_core.environment:checking '/home/eeiww/ud90uhak/teleop_ws/src/install/teleop_moveit_config/lib/python3.12/site-packages'
[0.939s] Level 1:colcon.colcon_core.environment:checking '/home/eeiww/ud90uhak/teleop_ws/src/install/teleop_moveit_config/bin'
[0.939s] INFO:colcon.colcon_core.shell:Creating package script '/home/eeiww/ud90uhak/teleop_ws/src/install/teleop_moveit_config/share/teleop_moveit_config/package.ps1'
[0.942s] INFO:colcon.colcon_core.shell:Creating package descriptor '/home/eeiww/ud90uhak/teleop_ws/src/install/teleop_moveit_config/share/teleop_moveit_config/package.dsv'
[0.945s] INFO:colcon.colcon_core.shell:Creating package script '/home/eeiww/ud90uhak/teleop_ws/src/install/teleop_moveit_config/share/teleop_moveit_config/package.sh'
[0.948s] INFO:colcon.colcon_core.shell:Creating package script '/home/eeiww/ud90uhak/teleop_ws/src/install/teleop_moveit_config/share/teleop_moveit_config/package.bash'
[0.950s] INFO:colcon.colcon_core.shell:Creating package script '/home/eeiww/ud90uhak/teleop_ws/src/install/teleop_moveit_config/share/teleop_moveit_config/package.zsh'
[0.953s] Level 1:colcon.colcon_core.environment:create_file_with_runtime_dependencies(/home/eeiww/ud90uhak/teleop_ws/src/install/teleop_moveit_config/share/colcon-core/packages/teleop_moveit_config)
[1.444s] DEBUG:colcon.colcon_core.event_handler.log_command:Invoking command in '/home/eeiww/ud90uhak/teleop_ws/src/teleop_controller': DEBUGINFOD_URLS=https://debuginfod.ubuntu.com PYTHONPATH=/home/eeiww/ud90uhak/teleop_ws/src/build/teleop_controller/prefix_override:/usr/lib/python3/dist-packages/colcon_core/task/python/colcon_distutils_commands:/home/eeiww/ud90uhak/teleop_ws/src/install/teleop_controller/lib/python3.12/site-packages:${PYTHONPATH} /usr/bin/python3 -W ignore:setup.py install is deprecated -W ignore:easy_install command is deprecated setup.py egg_info --egg-base ../build/teleop_controller build --build-base /home/eeiww/ud90uhak/teleop_ws/src/build/teleop_controller/build install --record /home/eeiww/ud90uhak/teleop_ws/src/build/teleop_controller/install.log --single-version-externally-managed install_data
[2.305s] Level 1:colcon.colcon_core.environment:checking '/home/eeiww/ud90uhak/teleop_ws/src/install/teleop_controller' for CMake module files
[2.305s] DEBUG:colcon.colcon_core.event_handler.log_command:Invoked command in '/home/eeiww/ud90uhak/teleop_ws/src/teleop_controller' returned '0': DEBUGINFOD_URLS=https://debuginfod.ubuntu.com PYTHONPATH=/home/eeiww/ud90uhak/teleop_ws/src/build/teleop_controller/prefix_override:/usr/lib/python3/dist-packages/colcon_core/task/python/colcon_distutils_commands:/home/eeiww/ud90uhak/teleop_ws/src/install/teleop_controller/lib/python3.12/site-packages:${PYTHONPATH} /usr/bin/python3 -W ignore:setup.py install is deprecated -W ignore:easy_install command is deprecated setup.py egg_info --egg-base ../build/teleop_controller build --build-base /home/eeiww/ud90uhak/teleop_ws/src/build/teleop_controller/build install --record /home/eeiww/ud90uhak/teleop_ws/src/build/teleop_controller/install.log --single-version-externally-managed install_data
[2.308s] Level 1:colcon.colcon_core.environment:checking '/home/eeiww/ud90uhak/teleop_ws/src/install/teleop_controller' for CMake config files
[2.318s] Level 1:colcon.colcon_core.environment:checking '/home/eeiww/ud90uhak/teleop_ws/src/install/teleop_controller/lib'
[2.319s] Level 1:colcon.colcon_core.environment:checking '/home/eeiww/ud90uhak/teleop_ws/src/install/teleop_controller/bin'
[2.319s] Level 1:colcon.colcon_core.environment:checking '/home/eeiww/ud90uhak/teleop_ws/src/install/teleop_controller/lib/pkgconfig/teleop_controller.pc'
[2.319s] Level 1:colcon.colcon_core.environment:checking '/home/eeiww/ud90uhak/teleop_ws/src/install/teleop_controller/lib/python3.12/site-packages'
[2.320s] Level 1:colcon.colcon_core.shell:create_environment_hook('teleop_controller', 'pythonpath')
[2.321s] INFO:colcon.colcon_core.shell:Creating environment hook '/home/eeiww/ud90uhak/teleop_ws/src/install/teleop_controller/share/teleop_controller/hook/pythonpath.ps1'
[2.325s] INFO:colcon.colcon_core.shell:Creating environment descriptor '/home/eeiww/ud90uhak/teleop_ws/src/install/teleop_controller/share/teleop_controller/hook/pythonpath.dsv'
[2.329s] INFO:colcon.colcon_core.shell:Creating environment hook '/home/eeiww/ud90uhak/teleop_ws/src/install/teleop_controller/share/teleop_controller/hook/pythonpath.sh'
[2.333s] Level 1:colcon.colcon_core.environment:checking '/home/eeiww/ud90uhak/teleop_ws/src/install/teleop_controller/bin'
[2.333s] Level 1:colcon.colcon_core.environment:create_environment_scripts_only(teleop_controller)
[2.333s] INFO:colcon.colcon_core.shell:Creating package script '/home/eeiww/ud90uhak/teleop_ws/src/install/teleop_controller/share/teleop_controller/package.ps1'
[2.336s] INFO:colcon.colcon_core.shell:Creating package descriptor '/home/eeiww/ud90uhak/teleop_ws/src/install/teleop_controller/share/teleop_controller/package.dsv'
[2.339s] INFO:colcon.colcon_core.shell:Creating package script '/home/eeiww/ud90uhak/teleop_ws/src/install/teleop_controller/share/teleop_controller/package.sh'
[2.343s] INFO:colcon.colcon_core.shell:Creating package script '/home/eeiww/ud90uhak/teleop_ws/src/install/teleop_controller/share/teleop_controller/package.bash'
[2.346s] INFO:colcon.colcon_core.shell:Creating package script '/home/eeiww/ud90uhak/teleop_ws/src/install/teleop_controller/share/teleop_controller/package.zsh'
[2.349s] Level 1:colcon.colcon_core.environment:create_file_with_runtime_dependencies(/home/eeiww/ud90uhak/teleop_ws/src/install/teleop_controller/share/colcon-core/packages/teleop_controller)
[2.351s] DEBUG:colcon.colcon_parallel_executor.executor.parallel:closing loop
[2.351s] DEBUG:colcon.colcon_parallel_executor.executor.parallel:loop closed
[2.352s] DEBUG:colcon.colcon_parallel_executor.executor.parallel:run_until_complete finished with '0'
[2.352s] DEBUG:colcon.colcon_core.event_reactor:joining thread
[2.363s] INFO:colcon.colcon_core.plugin_system:Skipping extension 'colcon_notification.desktop_notification.terminal_notifier': Not used on non-Darwin systems
[2.363s] INFO:colcon.colcon_core.plugin_system:Skipping extension 'colcon_notification.desktop_notification.win32': Not used on non-Windows systems
[2.363s] INFO:colcon.colcon_notification.desktop_notification:Sending desktop notification using 'notify2'
[2.377s] DEBUG:colcon.colcon_core.event_reactor:joined thread
[2.377s] INFO:colcon.colcon_core.shell:Creating prefix script '/home/eeiww/ud90uhak/teleop_ws/src/install/local_setup.ps1'
[2.382s] INFO:colcon.colcon_core.shell:Creating prefix util module '/home/eeiww/ud90uhak/teleop_ws/src/install/_local_setup_util_ps1.py'
[2.386s] INFO:colcon.colcon_core.shell:Creating prefix chain script '/home/eeiww/ud90uhak/teleop_ws/src/install/setup.ps1'
[2.390s] INFO:colcon.colcon_core.shell:Creating prefix script '/home/eeiww/ud90uhak/teleop_ws/src/install/local_setup.sh'
[2.394s] INFO:colcon.colcon_core.shell:Creating prefix util module '/home/eeiww/ud90uhak/teleop_ws/src/install/_local_setup_util_sh.py'
[2.398s] INFO:colcon.colcon_core.shell:Creating prefix chain script '/home/eeiww/ud90uhak/teleop_ws/src/install/setup.sh'
[2.402s] INFO:colcon.colcon_core.shell:Creating prefix script '/home/eeiww/ud90uhak/teleop_ws/src/install/local_setup.bash'
[2.405s] INFO:colcon.colcon_core.shell:Creating prefix chain script '/home/eeiww/ud90uhak/teleop_ws/src/install/setup.bash'
[2.409s] INFO:colcon.colcon_core.shell:Creating prefix script '/home/eeiww/ud90uhak/teleop_ws/src/install/local_setup.zsh'
[2.413s] INFO:colcon.colcon_core.shell:Creating prefix chain script '/home/eeiww/ud90uhak/teleop_ws/src/install/setup.zsh'
