[0.064s] Invoking command in '/home/eeiww/ud90uhak/teleop_ws/src/build/teleop_description': CMAKE_PREFIX_PATH=${CMAKE_PREFIX_PATH}:/opt/ros/jazzy DEBUGINFOD_URLS=https://debuginfod.ubuntu.com /usr/bin/cmake --build /home/eeiww/ud90uhak/teleop_ws/src/build/teleop_description -- -j8 -l8
[0.328s] Invoked command in '/home/eeiww/ud90uhak/teleop_ws/src/build/teleop_description' returned '0': CMAKE_PREFIX_PATH=${CMAKE_PREFIX_PATH}:/opt/ros/jazzy DEBUGINFOD_URLS=https://debuginfod.ubuntu.com /usr/bin/cmake --build /home/eeiww/ud90uhak/teleop_ws/src/build/teleop_description -- -j8 -l8
[0.341s] Invoking command in '/home/eeiww/ud90uhak/teleop_ws/src/build/teleop_description': CMAKE_PREFIX_PATH=${CMAKE_PREFIX_PATH}:/opt/ros/jazzy DEBUGINFOD_URLS=https://debuginfod.ubuntu.com /usr/bin/cmake --install /home/eeiww/ud90uhak/teleop_ws/src/build/teleop_description
[0.625s] -- Install configuration: ""
[0.626s] -- Up-to-date: /home/eeiww/ud90uhak/teleop_ws/src/install/teleop_description/share/teleop_description/meshes
[0.626s] -- Up-to-date: /home/eeiww/ud90uhak/teleop_ws/src/install/teleop_description/share/teleop_description/meshes/link6.STL
[0.627s] -- Up-to-date: /home/eeiww/ud90uhak/teleop_ws/src/install/teleop_description/share/teleop_description/meshes/base_link.STL
[0.627s] -- Up-to-date: /home/eeiww/ud90uhak/teleop_ws/src/install/teleop_description/share/teleop_description/meshes/base.STL
[0.627s] -- Up-to-date: /home/eeiww/ud90uhak/teleop_ws/src/install/teleop_description/share/teleop_description/meshes/link5.STL
[0.628s] -- Up-to-date: /home/eeiww/ud90uhak/teleop_ws/src/install/teleop_description/share/teleop_description/meshes/link4.STL
[0.628s] -- Up-to-date: /home/eeiww/ud90uhak/teleop_ws/src/install/teleop_description/share/teleop_description/meshes/link3.STL
[0.628s] -- Up-to-date: /home/eeiww/ud90uhak/teleop_ws/src/install/teleop_description/share/teleop_description/meshes/gripper_base.STL
[0.628s] -- Up-to-date: /home/eeiww/ud90uhak/teleop_ws/src/install/teleop_description/share/teleop_description/meshes/link7.STL
[0.628s] -- Up-to-date: /home/eeiww/ud90uhak/teleop_ws/src/install/teleop_description/share/teleop_description/meshes/link8.STL
[0.628s] -- Up-to-date: /home/eeiww/ud90uhak/teleop_ws/src/install/teleop_description/share/teleop_description/meshes/link2.STL
[0.629s] -- Up-to-date: /home/eeiww/ud90uhak/teleop_ws/src/install/teleop_description/share/teleop_description/meshes/link1.STL
[0.629s] -- Up-to-date: /home/eeiww/ud90uhak/teleop_ws/src/install/teleop_description/share/teleop_description/urdf
[0.630s] -- Up-to-date: /home/eeiww/ud90uhak/teleop_ws/src/install/teleop_description/share/teleop_description/urdf/dual_robot.urdf.xacro
[0.630s] -- Up-to-date: /home/eeiww/ud90uhak/teleop_ws/src/install/teleop_description/share/teleop_description/urdf/teleop_description.xacro
[0.631s] -- Up-to-date: /home/eeiww/ud90uhak/teleop_ws/src/install/teleop_description/share/teleop_description/launch
[0.631s] -- Up-to-date: /home/eeiww/ud90uhak/teleop_ws/src/install/teleop_description/share/teleop_description/launch/visualize.launch.py
[0.631s] -- Up-to-date: /home/eeiww/ud90uhak/teleop_ws/src/install/teleop_description/share/teleop_description/rviz
[0.631s] -- Up-to-date: /home/eeiww/ud90uhak/teleop_ws/src/install/teleop_description/share/teleop_description/rviz/teleop.rviz
[0.631s] -- Up-to-date: /home/eeiww/ud90uhak/teleop_ws/src/install/teleop_description/share/ament_index/resource_index/package_run_dependencies/teleop_description
[0.631s] -- Up-to-date: /home/eeiww/ud90uhak/teleop_ws/src/install/teleop_description/share/ament_index/resource_index/parent_prefix_path/teleop_description
[0.631s] -- Up-to-date: /home/eeiww/ud90uhak/teleop_ws/src/install/teleop_description/share/teleop_description/environment/ament_prefix_path.sh
[0.632s] -- Up-to-date: /home/eeiww/ud90uhak/teleop_ws/src/install/teleop_description/share/teleop_description/environment/ament_prefix_path.dsv
[0.633s] -- Up-to-date: /home/eeiww/ud90uhak/teleop_ws/src/install/teleop_description/share/teleop_description/environment/path.sh
[0.634s] -- Up-to-date: /home/eeiww/ud90uhak/teleop_ws/src/install/teleop_description/share/teleop_description/environment/path.dsv
[0.635s] -- Up-to-date: /home/eeiww/ud90uhak/teleop_ws/src/install/teleop_description/share/teleop_description/local_setup.bash
[0.636s] -- Up-to-date: /home/eeiww/ud90uhak/teleop_ws/src/install/teleop_description/share/teleop_description/local_setup.sh
[0.637s] -- Up-to-date: /home/eeiww/ud90uhak/teleop_ws/src/install/teleop_description/share/teleop_description/local_setup.zsh
[0.637s] -- Up-to-date: /home/eeiww/ud90uhak/teleop_ws/src/install/teleop_description/share/teleop_description/local_setup.dsv
[0.637s] -- Installing: /home/eeiww/ud90uhak/teleop_ws/src/install/teleop_description/share/teleop_description/package.dsv
[0.637s] -- Up-to-date: /home/eeiww/ud90uhak/teleop_ws/src/install/teleop_description/share/ament_index/resource_index/packages/teleop_description
[0.637s] -- Up-to-date: /home/eeiww/ud90uhak/teleop_ws/src/install/teleop_description/share/teleop_description/cmake/teleop_descriptionConfig.cmake
[0.637s] -- Up-to-date: /home/eeiww/ud90uhak/teleop_ws/src/install/teleop_description/share/teleop_description/cmake/teleop_descriptionConfig-version.cmake
[0.637s] -- Up-to-date: /home/eeiww/ud90uhak/teleop_ws/src/install/teleop_description/share/teleop_description/package.xml
[0.637s] Invoked command in '/home/eeiww/ud90uhak/teleop_ws/src/build/teleop_description' returned '0': CMAKE_PREFIX_PATH=${CMAKE_PREFIX_PATH}:/opt/ros/jazzy DEBUGINFOD_URLS=https://debuginfod.ubuntu.com /usr/bin/cmake --install /home/eeiww/ud90uhak/teleop_ws/src/build/teleop_description
