[0.025s] Invoking command in '/home/eeiww/ud90uhak/teleop_ws/src/build/teleop_moveit_config': CMAKE_PREFIX_PATH=/home/eeiww/ud90uhak/teleop_ws/src/install/teleop_description:/home/eeiww/ud90uhak/teleop_ws/src/install/teleop_moveit_config:/opt/ros/jazzy/opt/gz_sim_vendor:/opt/ros/jazzy/opt/gz_sensors_vendor:/opt/ros/jazzy/opt/gz_physics_vendor:/opt/ros/jazzy/opt/sdformat_vendor:/opt/ros/jazzy/opt/gz_gui_vendor:/opt/ros/jazzy/opt/gz_transport_vendor:/opt/ros/jazzy/opt/gz_rendering_vendor:/opt/ros/jazzy/opt/gz_plugin_vendor:/opt/ros/jazzy/opt/gz_fuel_tools_vendor:/opt/ros/jazzy/opt/gz_msgs_vendor:/opt/ros/jazzy/opt/gz_common_vendor:/opt/ros/jazzy/opt/gz_math_vendor:/opt/ros/jazzy/opt/gz_utils_vendor:/opt/ros/jazzy/opt/gz_tools_vendor:/opt/ros/jazzy/opt/gz_ogre_next_vendor:/opt/ros/jazzy/opt/gz_dartsim_vendor:/opt/ros/jazzy/opt/gz_cmake_vendor:/home/eeiww/ud90uhak/teleop_ws/src/install/teleop_controller:/opt/ros/jazzy DEBUGINFOD_URLS=https://debuginfod.ubuntu.com /usr/bin/cmake --build /home/eeiww/ud90uhak/teleop_ws/src/build/teleop_moveit_config -- -j8 -l8
[0.056s] Invoked command in '/home/eeiww/ud90uhak/teleop_ws/src/build/teleop_moveit_config' returned '0': CMAKE_PREFIX_PATH=/home/eeiww/ud90uhak/teleop_ws/src/install/teleop_description:/home/eeiww/ud90uhak/teleop_ws/src/install/teleop_moveit_config:/opt/ros/jazzy/opt/gz_sim_vendor:/opt/ros/jazzy/opt/gz_sensors_vendor:/opt/ros/jazzy/opt/gz_physics_vendor:/opt/ros/jazzy/opt/sdformat_vendor:/opt/ros/jazzy/opt/gz_gui_vendor:/opt/ros/jazzy/opt/gz_transport_vendor:/opt/ros/jazzy/opt/gz_rendering_vendor:/opt/ros/jazzy/opt/gz_plugin_vendor:/opt/ros/jazzy/opt/gz_fuel_tools_vendor:/opt/ros/jazzy/opt/gz_msgs_vendor:/opt/ros/jazzy/opt/gz_common_vendor:/opt/ros/jazzy/opt/gz_math_vendor:/opt/ros/jazzy/opt/gz_utils_vendor:/opt/ros/jazzy/opt/gz_tools_vendor:/opt/ros/jazzy/opt/gz_ogre_next_vendor:/opt/ros/jazzy/opt/gz_dartsim_vendor:/opt/ros/jazzy/opt/gz_cmake_vendor:/home/eeiww/ud90uhak/teleop_ws/src/install/teleop_controller:/opt/ros/jazzy DEBUGINFOD_URLS=https://debuginfod.ubuntu.com /usr/bin/cmake --build /home/eeiww/ud90uhak/teleop_ws/src/build/teleop_moveit_config -- -j8 -l8
[0.058s] Invoking command in '/home/eeiww/ud90uhak/teleop_ws/src/build/teleop_moveit_config': CMAKE_PREFIX_PATH=/home/eeiww/ud90uhak/teleop_ws/src/install/teleop_description:/home/eeiww/ud90uhak/teleop_ws/src/install/teleop_moveit_config:/opt/ros/jazzy/opt/gz_sim_vendor:/opt/ros/jazzy/opt/gz_sensors_vendor:/opt/ros/jazzy/opt/gz_physics_vendor:/opt/ros/jazzy/opt/sdformat_vendor:/opt/ros/jazzy/opt/gz_gui_vendor:/opt/ros/jazzy/opt/gz_transport_vendor:/opt/ros/jazzy/opt/gz_rendering_vendor:/opt/ros/jazzy/opt/gz_plugin_vendor:/opt/ros/jazzy/opt/gz_fuel_tools_vendor:/opt/ros/jazzy/opt/gz_msgs_vendor:/opt/ros/jazzy/opt/gz_common_vendor:/opt/ros/jazzy/opt/gz_math_vendor:/opt/ros/jazzy/opt/gz_utils_vendor:/opt/ros/jazzy/opt/gz_tools_vendor:/opt/ros/jazzy/opt/gz_ogre_next_vendor:/opt/ros/jazzy/opt/gz_dartsim_vendor:/opt/ros/jazzy/opt/gz_cmake_vendor:/home/eeiww/ud90uhak/teleop_ws/src/install/teleop_controller:/opt/ros/jazzy DEBUGINFOD_URLS=https://debuginfod.ubuntu.com /usr/bin/cmake --install /home/eeiww/ud90uhak/teleop_ws/src/build/teleop_moveit_config
[0.068s] -- Install configuration: ""
[0.068s] -- Up-to-date: /home/eeiww/ud90uhak/teleop_ws/src/install/teleop_moveit_config/share/teleop_moveit_config/config
[0.070s] -- Up-to-date: /home/eeiww/ud90uhak/teleop_ws/src/install/teleop_moveit_config/share/teleop_moveit_config/config/moveit_controllers.yaml
[0.071s] -- Up-to-date: /home/eeiww/ud90uhak/teleop_ws/src/install/teleop_moveit_config/share/teleop_moveit_config/config/joint_limits.yaml
[0.072s] -- Up-to-date: /home/eeiww/ud90uhak/teleop_ws/src/install/teleop_moveit_config/share/teleop_moveit_config/config/teleop.srdf
[0.074s] -- Up-to-date: /home/eeiww/ud90uhak/teleop_ws/src/install/teleop_moveit_config/share/teleop_moveit_config/config/kinematics.yaml
[0.074s] -- Up-to-date: /home/eeiww/ud90uhak/teleop_ws/src/install/teleop_moveit_config/share/teleop_moveit_config/launch
[0.076s] -- Up-to-date: /home/eeiww/ud90uhak/teleop_ws/src/install/teleop_moveit_config/share/teleop_moveit_config/launch/teleop_demo.launch.py
[0.077s] -- Up-to-date: /home/eeiww/ud90uhak/teleop_ws/src/install/teleop_moveit_config/share/ament_index/resource_index/package_run_dependencies/teleop_moveit_config
[0.078s] -- Up-to-date: /home/eeiww/ud90uhak/teleop_ws/src/install/teleop_moveit_config/share/ament_index/resource_index/parent_prefix_path/teleop_moveit_config
[0.080s] -- Up-to-date: /home/eeiww/ud90uhak/teleop_ws/src/install/teleop_moveit_config/share/teleop_moveit_config/environment/ament_prefix_path.sh
[0.081s] -- Up-to-date: /home/eeiww/ud90uhak/teleop_ws/src/install/teleop_moveit_config/share/teleop_moveit_config/environment/ament_prefix_path.dsv
[0.082s] -- Up-to-date: /home/eeiww/ud90uhak/teleop_ws/src/install/teleop_moveit_config/share/teleop_moveit_config/environment/path.sh
[0.083s] -- Up-to-date: /home/eeiww/ud90uhak/teleop_ws/src/install/teleop_moveit_config/share/teleop_moveit_config/environment/path.dsv
[0.084s] -- Up-to-date: /home/eeiww/ud90uhak/teleop_ws/src/install/teleop_moveit_config/share/teleop_moveit_config/local_setup.bash
[0.085s] -- Up-to-date: /home/eeiww/ud90uhak/teleop_ws/src/install/teleop_moveit_config/share/teleop_moveit_config/local_setup.sh
[0.086s] -- Up-to-date: /home/eeiww/ud90uhak/teleop_ws/src/install/teleop_moveit_config/share/teleop_moveit_config/local_setup.zsh
[0.086s] -- Up-to-date: /home/eeiww/ud90uhak/teleop_ws/src/install/teleop_moveit_config/share/teleop_moveit_config/local_setup.dsv
[0.088s] -- Installing: /home/eeiww/ud90uhak/teleop_ws/src/install/teleop_moveit_config/share/teleop_moveit_config/package.dsv
[0.093s] -- Up-to-date: /home/eeiww/ud90uhak/teleop_ws/src/install/teleop_moveit_config/share/ament_index/resource_index/packages/teleop_moveit_config
[0.094s] -- Up-to-date: /home/eeiww/ud90uhak/teleop_ws/src/install/teleop_moveit_config/share/teleop_moveit_config/cmake/teleop_moveit_configConfig.cmake
[0.095s] -- Up-to-date: /home/eeiww/ud90uhak/teleop_ws/src/install/teleop_moveit_config/share/teleop_moveit_config/cmake/teleop_moveit_configConfig-version.cmake
[0.096s] -- Up-to-date: /home/eeiww/ud90uhak/teleop_ws/src/install/teleop_moveit_config/share/teleop_moveit_config/package.xml
[0.100s] Invoked command in '/home/eeiww/ud90uhak/teleop_ws/src/build/teleop_moveit_config' returned '0': CMAKE_PREFIX_PATH=/home/eeiww/ud90uhak/teleop_ws/src/install/teleop_description:/home/eeiww/ud90uhak/teleop_ws/src/install/teleop_moveit_config:/opt/ros/jazzy/opt/gz_sim_vendor:/opt/ros/jazzy/opt/gz_sensors_vendor:/opt/ros/jazzy/opt/gz_physics_vendor:/opt/ros/jazzy/opt/sdformat_vendor:/opt/ros/jazzy/opt/gz_gui_vendor:/opt/ros/jazzy/opt/gz_transport_vendor:/opt/ros/jazzy/opt/gz_rendering_vendor:/opt/ros/jazzy/opt/gz_plugin_vendor:/opt/ros/jazzy/opt/gz_fuel_tools_vendor:/opt/ros/jazzy/opt/gz_msgs_vendor:/opt/ros/jazzy/opt/gz_common_vendor:/opt/ros/jazzy/opt/gz_math_vendor:/opt/ros/jazzy/opt/gz_utils_vendor:/opt/ros/jazzy/opt/gz_tools_vendor:/opt/ros/jazzy/opt/gz_ogre_next_vendor:/opt/ros/jazzy/opt/gz_dartsim_vendor:/opt/ros/jazzy/opt/gz_cmake_vendor:/home/eeiww/ud90uhak/teleop_ws/src/install/teleop_controller:/opt/ros/jazzy DEBUGINFOD_URLS=https://debuginfod.ubuntu.com /usr/bin/cmake --install /home/eeiww/ud90uhak/teleop_ws/src/build/teleop_moveit_config
