running egg_info
writing ../build/teleop_vision/teleop_vision.egg-info/PKG-INFO
writing dependency_links to ../build/teleop_vision/teleop_vision.egg-info/dependency_links.txt
writing requirements to ../build/teleop_vision/teleop_vision.egg-info/requires.txt
writing top-level names to ../build/teleop_vision/teleop_vision.egg-info/top_level.txt
reading manifest file '../build/teleop_vision/teleop_vision.egg-info/SOURCES.txt'
writing manifest file '../build/teleop_vision/teleop_vision.egg-info/SOURCES.txt'
running build
running build_py
copying teleop_vision/__init__.py -> /home/eeiww/ud90uhak/teleop_ws/src/build/teleop_vision/build/lib/teleop_vision
copying teleop_vision/vision_node.py -> /home/eeiww/ud90uhak/teleop_ws/src/build/teleop_vision/build/lib/teleop_vision
creating /home/eeiww/ud90uhak/teleop_ws/src/build/teleop_vision/build/lib/Detector_Modules
copying Detector_Modules/__init__.py -> /home/eeiww/ud90uhak/teleop_ws/src/build/teleop_vision/build/lib/Detector_Modules
copying Detector_Modules/PoseDetectorModule.py -> /home/eeiww/ud90uhak/teleop_ws/src/build/teleop_vision/build/lib/Detector_Modules
copying Detector_Modules/HandDetectorModule.py -> /home/eeiww/ud90uhak/teleop_ws/src/build/teleop_vision/build/lib/Detector_Modules
creating /home/eeiww/ud90uhak/teleop_ws/src/build/teleop_vision/build/lib/robo_pub
copying robo_pub/__init__.py -> /home/eeiww/ud90uhak/teleop_ws/src/build/teleop_vision/build/lib/robo_pub
copying robo_pub/ros_publisher.py -> /home/eeiww/ud90uhak/teleop_ws/src/build/teleop_vision/build/lib/robo_pub
running install
running install_lib
copying /home/eeiww/ud90uhak/teleop_ws/src/build/teleop_vision/build/lib/teleop_vision/__init__.py -> /home/eeiww/ud90uhak/teleop_ws/src/install/teleop_vision/lib/python3.12/site-packages/teleop_vision
copying /home/eeiww/ud90uhak/teleop_ws/src/build/teleop_vision/build/lib/teleop_vision/vision_node.py -> /home/eeiww/ud90uhak/teleop_ws/src/install/teleop_vision/lib/python3.12/site-packages/teleop_vision
creating /home/eeiww/ud90uhak/teleop_ws/src/install/teleop_vision/lib/python3.12/site-packages/Detector_Modules
copying /home/eeiww/ud90uhak/teleop_ws/src/build/teleop_vision/build/lib/Detector_Modules/__init__.py -> /home/eeiww/ud90uhak/teleop_ws/src/install/teleop_vision/lib/python3.12/site-packages/Detector_Modules
copying /home/eeiww/ud90uhak/teleop_ws/src/build/teleop_vision/build/lib/Detector_Modules/PoseDetectorModule.py -> /home/eeiww/ud90uhak/teleop_ws/src/install/teleop_vision/lib/python3.12/site-packages/Detector_Modules
copying /home/eeiww/ud90uhak/teleop_ws/src/build/teleop_vision/build/lib/Detector_Modules/HandDetectorModule.py -> /home/eeiww/ud90uhak/teleop_ws/src/install/teleop_vision/lib/python3.12/site-packages/Detector_Modules
creating /home/eeiww/ud90uhak/teleop_ws/src/install/teleop_vision/lib/python3.12/site-packages/robo_pub
copying /home/eeiww/ud90uhak/teleop_ws/src/build/teleop_vision/build/lib/robo_pub/__init__.py -> /home/eeiww/ud90uhak/teleop_ws/src/install/teleop_vision/lib/python3.12/site-packages/robo_pub
copying /home/eeiww/ud90uhak/teleop_ws/src/build/teleop_vision/build/lib/robo_pub/ros_publisher.py -> /home/eeiww/ud90uhak/teleop_ws/src/install/teleop_vision/lib/python3.12/site-packages/robo_pub
byte-compiling /home/eeiww/ud90uhak/teleop_ws/src/install/teleop_vision/lib/python3.12/site-packages/teleop_vision/__init__.py to __init__.cpython-312.pyc
byte-compiling /home/eeiww/ud90uhak/teleop_ws/src/install/teleop_vision/lib/python3.12/site-packages/teleop_vision/vision_node.py to vision_node.cpython-312.pyc
byte-compiling /home/eeiww/ud90uhak/teleop_ws/src/install/teleop_vision/lib/python3.12/site-packages/Detector_Modules/__init__.py to __init__.cpython-312.pyc
byte-compiling /home/eeiww/ud90uhak/teleop_ws/src/install/teleop_vision/lib/python3.12/site-packages/Detector_Modules/PoseDetectorModule.py to PoseDetectorModule.cpython-312.pyc
byte-compiling /home/eeiww/ud90uhak/teleop_ws/src/install/teleop_vision/lib/python3.12/site-packages/Detector_Modules/HandDetectorModule.py to HandDetectorModule.cpython-312.pyc
byte-compiling /home/eeiww/ud90uhak/teleop_ws/src/install/teleop_vision/lib/python3.12/site-packages/robo_pub/__init__.py to __init__.cpython-312.pyc
byte-compiling /home/eeiww/ud90uhak/teleop_ws/src/install/teleop_vision/lib/python3.12/site-packages/robo_pub/ros_publisher.py to ros_publisher.cpython-312.pyc
running install_data
copying package.xml -> /home/eeiww/ud90uhak/teleop_ws/src/install/teleop_vision/share/teleop_vision
running install_egg_info
removing '/home/eeiww/ud90uhak/teleop_ws/src/install/teleop_vision/lib/python3.12/site-packages/teleop_vision-0.0.0-py3.12.egg-info' (and everything under it)
Copying ../build/teleop_vision/teleop_vision.egg-info to /home/eeiww/ud90uhak/teleop_ws/src/install/teleop_vision/lib/python3.12/site-packages/teleop_vision-0.0.0-py3.12.egg-info
running install_scripts
writing list of installed files to '/home/eeiww/ud90uhak/teleop_ws/src/build/teleop_vision/install.log'
